<?xml version="1.0" encoding="UTF-8"?>
<!-- Generated by org.testng.reporters.JUnitXMLReporter -->
<testsuite hostname="yuri-PC" name="Broadcaster - Pull input stream creation test - adaptive group test second stream adaptive HLS" tests="1" failures="0" timestamp="3 Jan 2017 20:26:59 GMT" time="0.585" errors="0">
  <testcase name="broadcasterPullInCreation" time="0.516" classname="com.zixi.testing.BroadcasterSinglePullInStreamCreationTest"/>
</testsuite> <!-- Broadcaster - Pull input stream creation test - adaptive group test second stream adaptive HLS -->
