<?xml version="1.0" encoding="UTF-8"?>
<!-- Generated by org.testng.reporters.JUnitXMLReporter -->
<testsuite hostname="yuri-PC" name="Broadcaster - Remove an input stream test - adaptive group test second stream adaptive HLS" tests="1" failures="0" timestamp="30 Apr 2018 03:16:12 GMT" time="8.968" errors="0">
  <testcase name="broadcasterInputStreamDeletion" time="8.846" classname="com.zixi.testing.BroadcasterSingleInputStreamDeletionTest"/>
</testsuite> <!-- Broadcaster - Remove an input stream test - adaptive group test second stream adaptive HLS -->
