<?xml version="1.0" encoding="UTF-8"?>
<!-- Generated by org.testng.reporters.JUnitXMLReporter -->
<testsuite hostname="yuri-PC" name="Broadcaster - Push input stream creation test - Encryption AES 256 FFMPEG analyser" tests="1" failures="0" timestamp="7 Nov 2016 12:35:27 GMT" time="0.851" errors="0">
  <testcase name="broadcasterSingleStreamRemoving" time="0.762" classname="com.zixi.testing.BroadcasterPushInStreamCreationTest"/>
</testsuite> <!-- Broadcaster - Push input stream creation test - Encryption AES 256 FFMPEG analyser -->
