<?xml version="1.0" encoding="UTF-8"?>
<!-- Generated by org.testng.reporters.JUnitXMLReporter -->
<testsuite hostname="yuri-PC" name="Broadcaster - Push from Feeder input stream statistics negative test - Encryption AES 128 FFMPEG analyser" tests="1" failures="0" timestamp="19 May 2016 09:53:49 GMT" time="145.519" errors="0">
  <testcase name="broadcasterSingleInputStreamstatisticAnilyzer" time="145.443" classname="com.zixi.testing.BroadcasterInputStatisticSingleStreamTest"/>
</testsuite> <!-- Broadcaster - Push from Feeder input stream statistics negative test - Encryption AES 128 FFMPEG analyser -->
