<?xml version="1.0" encoding="UTF-8"?>
<!-- Generated by org.testng.reporters.JUnitXMLReporter -->
<testsuite hostname="yuri-PC" name="Broadcaster - Remove Push input stream - Encryption auto FFMPEG analyser" tests="1" failures="0" timestamp="15 Jun 2016 11:24:31 GMT" time="0.569" errors="0">
  <testcase name="broadcasterInputStreamDeletion" time="0.506" classname="com.zixi.testing.BroadcasterSingleInputStreamDeletionTest"/>
</testsuite> <!-- Broadcaster - Remove Push input stream - Encryption auto FFMPEG analyser -->
