<?xml version="1.0" encoding="UTF-8"?>
<!-- Generated by org.testng.reporters.JUnitXMLReporter -->
<testsuite hostname="yuri-PC" name="Broadcaster - Push from Feeder input stream statistics negative test - Encryption AES 128 FFMPEG analyser" tests="1" failures="0" timestamp="15 Jun 2016 11:26:57 GMT" time="145.662" errors="0">
  <testcase name="broadcasterSingleInputStreamstatisticAnilyzer" time="145.551" classname="com.zixi.testing.BroadcasterInputStatisticSingleStreamTest"/>
</testsuite> <!-- Broadcaster - Push from Feeder input stream statistics negative test - Encryption AES 128 FFMPEG analyser -->
