<?xml version="1.0" encoding="UTF-8"?>
<!-- Generated by org.testng.reporters.JUnitXMLReporter -->
<testsuite hostname="yuri-PC" name="Broadcaster - Push input stream creation negative test - Encryption AES 192 FFMPEG analyser" tests="1" failures="0" timestamp="15 Jun 2016 11:30:20 GMT" time="0.566" errors="0">
  <testcase name="broadcasterSingleStreamRemoving" time="0.501" classname="com.zixi.testing.BroadcasterPushInStreamCreationTest"/>
</testsuite> <!-- Broadcaster - Push input stream creation negative test - Encryption AES 192 FFMPEG analyser -->
