<?xml version="1.0" encoding="UTF-8"?>
<!-- Generated by org.testng.reporters.JUnitXMLReporter -->
<testsuite hostname="yuri-PC" name="Broadcaster - Push input stream creation negative test - Encryption AES 128 FFMPEG analyser" tests="1" failures="0" timestamp="3 Jan 2016 16:07:57 GMT" time="0.085" errors="0">
  <testcase name="broadcasterSingleStreamRemoving" time="0.028" classname="com.zixi.testing.BroadcasterPushInStreamCreationTest"/>
</testsuite> <!-- Broadcaster - Push input stream creation negative test - Encryption AES 128 FFMPEG analyser -->
