<?xml version="1.0" encoding="UTF-8"?>
<!-- Generated by org.testng.reporters.JUnitXMLReporter -->
<testsuite hostname="yuri-PC" name="Broadcaster - Remove Push input stream - Encryption AES 192 FFMPEG analyser" tests="1" failures="0" timestamp="6 Nov 2017 14:48:27 GMT" time="0.562" errors="0">
  <testcase name="broadcasterInputStreamDeletion" time="0.468" classname="com.zixi.testing.BroadcasterSingleInputStreamDeletionTest"/>
</testsuite> <!-- Broadcaster - Remove Push input stream - Encryption AES 192 FFMPEG analyser -->
