<?xml version="1.0" encoding="UTF-8"?>
<!-- Generated by org.testng.reporters.JUnitXMLReporter -->
<testsuite hostname="yuri-PC" name="Broadcaster - Push from Feeder input stream statistics test - Encryption auto FFMPEG analyser" tests="1" failures="0" timestamp="7 Nov 2016 12:41:12 GMT" time="71.039" errors="0">
  <testcase name="broadcasterSingleInputStreamStatisticAnilyzer" time="70.964" classname="com.zixi.testing.BroadcasterInputStatisticSingleStreamTest"/>
</testsuite> <!-- Broadcaster - Push from Feeder input stream statistics test - Encryption auto FFMPEG analyser -->
