<?xml version="1.0" encoding="UTF-8"?>
<!-- Generated by org.testng.reporters.JUnitXMLReporter -->
<testsuite hostname="yuri-PC" name="Broadcaster - Remove Push input stream - Encryption auto FFMPEG analyser" tests="1" failures="0" timestamp="5 Jan 2017 19:21:01 GMT" time="0.596" errors="0">
  <testcase name="broadcasterInputStreamDeletion" time="0.537" classname="com.zixi.testing.BroadcasterSingleInputStreamDeletionTest"/>
</testsuite> <!-- Broadcaster - Remove Push input stream - Encryption auto FFMPEG analyser -->
