<?xml version="1.0" encoding="UTF-8"?>
<!-- Generated by org.testng.reporters.JUnitXMLReporter -->
<testsuite hostname="yuri-PC" name="Broadcaster - UDP output stream creation default parameters Push input FFMPEG analyser" tests="1" failures="0" timestamp="22 Dec 2016 13:21:59 GMT" time="0.576" errors="0">
  <testcase name="broadcasterPullInCreation" time="0.497" classname="com.zixi.testing.BroadcasterUDPOutputStreamCreationTest"/>
</testsuite> <!-- Broadcaster - UDP output stream creation default parameters Push input FFMPEG analyser -->
