<?xml version="1.0" encoding="UTF-8"?>
<!-- Generated by org.testng.reporters.JUnitXMLReporter -->
<testsuite hostname="yuri-PC" name="Broadcaster - Remove Push input stream - Encryption AES 128 FFMPEG analyser" tests="1" failures="0" timestamp="26 Dec 2016 12:17:40 GMT" time="0.597" errors="0">
  <testcase name="broadcasterInputStreamDeletion" time="0.52" classname="com.zixi.testing.BroadcasterSingleInputStreamDeletionTest"/>
</testsuite> <!-- Broadcaster - Remove Push input stream - Encryption AES 128 FFMPEG analyser -->
