<?xml version="1.0" encoding="UTF-8"?>
<!-- Generated by org.testng.reporters.JUnitXMLReporter -->
<testsuite hostname="yuri-PC" name="Feeder - push to broadcaster negative test - Encryption AES 192 FFMPEG analyser" tests="1" failures="0" timestamp="16 May 2016 17:59:08 GMT" time="0.068" errors="0">
  <testcase name="feederOutputToBxTest" time="0.008" classname="com.zixi.testing.FeederOutputPushToBxTest"/>
</testsuite> <!-- Feeder - push to broadcaster negative test - Encryption AES 192 FFMPEG analyser -->
