<?xml version="1.0" encoding="UTF-8"?>
<!-- Generated by org.testng.reporters.JUnitXMLReporter -->
<testsuite hostname="yuri-PC" name="Feeder - output stream deletion test - Encryption AES 128 FFMPEG analyser" tests="1" failures="0" timestamp="7 Apr 2016 13:54:44 GMT" time="0.079" errors="0">
  <testcase name="broadcasterSingleStreamRemoving" time="0.01" classname="com.zixi.testing.FeederOutputDeletioinTest"/>
</testsuite> <!-- Feeder - output stream deletion test - Encryption AES 128 FFMPEG analyser -->
