<?xml version="1.0" encoding="UTF-8"?>
<!-- Generated by org.testng.reporters.JUnitXMLReporter -->
<testsuite hostname="yuri-PC" name="Feeder - output stream deletion test - Encryption AES 192 FFMPEG analyser" tests="1" failures="0" timestamp="7 Apr 2016 14:00:29 GMT" time="0.084" errors="0">
  <testcase name="broadcasterSingleStreamRemoving" time="0.006" classname="com.zixi.testing.FeederOutputDeletioinTest"/>
</testsuite> <!-- Feeder - output stream deletion test - Encryption AES 192 FFMPEG analyser -->
