<?xml version="1.0" encoding="UTF-8"?>
<!-- Generated by org.testng.reporters.JUnitXMLReporter -->
<testsuite hostname="yuri-PC" name="Feeder - output stream deletion test - Encryption AES 256 FFMPEG analyser" tests="1" failures="0" timestamp="22 Jun 2016 11:29:24 GMT" time="0.075" errors="0">
  <testcase name="broadcasterSingleStreamRemoving" time="0.005" classname="com.zixi.testing.FeederOutputDeletioinTest"/>
</testsuite> <!-- Feeder - output stream deletion test - Encryption AES 256 FFMPEG analyser -->
