<?xml version="1.0" encoding="UTF-8"?>
<!-- Generated by org.testng.reporters.JUnitXMLReporter -->
<testsuite hostname="yuri-PC" name="FFMPEG test Encryption AES 192 FFMPEG analyser negative test" tests="1" failures="0" timestamp="7 Apr 2016 14:23:36 GMT" time="201.283" errors="0">
  <testcase name="broadcasterSingleInputStreamStatisticAnilyzer" time="201.208" classname="com.zixi.testing.FFMPEGImageStatisticNegativeTest"/>
</testsuite> <!-- FFMPEG test Encryption AES 192 FFMPEG analyser negative test -->
