<?xml version="1.0" encoding="UTF-8"?>
<!-- Generated by org.testng.reporters.JUnitXMLReporter -->
<testsuite hostname="yuri-PC" name="Receiver: UDP out deletion Encryption AES 192 FFMPEG analyser negative test " tests="1" failures="0" timestamp="7 Nov 2016 12:53:42 GMT" time="0.099" errors="0">
  <testcase name="receiverDeleteOutputStreamTest" time="0.011" classname="com.zixi.testing.ReceiverOutputStreamDeletionTest"/>
</testsuite> <!-- Receiver: UDP out deletion Encryption AES 192 FFMPEG analyser negative test  -->
