<?xml version="1.0" encoding="UTF-8"?>
<!-- Generated by org.testng.reporters.JUnitXMLReporter -->
<testsuite hostname="yuri-PC" name="Receiver - pull input stream creation - Encryption auto FFMPEG analyser" tests="1" failures="0" timestamp="3 Jan 2016 16:01:12 GMT" time="0.061" errors="0">
  <testcase name="feederOutputToBxTest" time="0.005" classname="com.zixi.testing.ReceiverPullInputStreamCreationTest"/>
</testsuite> <!-- Receiver - pull input stream creation - Encryption auto FFMPEG analyser -->
