<?xml version="1.0" encoding="UTF-8"?>
<!-- Generated by org.testng.reporters.JUnitXMLReporter -->
<testsuite hostname="yuri-PC" name="Receiver - pull input stream creation - Encryption AES 192 FFMPEG analyser" tests="1" failures="0" timestamp="3 Jan 2016 15:47:42 GMT" time="0.078" errors="0">
  <testcase name="feederOutputToBxTest" time="0.009" classname="com.zixi.testing.ReceiverPullInputStreamCreationTest"/>
</testsuite> <!-- Receiver - pull input stream creation - Encryption AES 192 FFMPEG analyser -->
