<?xml version="1.0" encoding="UTF-8"?>
<!-- Generated by org.testng.reporters.JUnitXMLReporter -->
<testsuite hostname="yuri-PC" name="Receiver - Pull input stream statistic - Encryption AES 128 FFMPEG analyser" tests="1" failures="0" timestamp="25 Nov 2015 18:41:45 GMT" time="70.11" errors="0">
  <testcase name="receiverInputStatistic" time="70.061" classname="com.zixi.testing.ReceiverInputStatisticTest"/>
</testsuite> <!-- Receiver - Pull input stream statistic - Encryption AES 128 FFMPEG analyser -->
