<?xml version="1.0" encoding="UTF-8"?>
<!-- Generated by org.testng.reporters.JUnitXMLReporter -->
<testsuite hostname="yuri-PC" name="Receiver - pull input stream creation - Encryption auto FFMPEG analyser" tests="1" failures="0" timestamp="16 May 2016 17:50:26 GMT" time="0.066" errors="0">
  <testcase name="feederOutputToBxTest" time="0.005" classname="com.zixi.testing.ReceiverPullInputStreamCreationTest"/>
</testsuite> <!-- Receiver - pull input stream creation - Encryption auto FFMPEG analyser -->
