<?xml version="1.0" encoding="UTF-8"?>
<!-- Generated by org.testng.reporters.JUnitXMLReporter -->
<testsuite hostname="yuri-PC" name="Receiver - Remove Pull input stream - Encryption AES 128 FFMPEG analyser" tests="1" failures="0" timestamp="19 May 2016 10:25:06 GMT" time="0.067" errors="0">
  <testcase name="feederOutputToBxTest" time="0.006" classname="com.zixi.testing.ReceiverPullInputStreamDeletionTest"/>
</testsuite> <!-- Receiver - Remove Pull input stream - Encryption AES 128 FFMPEG analyser -->
