<?xml version="1.0" encoding="UTF-8"?>
<!-- Generated by org.testng.reporters.JUnitXMLReporter -->
<testsuite hostname="yuri-PC" name="Receiver: UDP out deletion Encryption AES 192 FFMPEG analyser negative test " tests="1" failures="0" timestamp="7 Apr 2016 14:23:36 GMT" time="0.082" errors="0">
  <testcase name="receiverDeleteOutputStreamTest" time="0.008" classname="com.zixi.testing.ReceiverOutputStreamDeletionTest"/>
</testsuite> <!-- Receiver: UDP out deletion Encryption AES 192 FFMPEG analyser negative test  -->
