<?xml version="1.0" encoding="UTF-8"?>
<!-- Generated by org.testng.reporters.JUnitXMLReporter -->
<testsuite hostname="yuri-PC" name="Receiver - pull input stream creation - Encryption AES 256 FFMPEG analyser" tests="1" failures="0" timestamp="7 Nov 2016 12:35:27 GMT" time="0.066" errors="0">
  <testcase name="feederOutputToBxTest" time="0.004" classname="com.zixi.testing.ReceiverPullInputStreamCreationTest"/>
</testsuite> <!-- Receiver - pull input stream creation - Encryption AES 256 FFMPEG analyser -->
