<?xml version="1.0" encoding="UTF-8"?>
<!-- Generated by org.testng.reporters.JUnitXMLReporter -->
<testsuite hostname="yuri-PC" name="Receiver - Pull input stream statistic - Encryption AES 256 FFMPEG analyser" tests="1" failures="0" timestamp="4 Aug 2016 12:14:00 GMT" time="140.222" errors="0">
  <testcase name="receiverInputStatistic" time="140.139" classname="com.zixi.testing.ReceiverInputStatisticTest"/>
</testsuite> <!-- Receiver - Pull input stream statistic - Encryption AES 256 FFMPEG analyser -->
