<?xml version="1.0" encoding="UTF-8"?>
<!-- Generated by org.testng.reporters.JUnitXMLReporter -->
<testsuite hostname="yuri-PC" name="Receiver - pull input stream creation negative test - Encryption AES 192 FFMPEG analyser" tests="1" failures="0" timestamp="15 Jun 2016 11:30:20 GMT" time="0.069" errors="0">
  <testcase name="feederOutputToBxTest" time="0.007" classname="com.zixi.testing.ReceiverPullInputStreamCreationTest"/>
</testsuite> <!-- Receiver - pull input stream creation negative test - Encryption AES 192 FFMPEG analyser -->
