<?xml version="1.0" encoding="UTF-8"?>
<!-- Generated by org.testng.reporters.JUnitXMLReporter -->
<testsuite hostname="yuri-PC" name="Receiver - Pull input stream statistic - Encryption AES 128 FFMPEG analyser" tests="1" failures="0" timestamp="4 Aug 2016 12:04:18 GMT" time="140.245" errors="0">
  <testcase name="receiverInputStatistic" time="140.162" classname="com.zixi.testing.ReceiverInputStatisticTest"/>
</testsuite> <!-- Receiver - Pull input stream statistic - Encryption AES 128 FFMPEG analyser -->
