<?xml version="1.0" encoding="UTF-8"?>
<!-- Generated by org.testng.reporters.JUnitXMLReporter -->
<testsuite hostname="yuri-PC" name="Push from Feeder input stream statistics test - Encryption AES 256" tests="1" failures="0" timestamp="4 Nov 2015 19:32:32 GMT" time="125.252" errors="0">
  <testcase name="broadcasterSingleInputStreamstatisticAnilyzer" time="125.251" classname="com.zixi.testing.BroadcasterInputStatisticSingleStreamTest"/>
</testsuite> <!-- Push from Feeder input stream statistics test - Encryption AES 256 -->
