<?xml version="1.0" encoding="UTF-8"?>
<!-- Generated by org.testng.reporters.JUnitXMLReporter -->
<testsuite hostname="yuri-PC" name="Push input stream creation redundant broadcaster test - with redundant host" tests="1" failures="0" timestamp="4 Nov 2015 19:33:28 GMT" time="0.008" errors="0">
  <testcase name="broadcasterSingleStreamRemoving" time="0.007" classname="com.zixi.testing.BroadcasterPushInStreamCreationTest"/>
</testsuite> <!-- Push input stream creation redundant broadcaster test - with redundant host -->
