<?xml version="1.0" encoding="UTF-8"?>
<!-- Generated by org.testng.reporters.JUnitXMLReporter -->
<testsuite hostname="yuri-PC" name="Broadcaster - Remove Push input stream - feeder automatic RTMP output" tests="1" failures="0" timestamp="17 May 2016 13:37:36 GMT" time="0.085" errors="0">
  <testcase name="broadcasterInputStreamDeletion" time="0.007" classname="com.zixi.testing.BroadcasterSingleInputStreamDeletionTest"/>
</testsuite> <!-- Broadcaster - Remove Push input stream - feeder automatic RTMP output -->
