<?xml version="1.0" encoding="UTF-8"?>
<!-- Generated by org.testng.reporters.JUnitXMLReporter -->
<testsuite hostname="yuri-PC" name="Broadcaster - Push from Feeder input stream statistics test - Encryption AES 192 FFMPEG analyser FEC" tests="1" failures="0" timestamp="9 Feb 2016 13:12:13 GMT" time="145.309" errors="0">
  <testcase name="broadcasterSingleInputStreamstatisticAnilyzer" time="145.22" classname="com.zixi.testing.BroadcasterInputStatisticSingleStreamTest"/>
</testsuite> <!-- Broadcaster - Push from Feeder input stream statistics test - Encryption AES 192 FFMPEG analyser FEC -->
