<?xml version="1.0" encoding="UTF-8"?>
<!-- Generated by org.testng.reporters.JUnitXMLReporter -->
<testsuite hostname="yuri-PC" name="Broadcaster - Push input stream creation test - Encryption AES 128 FFMPEG analyser FEC" tests="1" failures="0" timestamp="20 Dec 2016 10:29:52 GMT" time="0.571" errors="0">
  <testcase name="broadcasterSingleStreamRemoving" time="0.495" classname="com.zixi.testing.BroadcasterPushInStreamCreationTest"/>
</testsuite> <!-- Broadcaster - Push input stream creation test - Encryption AES 128 FFMPEG analyser FEC -->
