<?xml version="1.0" encoding="UTF-8"?>
<!-- Generated by org.testng.reporters.JUnitXMLReporter -->
<testsuite hostname="yuri-PC" name="Feeder - output stream deletion test - Encryption AES 192 FFMPEG analyser FEC" tests="1" failures="0" timestamp="7 Apr 2016 11:46:34 GMT" time="0.074" errors="0">
  <testcase name="broadcasterSingleStreamRemoving" time="0.007" classname="com.zixi.testing.FeederOutputDeletioinTest"/>
</testsuite> <!-- Feeder - output stream deletion test - Encryption AES 192 FFMPEG analyser FEC -->
