<?xml version="1.0" encoding="UTF-8"?>
<!-- Generated by org.testng.reporters.JUnitXMLReporter -->
<testsuite hostname="yuri-PC" name="Feeder - output stream deletion test - Encryption auto FFMPEG analyser FEC" tests="1" failures="0" timestamp="9 Feb 2016 13:30:13 GMT" time="0.068" errors="0">
  <testcase name="broadcasterSingleStreamRemoving" time="0.01" classname="com.zixi.testing.FeederOutputDeletioinTest"/>
</testsuite> <!-- Feeder - output stream deletion test - Encryption auto FFMPEG analyser FEC -->
