<?xml version="1.0" encoding="UTF-8"?>
<!-- Generated by org.testng.reporters.JUnitXMLReporter -->
<testsuite hostname="yuri-PC" name="Feeder - push to broadcaster negative test - Encryption AES 192 FFMPEG analyser FEC" tests="1" failures="0" timestamp="9 Feb 2016 13:36:00 GMT" time="0.105" errors="0">
  <testcase name="feederOutputToBxTest" time="0.045" classname="com.zixi.testing.FeederOutputPushToBxTest"/>
</testsuite> <!-- Feeder - push to broadcaster negative test - Encryption AES 192 FFMPEG analyser FEC -->
