<?xml version="1.0" encoding="UTF-8"?>
<!-- Generated by org.testng.reporters.JUnitXMLReporter -->
<testsuite hostname="yuri-PC" name="Feeder - push to broadcaster test - Encryption AES 128 FFMPEG analyser FEC" tests="1" failures="0" timestamp="20 Dec 2016 10:29:52 GMT" time="1.091" errors="0">
  <testcase name="feederOutputToBxTest" time="0.846" classname="com.zixi.testing.FeederOutputPushToBxTest"/>
</testsuite> <!-- Feeder - push to broadcaster test - Encryption AES 128 FFMPEG analyser FEC -->
