<?xml version="1.0" encoding="UTF-8"?>
<!-- Generated by org.testng.reporters.JUnitXMLReporter -->
<testsuite hostname="yuri-PC" name="FFMPEG test Encryption AES 192 FFMPEG analyser negative test FEC" tests="1" failures="0" timestamp="9 Feb 2016 13:41:47 GMT" time="201.243" errors="0">
  <testcase name="broadcasterSingleInputStreamStatisticAnilyzer" time="201.163" classname="com.zixi.testing.FFMPEGImageStatisticNegativeTest"/>
</testsuite> <!-- FFMPEG test Encryption AES 192 FFMPEG analyser negative test FEC -->
