<?xml version="1.0" encoding="UTF-8"?>
<!-- Generated by org.testng.reporters.JUnitXMLReporter -->
<testsuite hostname="yuri-PC" name="Receiver - Remove Pull input stream - Encryption AES 256 FFMPEG analyser FEC" tests="1" failures="0" timestamp="7 Apr 2016 11:52:54 GMT" time="0.064" errors="0">
  <testcase name="feederOutputToBxTest" time="0.005" classname="com.zixi.testing.ReceiverPullInputStreamDeletionTest"/>
</testsuite> <!-- Receiver - Remove Pull input stream - Encryption AES 256 FFMPEG analyser FEC -->
