<?xml version="1.0" encoding="UTF-8"?>
<!-- Generated by org.testng.reporters.JUnitXMLReporter -->
<testsuite hostname="yuri-PC" name="Receiver - Pull input stream statistic - Encryption AES 192 FFMPEG analyser FEC" tests="1" failures="0" timestamp="7 Apr 2016 11:45:00 GMT" time="140.216" errors="0">
  <testcase name="receiverInputStatistic" time="140.133" classname="com.zixi.testing.ReceiverInputStatisticTest"/>
</testsuite> <!-- Receiver - Pull input stream statistic - Encryption AES 192 FFMPEG analyser FEC -->
