<?xml version="1.0" encoding="UTF-8"?>
<!-- Generated by org.testng.reporters.JUnitXMLReporter -->
<testsuite hostname="yuri-PC" name="Receiver - pull input stream creation - Encryption AES 128 FFMPEG analyser FEC" tests="1" failures="0" timestamp="9 Feb 2016 13:03:01 GMT" time="0.079" errors="0">
  <testcase name="feederOutputToBxTest" time="0.009" classname="com.zixi.testing.ReceiverPullInputStreamCreationTest"/>
</testsuite> <!-- Receiver - pull input stream creation - Encryption AES 128 FFMPEG analyser FEC -->
