<?xml version="1.0" encoding="UTF-8"?>
<!-- Generated by org.testng.reporters.JUnitXMLReporter -->
<testsuite hostname="yuri-PC" name="Push from Feeder input stream statistics test - zero latency" tests="1" failures="0" timestamp="3 Nov 2015 17:31:01 GMT" time="110.211" errors="0">
  <testcase name="broadcasterSingleInputStreamstatisticAnilyzer" time="110.21" classname="com.zixi.testing.BroadcasterInputStatisticSingleStreamTest"/>
</testsuite> <!-- Push from Feeder input stream statistics test - zero latency -->
