<?xml version="1.0" encoding="UTF-8"?>
<!-- Generated by org.testng.reporters.JUnitXMLReporter -->
<testsuite hostname="yuri-PC" name="Broadcaster - delete all input streams default parameters low latency" tests="1" failures="0" timestamp="29 Sep 2016 10:44:43 GMT" time="1.088" errors="0">
  <testcase name="broadcasterDeleteAllInputs" time="1.009" classname="com.zixi.load.testing.BroadcaserAllInputStreamDeletorTest"/>
</testsuite> <!-- Broadcaster - delete all input streams default parameters low latency -->
