<?xml version="1.0" encoding="UTF-8"?>
<!-- Generated by org.testng.reporters.JUnitXMLReporter -->
<testsuite hostname="yuri-PC" name="Feeder - Multiple Bonded push test creation (both direction feeder and broadcaster) using password" tests="1" failures="0" timestamp="29 Sep 2016 10:42:21 GMT" time="1.898" errors="0">
  <testcase name="broadcasterMultiplePullInCreation" time="1.824" classname="com.zixi.load.testing.FeederBroadcasterBondingMultipleThreeLinkTest"/>
</testsuite> <!-- Feeder - Multiple Bonded push test creation (both direction feeder and broadcaster) using password -->
