<?xml version="1.0" encoding="UTF-8"?>
<!-- Generated by org.testng.reporters.JUnitXMLReporter -->
<testsuite hostname="yuri-PC" name="Feeder - Multiple Bonded push test creation (both direction)" tests="1" failures="0" timestamp="30 Aug 2016 16:13:52 GMT" time="2.195" errors="0">
  <testcase name="broadcasterMultiplePullInCreation" time="1.954" classname="com.zixi.load.testing.FeederBroadcasterBondingMultipleThreeLinkTest"/>
</testsuite> <!-- Feeder - Multiple Bonded push test creation (both direction) -->
