<?xml version="1.0" encoding="UTF-8"?>
<!-- Generated by org.testng.reporters.JUnitXMLReporter -->
<testsuite hostname="yuri-PC" name="Feeder - Multiple Bonded push test creation (both direction feeder and broadcaster) Encryption AES 192" tests="1" failures="0" timestamp="9 Jul 2017 00:36:45 GMT" time="3.846" errors="0">
  <testcase name="broadcasterMultiplePullInCreation" time="3.673" classname="com.zixi.load.testing.FeederBroadcasterBondingMultipleThreeLinkTest"/>
</testsuite> <!-- Feeder - Multiple Bonded push test creation (both direction feeder and broadcaster) Encryption AES 192 -->
