<?xml version="1.0" encoding="UTF-8"?>
<!-- Generated by org.testng.reporters.JUnitXMLReporter -->
<testsuite hostname="yuri-PC" name="Broadcaster - Remove Push input stream - default parameters FFMPEG analyser" tests="1" failures="0" timestamp="28 Feb 2016 16:44:24 GMT" time="0.064" errors="0">
  <testcase name="broadcasterInputStreamDeletion" time="0.007" classname="com.zixi.testing.BroadcasterSingleInputStreamDeletionTest"/>
</testsuite> <!-- Broadcaster - Remove Push input stream - default parameters FFMPEG analyser -->
