<?xml version="1.0" encoding="UTF-8"?>
<!-- Generated by org.testng.reporters.JUnitXMLReporter -->
<testsuite hostname="yuri-PC" name="Broadcaster - Push from Feeder input stream statistics test - default paremeters" tests="1" failures="0" timestamp="29 Mar 2016 12:00:55 GMT" time="30.1" errors="0">
  <testcase name="broadcasterSingleInputStreamstatisticAnilyzer" time="30.027" classname="com.zixi.testing.BroadcasterInputStatisticSingleStreamTest"/>
</testsuite> <!-- Broadcaster - Push from Feeder input stream statistics test - default paremeters -->
