<?xml version="1.0" encoding="UTF-8"?>
<!-- Generated by org.testng.reporters.JUnitXMLReporter -->
<testsuite hostname="yuri-PC" name="Broadcaster - Push from Feeder input stream statistics test - FFMPEG analyser FLV test" tests="1" failures="0" timestamp="7 Mar 2017 19:31:28 GMT" time="50.717" errors="0">
  <testcase name="broadcasterSingleInputStreamStatisticAnilyzer" time="50.676" classname="com.zixi.testing.BroadcasterInputStatisticSingleStreamTest"/>
</testsuite> <!-- Broadcaster - Push from Feeder input stream statistics test - FFMPEG analyser FLV test -->
