<?xml version="1.0" encoding="UTF-8"?>
<!-- Generated by org.testng.reporters.JUnitXMLReporter -->
<testsuite hostname="yuri-PC" name="pull input statistic 2, this test is depends on a previous test." tests="1" failures="0" timestamp="6 Oct 2015 09:22:40 GMT" time="19.022" errors="0">
  <testcase name="broadcasterSingleInputStreamstatisticAnilyzer" time="19.021" classname="com.zixi.testing.BroadcasterInputStatisticSingleStreamTest"/>
</testsuite> <!-- pull input statistic 2, this test is depends on a previous test. -->
