-------------------------------------------------------------------------------
Test set: TestSuite
-------------------------------------------------------------------------------
Tests run: 2044, Failures: 553, Errors: 0, Skipped: 1386, Time elapsed: 1,162.213 sec <<< FAILURE!
broadcasterPullInCreation(com.zixi.testing.BroadcasterSinglePullInStreamCreationTest)  Time elapsed: 0.265 sec  <<< FAILURE!
java.lang.AssertionError: expected [Stream 'test' added.] but found [load_live_inputs({"error":"Stream already exists."});]
	at org.testng.Assert.fail(Assert.java:94)
	at org.testng.Assert.failNotEquals(Assert.java:496)
	at org.testng.Assert.assertEquals(Assert.java:125)
	at org.testng.Assert.assertEquals(Assert.java:178)
	at org.testng.Assert.assertEquals(Assert.java:188)
	at com.zixi.testing.BroadcasterSinglePullInStreamCreationTest.broadcasterPullInCreation(BroadcasterSinglePullInStreamCreationTest.java:57)

testInit(com.zixi.testing.FFMPEGImageStatisticTest)  Time elapsed: 40.702 sec  <<< FAILURE!
java.lang.NoClassDefFoundError: com/zixi/drivers/drivers/FFMPEGImageStatisticTestDriver
	at com.zixi.testing.FFMPEGImageStatisticTest.testInit(FFMPEGImageStatisticTest.java:15)
Caused by: java.lang.ClassNotFoundException: com.zixi.drivers.drivers.FFMPEGImageStatisticTestDriver
	at java.net.URLClassLoader$1.run(Unknown Source)
	at java.net.URLClassLoader$1.run(Unknown Source)
	at java.security.AccessController.doPrivileged(Native Method)
	at java.net.URLClassLoader.findClass(Unknown Source)
	at java.lang.ClassLoader.loadClass(Unknown Source)
	at sun.misc.Launcher$AppClassLoader.loadClass(Unknown Source)
	at java.lang.ClassLoader.loadClass(Unknown Source)
	... 31 more

testInit(com.zixi.testing.BroadcasterSingleInputStreamDeletionTest)  Time elapsed: 0.581 sec  <<< FAILURE!
java.lang.NoClassDefFoundError: com/zixi/drivers/drivers/BroadcasterSingleInputStreamDeletionDriver
	at com.zixi.testing.BroadcasterSingleInputStreamDeletionTest.testInit(BroadcasterSingleInputStreamDeletionTest.java:14)
Caused by: java.lang.ClassNotFoundException: com.zixi.drivers.drivers.BroadcasterSingleInputStreamDeletionDriver
	at java.net.URLClassLoader$1.run(Unknown Source)
	at java.net.URLClassLoader$1.run(Unknown Source)
	at java.security.AccessController.doPrivileged(Native Method)
	at java.net.URLClassLoader.findClass(Unknown Source)
	at java.lang.ClassLoader.loadClass(Unknown Source)
	at sun.misc.Launcher$AppClassLoader.loadClass(Unknown Source)
	at java.lang.ClassLoader.loadClass(Unknown Source)
	... 31 more

testInit(com.zixi.testing.FFMPEGImageStatisticModeTest)  Time elapsed: 0.462 sec  <<< FAILURE!
java.lang.NoClassDefFoundError: com/zixi/drivers/drivers/FFMPEGImageStatisticTestDriver
	at com.zixi.testing.FFMPEGImageStatisticModeTest.testInit(FFMPEGImageStatisticModeTest.java:16)
Caused by: java.lang.ClassNotFoundException: com.zixi.drivers.drivers.FFMPEGImageStatisticTestDriver
	at java.net.URLClassLoader$1.run(Unknown Source)
	at java.net.URLClassLoader$1.run(Unknown Source)
	at java.security.AccessController.doPrivileged(Native Method)
	at java.net.URLClassLoader.findClass(Unknown Source)
	at java.lang.ClassLoader.loadClass(Unknown Source)
	at sun.misc.Launcher$AppClassLoader.loadClass(Unknown Source)
	at java.lang.ClassLoader.loadClass(Unknown Source)
	... 31 more

testInit(com.zixi.testing.FFMPEGImageStatisticModeTest)  Time elapsed: 0.464 sec  <<< FAILURE!
java.lang.NoClassDefFoundError: com/zixi/drivers/drivers/FFMPEGImageStatisticTestDriver
	at com.zixi.testing.FFMPEGImageStatisticModeTest.testInit(FFMPEGImageStatisticModeTest.java:16)

testInit(com.zixi.testing.BroadcasterCreateAddaptiveGroupTest)  Time elapsed: 0.596 sec  <<< FAILURE!
java.lang.NoClassDefFoundError: com/zixi/drivers/drivers/BroadcasterCreateAddaptiveGroupDriver
	at com.zixi.testing.BroadcasterCreateAddaptiveGroupTest.testInit(BroadcasterCreateAddaptiveGroupTest.java:14)
Caused by: java.lang.ClassNotFoundException: com.zixi.drivers.drivers.BroadcasterCreateAddaptiveGroupDriver
	at java.net.URLClassLoader$1.run(Unknown Source)
	at java.net.URLClassLoader$1.run(Unknown Source)
	at java.security.AccessController.doPrivileged(Native Method)
	at java.net.URLClassLoader.findClass(Unknown Source)
	at java.lang.ClassLoader.loadClass(Unknown Source)
	at sun.misc.Launcher$AppClassLoader.loadClass(Unknown Source)
	at java.lang.ClassLoader.loadClass(Unknown Source)
	... 31 more

testInit(com.zixi.testing.ReceiverPullInputStreamCreationTest)  Time elapsed: 0.001 sec  <<< FAILURE!
java.lang.NoClassDefFoundError: com/zixi/drivers/drivers/ReceiverPullInputStreamCreationDriver
	at com.zixi.testing.ReceiverPullInputStreamCreationTest.testInit(ReceiverPullInputStreamCreationTest.java:14)
Caused by: java.lang.ClassNotFoundException: com.zixi.drivers.drivers.ReceiverPullInputStreamCreationDriver
	at java.net.URLClassLoader$1.run(Unknown Source)
	at java.net.URLClassLoader$1.run(Unknown Source)
	at java.security.AccessController.doPrivileged(Native Method)
	at java.net.URLClassLoader.findClass(Unknown Source)
	at java.lang.ClassLoader.loadClass(Unknown Source)
	at sun.misc.Launcher$AppClassLoader.loadClass(Unknown Source)
	at java.lang.ClassLoader.loadClass(Unknown Source)
	... 31 more

testInit(com.zixi.testing.ReceiverInputStatisticTest)  Time elapsed: 0.001 sec  <<< FAILURE!
java.lang.NoClassDefFoundError: com/zixi/drivers/drivers/ReceiverInputStatisticDriver
	at com.zixi.testing.ReceiverInputStatisticTest.testInit(ReceiverInputStatisticTest.java:14)
Caused by: java.lang.ClassNotFoundException: com.zixi.drivers.drivers.ReceiverInputStatisticDriver
	at java.net.URLClassLoader$1.run(Unknown Source)
	at java.net.URLClassLoader$1.run(Unknown Source)
	at java.security.AccessController.doPrivileged(Native Method)
	at java.net.URLClassLoader.findClass(Unknown Source)
	at java.lang.ClassLoader.loadClass(Unknown Source)
	at sun.misc.Launcher$AppClassLoader.loadClass(Unknown Source)
	at java.lang.ClassLoader.loadClass(Unknown Source)
	... 31 more

testInit(com.zixi.testing.ReceiverUdpOutCreationTest)  Time elapsed: 0.001 sec  <<< FAILURE!
java.lang.NoClassDefFoundError: com/zixi/drivers/drivers/ReceiverUdpOutCreationDriver
	at com.zixi.testing.ReceiverUdpOutCreationTest.testInit(ReceiverUdpOutCreationTest.java:13)
Caused by: java.lang.ClassNotFoundException: com.zixi.drivers.drivers.ReceiverUdpOutCreationDriver
	at java.net.URLClassLoader$1.run(Unknown Source)
	at java.net.URLClassLoader$1.run(Unknown Source)
	at java.security.AccessController.doPrivileged(Native Method)
	at java.net.URLClassLoader.findClass(Unknown Source)
	at java.lang.ClassLoader.loadClass(Unknown Source)
	at sun.misc.Launcher$AppClassLoader.loadClass(Unknown Source)
	at java.lang.ClassLoader.loadClass(Unknown Source)
	... 31 more

testInit(com.zixi.testing.FFMPEGImageStatisticTest)  Time elapsed: 0.001 sec  <<< FAILURE!
java.lang.NoClassDefFoundError: com/zixi/drivers/drivers/FFMPEGImageStatisticTestDriver
	at com.zixi.testing.FFMPEGImageStatisticTest.testInit(FFMPEGImageStatisticTest.java:15)

testInit(com.zixi.testing.ReceiverOutputStreamDeletionTest)  Time elapsed: 0.001 sec  <<< FAILURE!
java.lang.NoClassDefFoundError: com/zixi/drivers/drivers/ReceiverOutputStreamDeletionDriver
	at com.zixi.testing.ReceiverOutputStreamDeletionTest.testInit(ReceiverOutputStreamDeletionTest.java:13)
Caused by: java.lang.ClassNotFoundException: com.zixi.drivers.drivers.ReceiverOutputStreamDeletionDriver
	at java.net.URLClassLoader$1.run(Unknown Source)
	at java.net.URLClassLoader$1.run(Unknown Source)
	at java.security.AccessController.doPrivileged(Native Method)
	at java.net.URLClassLoader.findClass(Unknown Source)
	at java.lang.ClassLoader.loadClass(Unknown Source)
	at sun.misc.Launcher$AppClassLoader.loadClass(Unknown Source)
	at java.lang.ClassLoader.loadClass(Unknown Source)
	... 31 more

testInit(com.zixi.testing.ReceiverPullInputStreamDeletionTest)  Time elapsed: 0.001 sec  <<< FAILURE!
java.lang.NoClassDefFoundError: com/zixi/drivers/drivers/ReceiverPullInputStreamDeletionDriver
	at com.zixi.testing.ReceiverPullInputStreamDeletionTest.testInit(ReceiverPullInputStreamDeletionTest.java:14)
Caused by: java.lang.ClassNotFoundException: com.zixi.drivers.drivers.ReceiverPullInputStreamDeletionDriver
	at java.net.URLClassLoader$1.run(Unknown Source)
	at java.net.URLClassLoader$1.run(Unknown Source)
	at java.security.AccessController.doPrivileged(Native Method)
	at java.net.URLClassLoader.findClass(Unknown Source)
	at java.lang.ClassLoader.loadClass(Unknown Source)
	at sun.misc.Launcher$AppClassLoader.loadClass(Unknown Source)
	at java.lang.ClassLoader.loadClass(Unknown Source)
	... 31 more

testInit(com.zixi.testing.BroadcasterAdaptiveGroupDeletionTest)  Time elapsed: 0.001 sec  <<< FAILURE!
java.lang.NoClassDefFoundError: com/zixi/drivers/drivers/BroadcasterAdaptiveGroupDeletionDriver
	at com.zixi.testing.BroadcasterAdaptiveGroupDeletionTest.testInit(BroadcasterAdaptiveGroupDeletionTest.java:14)
Caused by: java.lang.ClassNotFoundException: com.zixi.drivers.drivers.BroadcasterAdaptiveGroupDeletionDriver
	at java.net.URLClassLoader$1.run(Unknown Source)
	at java.net.URLClassLoader$1.run(Unknown Source)
	at java.security.AccessController.doPrivileged(Native Method)
	at java.net.URLClassLoader.findClass(Unknown Source)
	at java.lang.ClassLoader.loadClass(Unknown Source)
	at sun.misc.Launcher$AppClassLoader.loadClass(Unknown Source)
	at java.lang.ClassLoader.loadClass(Unknown Source)
	... 31 more

testInit(com.zixi.testing.BroadcasterSingleInputStreamDeletionTest)  Time elapsed: 0.001 sec  <<< FAILURE!
java.lang.NoClassDefFoundError: com/zixi/drivers/drivers/BroadcasterSingleInputStreamDeletionDriver
	at com.zixi.testing.BroadcasterSingleInputStreamDeletionTest.testInit(BroadcasterSingleInputStreamDeletionTest.java:14)

testInit(com.zixi.testing.BroadcasterSingleInputStreamDeletionTest)  Time elapsed: 0.001 sec  <<< FAILURE!
java.lang.NoClassDefFoundError: com/zixi/drivers/drivers/BroadcasterSingleInputStreamDeletionDriver
	at com.zixi.testing.BroadcasterSingleInputStreamDeletionTest.testInit(BroadcasterSingleInputStreamDeletionTest.java:14)

testInit(com.zixi.testing.BroadcasterSingleInputStreamDeletionTest)  Time elapsed: 0.001 sec  <<< FAILURE!
java.lang.NoClassDefFoundError: com/zixi/drivers/drivers/BroadcasterSingleInputStreamDeletionDriver
	at com.zixi.testing.BroadcasterSingleInputStreamDeletionTest.testInit(BroadcasterSingleInputStreamDeletionTest.java:14)

broadcasterPullInCreation(com.zixi.testing.BroadcasterSinglePullInStreamCreationTest)  Time elapsed: 0.246 sec  <<< FAILURE!
java.lang.AssertionError: expected [Stream 'w1' added.] but found [load_live_inputs({"error":"Stream already exists."});]
	at org.testng.Assert.fail(Assert.java:94)
	at org.testng.Assert.failNotEquals(Assert.java:496)
	at org.testng.Assert.assertEquals(Assert.java:125)
	at org.testng.Assert.assertEquals(Assert.java:178)
	at org.testng.Assert.assertEquals(Assert.java:188)
	at com.zixi.testing.BroadcasterSinglePullInStreamCreationTest.broadcasterPullInCreation(BroadcasterSinglePullInStreamCreationTest.java:57)

broadcasterPullInCreation(com.zixi.testing.BroadcasterSinglePullInStreamCreationTest)  Time elapsed: 0.291 sec  <<< FAILURE!
java.lang.AssertionError: expected [Stream 'w2' added.] but found [load_live_inputs({"error":"Stream already exists."});]
	at org.testng.Assert.fail(Assert.java:94)
	at org.testng.Assert.failNotEquals(Assert.java:496)
	at org.testng.Assert.assertEquals(Assert.java:125)
	at org.testng.Assert.assertEquals(Assert.java:178)
	at org.testng.Assert.assertEquals(Assert.java:188)
	at com.zixi.testing.BroadcasterSinglePullInStreamCreationTest.broadcasterPullInCreation(BroadcasterSinglePullInStreamCreationTest.java:57)

broadcasterPullInCreation(com.zixi.testing.BroadcasterSinglePullInStreamCreationTest)  Time elapsed: 0.273 sec  <<< FAILURE!
java.lang.AssertionError: expected [Stream 'w3' added.] but found [load_live_inputs({"error":"Stream already exists."});]
	at org.testng.Assert.fail(Assert.java:94)
	at org.testng.Assert.failNotEquals(Assert.java:496)
	at org.testng.Assert.assertEquals(Assert.java:125)
	at org.testng.Assert.assertEquals(Assert.java:178)
	at org.testng.Assert.assertEquals(Assert.java:188)
	at com.zixi.testing.BroadcasterSinglePullInStreamCreationTest.broadcasterPullInCreation(BroadcasterSinglePullInStreamCreationTest.java:57)

testInit(com.zixi.testing.BroadcasterCreateAddaptiveGroupTest)  Time elapsed: 0.314 sec  <<< FAILURE!
java.lang.NoClassDefFoundError: com/zixi/drivers/drivers/BroadcasterCreateAddaptiveGroupDriver
	at com.zixi.testing.BroadcasterCreateAddaptiveGroupTest.testInit(BroadcasterCreateAddaptiveGroupTest.java:14)

testInit(com.zixi.testing.FFMPEGImageStatisticModeTest)  Time elapsed: 0.001 sec  <<< FAILURE!
java.lang.NoClassDefFoundError: com/zixi/drivers/drivers/FFMPEGImageStatisticTestDriver
	at com.zixi.testing.FFMPEGImageStatisticModeTest.testInit(FFMPEGImageStatisticModeTest.java:16)

testInit(com.zixi.testing.BroadcasterAdaptiveGroupDeletionTest)  Time elapsed: 0.001 sec  <<< FAILURE!
java.lang.NoClassDefFoundError: com/zixi/drivers/drivers/BroadcasterAdaptiveGroupDeletionDriver
	at com.zixi.testing.BroadcasterAdaptiveGroupDeletionTest.testInit(BroadcasterAdaptiveGroupDeletionTest.java:14)

testInit(com.zixi.testing.BroadcasterSingleInputStreamDeletionTest)  Time elapsed: 0.001 sec  <<< FAILURE!
java.lang.NoClassDefFoundError: com/zixi/drivers/drivers/BroadcasterSingleInputStreamDeletionDriver
	at com.zixi.testing.BroadcasterSingleInputStreamDeletionTest.testInit(BroadcasterSingleInputStreamDeletionTest.java:14)

testInit(com.zixi.testing.BroadcasterSingleInputStreamDeletionTest)  Time elapsed: 0.001 sec  <<< FAILURE!
java.lang.NoClassDefFoundError: com/zixi/drivers/drivers/BroadcasterSingleInputStreamDeletionDriver
	at com.zixi.testing.BroadcasterSingleInputStreamDeletionTest.testInit(BroadcasterSingleInputStreamDeletionTest.java:14)

testInit(com.zixi.testing.BroadcasterSingleInputStreamDeletionTest)  Time elapsed: 0.001 sec  <<< FAILURE!
java.lang.NoClassDefFoundError: com/zixi/drivers/drivers/BroadcasterSingleInputStreamDeletionDriver
	at com.zixi.testing.BroadcasterSingleInputStreamDeletionTest.testInit(BroadcasterSingleInputStreamDeletionTest.java:14)

testInit(com.zixi.testing.FeederOutputPushToBxTest)  Time elapsed: 0.002 sec  <<< FAILURE!
java.lang.NoClassDefFoundError: com/zixi/drivers/drivers/FeederOutputPushToBxDriver
	at com.zixi.testing.FeederOutputPushToBxTest.testInit(FeederOutputPushToBxTest.java:14)
Caused by: java.lang.ClassNotFoundException: com.zixi.drivers.drivers.FeederOutputPushToBxDriver
	at java.net.URLClassLoader$1.run(Unknown Source)
	at java.net.URLClassLoader$1.run(Unknown Source)
	at java.security.AccessController.doPrivileged(Native Method)
	at java.net.URLClassLoader.findClass(Unknown Source)
	at java.lang.ClassLoader.loadClass(Unknown Source)
	at sun.misc.Launcher$AppClassLoader.loadClass(Unknown Source)
	at java.lang.ClassLoader.loadClass(Unknown Source)
	... 31 more

testInit(com.zixi.testing.BroadcasterPushInStreamCreationTest)  Time elapsed: 0.001 sec  <<< FAILURE!
java.lang.NoClassDefFoundError: com/zixi/drivers/drivers/BroadcasterPushInStreamCreationDriver
	at com.zixi.testing.BroadcasterPushInStreamCreationTest.testInit(BroadcasterPushInStreamCreationTest.java:13)
Caused by: java.lang.ClassNotFoundException: com.zixi.drivers.drivers.BroadcasterPushInStreamCreationDriver
	at java.net.URLClassLoader$1.run(Unknown Source)
	at java.net.URLClassLoader$1.run(Unknown Source)
	at java.security.AccessController.doPrivileged(Native Method)
	at java.net.URLClassLoader.findClass(Unknown Source)
	at java.lang.ClassLoader.loadClass(Unknown Source)
	at sun.misc.Launcher$AppClassLoader.loadClass(Unknown Source)
	at java.lang.ClassLoader.loadClass(Unknown Source)
	... 31 more

broadcasterSingleInputStreamStatisticAnilyzer(com.zixi.testing.BroadcasterInputStatisticSingleStreamTest)  Time elapsed: 10.748 sec  <<< FAILURE!
org.json.JSONException: JSONObject["net"] not found.
	at org.json.JSONObject.get(JSONObject.java:476)
	at org.json.JSONObject.getJSONObject(JSONObject.java:576)
	at com.zixi.tools.StreamStatisticAnalyzer.getStatBitrate(StreamStatisticAnalyzer.java:11)
	at com.zixi.drivers.drivers.BroadcasterInputStatisticSingleStreamDriver.testStatistic(BroadcasterInputStatisticSingleStreamDriver.java:61)
	at com.zixi.testing.BroadcasterInputStatisticSingleStreamTest.broadcasterSingleInputStreamStatisticAnilyzer(BroadcasterInputStatisticSingleStreamTest.java:33)

testInit(com.zixi.testing.FFMPEGImageStatisticModeTest)  Time elapsed: 10.788 sec  <<< FAILURE!
java.lang.NoClassDefFoundError: com/zixi/drivers/drivers/FFMPEGImageStatisticTestDriver
	at com.zixi.testing.FFMPEGImageStatisticModeTest.testInit(FFMPEGImageStatisticModeTest.java:16)

testInit(com.zixi.testing.FeederOutputDeletioinTest)  Time elapsed: 0.002 sec  <<< FAILURE!
java.lang.NoClassDefFoundError: com/zixi/drivers/drivers/FeederOutputDeletionDriver
	at com.zixi.testing.FeederOutputDeletioinTest.testInit(FeederOutputDeletioinTest.java:13)
Caused by: java.lang.ClassNotFoundException: com.zixi.drivers.drivers.FeederOutputDeletionDriver
	at java.net.URLClassLoader$1.run(Unknown Source)
	at java.net.URLClassLoader$1.run(Unknown Source)
	at java.security.AccessController.doPrivileged(Native Method)
	at java.net.URLClassLoader.findClass(Unknown Source)
	at java.lang.ClassLoader.loadClass(Unknown Source)
	at sun.misc.Launcher$AppClassLoader.loadClass(Unknown Source)
	at java.lang.ClassLoader.loadClass(Unknown Source)
	... 31 more

testInit(com.zixi.testing.BroadcasterSingleInputStreamDeletionTest)  Time elapsed: 0.001 sec  <<< FAILURE!
java.lang.NoClassDefFoundError: com/zixi/drivers/drivers/BroadcasterSingleInputStreamDeletionDriver
	at com.zixi.testing.BroadcasterSingleInputStreamDeletionTest.testInit(BroadcasterSingleInputStreamDeletionTest.java:14)

broadcasterPullInCreation(com.zixi.testing.BroadcasterSinglePullInStreamCreationTest)  Time elapsed: 0.285 sec  <<< FAILURE!
java.lang.AssertionError: expected [Stream 'test' added.] but found [load_live_inputs({"error":"Stream already exists."});]
	at org.testng.Assert.fail(Assert.java:94)
	at org.testng.Assert.failNotEquals(Assert.java:496)
	at org.testng.Assert.assertEquals(Assert.java:125)
	at org.testng.Assert.assertEquals(Assert.java:178)
	at org.testng.Assert.assertEquals(Assert.java:188)
	at com.zixi.testing.BroadcasterSinglePullInStreamCreationTest.broadcasterPullInCreation(BroadcasterSinglePullInStreamCreationTest.java:57)

testInit(com.zixi.testing.BroadcasterSingleInputStreamDeletionTest)  Time elapsed: 70.705 sec  <<< FAILURE!
java.lang.NoClassDefFoundError: com/zixi/drivers/drivers/BroadcasterSingleInputStreamDeletionDriver
	at com.zixi.testing.BroadcasterSingleInputStreamDeletionTest.testInit(BroadcasterSingleInputStreamDeletionTest.java:14)

testInit(com.zixi.testing.BroadcasterSingleInputStreamDeletionTest)  Time elapsed: 70.689 sec  <<< FAILURE!
java.lang.NoClassDefFoundError: com/zixi/drivers/drivers/BroadcasterSingleInputStreamDeletionDriver
	at com.zixi.testing.BroadcasterSingleInputStreamDeletionTest.testInit(BroadcasterSingleInputStreamDeletionTest.java:14)

broadcasterPullInCreation(com.zixi.testing.BroadcasterSinglePullInStreamCreationTest)  Time elapsed: 0.28 sec  <<< FAILURE!
java.lang.AssertionError: expected [Stream 'test2' added.] but found [load_live_inputs({"error":"Stream already exists."});]
	at org.testng.Assert.fail(Assert.java:94)
	at org.testng.Assert.failNotEquals(Assert.java:496)
	at org.testng.Assert.assertEquals(Assert.java:125)
	at org.testng.Assert.assertEquals(Assert.java:178)
	at org.testng.Assert.assertEquals(Assert.java:188)
	at com.zixi.testing.BroadcasterSinglePullInStreamCreationTest.broadcasterPullInCreation(BroadcasterSinglePullInStreamCreationTest.java:57)

broadcasterSingleInputStreamStatisticAnilyzer(com.zixi.testing.BroadcasterInputStatisticSingleStreamTest)  Time elapsed: 32.806 sec  <<< FAILURE!
org.json.JSONException: JSONObject["net"] not found.
	at org.json.JSONObject.get(JSONObject.java:476)
	at org.json.JSONObject.getJSONObject(JSONObject.java:576)
	at com.zixi.tools.StreamStatisticAnalyzer.getStatBitrate(StreamStatisticAnalyzer.java:11)
	at com.zixi.drivers.drivers.BroadcasterInputStatisticSingleStreamDriver.testStatistic(BroadcasterInputStatisticSingleStreamDriver.java:61)
	at com.zixi.testing.BroadcasterInputStatisticSingleStreamTest.broadcasterSingleInputStreamStatisticAnilyzer(BroadcasterInputStatisticSingleStreamTest.java:33)

testInit(com.zixi.testing.BroadcasterSingleInputStreamDeletionTest)  Time elapsed: 32.851 sec  <<< FAILURE!
java.lang.NoClassDefFoundError: com/zixi/drivers/drivers/BroadcasterSingleInputStreamDeletionDriver
	at com.zixi.testing.BroadcasterSingleInputStreamDeletionTest.testInit(BroadcasterSingleInputStreamDeletionTest.java:14)

broadcasterSingleInputStreamStatisticAnilyzer(com.zixi.testing.BroadcasterInputStatisticSingleStreamTest)  Time elapsed: 15.765 sec  <<< FAILURE!
org.json.JSONException: JSONObject["net"] not found.
	at org.json.JSONObject.get(JSONObject.java:476)
	at org.json.JSONObject.getJSONObject(JSONObject.java:576)
	at com.zixi.tools.StreamStatisticAnalyzer.getStatBitrate(StreamStatisticAnalyzer.java:11)
	at com.zixi.drivers.drivers.BroadcasterInputStatisticSingleStreamDriver.testStatistic(BroadcasterInputStatisticSingleStreamDriver.java:61)
	at com.zixi.testing.BroadcasterInputStatisticSingleStreamTest.broadcasterSingleInputStreamStatisticAnilyzer(BroadcasterInputStatisticSingleStreamTest.java:33)

testInit(com.zixi.testing.BroadcasterSingleInputStreamDeletionTest)  Time elapsed: 15.867 sec  <<< FAILURE!
java.lang.NoClassDefFoundError: com/zixi/drivers/drivers/BroadcasterSingleInputStreamDeletionDriver
	at com.zixi.testing.BroadcasterSingleInputStreamDeletionTest.testInit(BroadcasterSingleInputStreamDeletionTest.java:14)

testInit(com.zixi.load.testing.BroadcasterMultipePullCreationTest)  Time elapsed: 0.001 sec  <<< FAILURE!
java.lang.NoClassDefFoundError: com/zixi/load/drivers/BroadcasterMultipleCreationDriver
	at com.zixi.load.testing.BroadcasterMultipePullCreationTest.testInit(BroadcasterMultipePullCreationTest.java:17)
Caused by: java.lang.ClassNotFoundException: com.zixi.load.drivers.BroadcasterMultipleCreationDriver
	at java.net.URLClassLoader$1.run(Unknown Source)
	at java.net.URLClassLoader$1.run(Unknown Source)
	at java.security.AccessController.doPrivileged(Native Method)
	at java.net.URLClassLoader.findClass(Unknown Source)
	at java.lang.ClassLoader.loadClass(Unknown Source)
	at sun.misc.Launcher$AppClassLoader.loadClass(Unknown Source)
	at java.lang.ClassLoader.loadClass(Unknown Source)
	... 31 more

testInit(com.zixi.load.testing.BroadcasterRundomInputStreamTest)  Time elapsed: 0.522 sec  <<< FAILURE!
java.lang.NoClassDefFoundError: com/zixi/load/drivers/BroadcasterRundomInputStreamDriver
	at com.zixi.load.testing.BroadcasterRundomInputStreamTest.testInit(BroadcasterRundomInputStreamTest.java:18)
Caused by: java.lang.ClassNotFoundException: com.zixi.load.drivers.BroadcasterRundomInputStreamDriver
	at java.net.URLClassLoader$1.run(Unknown Source)
	at java.net.URLClassLoader$1.run(Unknown Source)
	at java.security.AccessController.doPrivileged(Native Method)
	at java.net.URLClassLoader.findClass(Unknown Source)
	at java.lang.ClassLoader.loadClass(Unknown Source)
	at sun.misc.Launcher$AppClassLoader.loadClass(Unknown Source)
	at java.lang.ClassLoader.loadClass(Unknown Source)
	... 31 more

testInit(com.zixi.load.testing.BroadcaserAllInputStreamDeletorTest)  Time elapsed: 0.511 sec  <<< FAILURE!
java.lang.NoClassDefFoundError: com/zixi/drivers/drivers/BroadcaserAllInputStreamDeletorDriver
	at com.zixi.load.testing.BroadcaserAllInputStreamDeletorTest.testInit(BroadcaserAllInputStreamDeletorTest.java:15)
Caused by: java.lang.ClassNotFoundException: com.zixi.drivers.drivers.BroadcaserAllInputStreamDeletorDriver
	at java.net.URLClassLoader$1.run(Unknown Source)
	at java.net.URLClassLoader$1.run(Unknown Source)
	at java.security.AccessController.doPrivileged(Native Method)
	at java.net.URLClassLoader.findClass(Unknown Source)
	at java.lang.ClassLoader.loadClass(Unknown Source)
	at sun.misc.Launcher$AppClassLoader.loadClass(Unknown Source)
	at java.lang.ClassLoader.loadClass(Unknown Source)
	... 31 more

testInit(com.zixi.load.testing.BroadcasterMultipePullCreationTest)  Time elapsed: 0 sec  <<< FAILURE!
java.lang.NoClassDefFoundError: com/zixi/load/drivers/BroadcasterMultipleCreationDriver
	at com.zixi.load.testing.BroadcasterMultipePullCreationTest.testInit(BroadcasterMultipePullCreationTest.java:17)

testInit(com.zixi.load.testing.BroadcasterRundomInputStreamTest)  Time elapsed: 0.526 sec  <<< FAILURE!
java.lang.NoClassDefFoundError: com/zixi/load/drivers/BroadcasterRundomInputStreamDriver
	at com.zixi.load.testing.BroadcasterRundomInputStreamTest.testInit(BroadcasterRundomInputStreamTest.java:18)

testInit(com.zixi.load.testing.BroadcaserAllInputStreamDeletorTest)  Time elapsed: 0.593 sec  <<< FAILURE!
java.lang.NoClassDefFoundError: com/zixi/drivers/drivers/BroadcaserAllInputStreamDeletorDriver
	at com.zixi.load.testing.BroadcaserAllInputStreamDeletorTest.testInit(BroadcaserAllInputStreamDeletorTest.java:15)

testInit(com.zixi.testing.FeederOutputPushToBxTest)  Time elapsed: 0 sec  <<< FAILURE!
java.lang.NoClassDefFoundError: com/zixi/drivers/drivers/FeederOutputPushToBxDriver
	at com.zixi.testing.FeederOutputPushToBxTest.testInit(FeederOutputPushToBxTest.java:14)

testInit(com.zixi.testing.BroadcasterPushInStreamCreationTest)  Time elapsed: 0.001 sec  <<< FAILURE!
java.lang.NoClassDefFoundError: com/zixi/drivers/drivers/BroadcasterPushInStreamCreationDriver
	at com.zixi.testing.BroadcasterPushInStreamCreationTest.testInit(BroadcasterPushInStreamCreationTest.java:13)

broadcasterSingleInputStreamStatisticAnilyzer(com.zixi.testing.BroadcasterInputStatisticSingleStreamTest)  Time elapsed: 10.725 sec  <<< FAILURE!
org.json.JSONException: JSONObject["net"] not found.
	at org.json.JSONObject.get(JSONObject.java:476)
	at org.json.JSONObject.getJSONObject(JSONObject.java:576)
	at com.zixi.tools.StreamStatisticAnalyzer.getStatBitrate(StreamStatisticAnalyzer.java:11)
	at com.zixi.drivers.drivers.BroadcasterInputStatisticSingleStreamDriver.testStatistic(BroadcasterInputStatisticSingleStreamDriver.java:61)
	at com.zixi.testing.BroadcasterInputStatisticSingleStreamTest.broadcasterSingleInputStreamStatisticAnilyzer(BroadcasterInputStatisticSingleStreamTest.java:33)

testInit(com.zixi.load.testing.BroadcasterMultipePullCreationTest)  Time elapsed: 10.767 sec  <<< FAILURE!
java.lang.NoClassDefFoundError: com/zixi/load/drivers/BroadcasterMultipleCreationDriver
	at com.zixi.load.testing.BroadcasterMultipePullCreationTest.testInit(BroadcasterMultipePullCreationTest.java:17)

testInit(com.zixi.load.testing.BroadcasterRundomInputStreamTest)  Time elapsed: 0.534 sec  <<< FAILURE!
java.lang.NoClassDefFoundError: com/zixi/load/drivers/BroadcasterRundomInputStreamDriver
	at com.zixi.load.testing.BroadcasterRundomInputStreamTest.testInit(BroadcasterRundomInputStreamTest.java:18)

testInit(com.zixi.load.testing.BroadcaserAllInputStreamDeletorTest)  Time elapsed: 0.504 sec  <<< FAILURE!
java.lang.NoClassDefFoundError: com/zixi/drivers/drivers/BroadcaserAllInputStreamDeletorDriver
	at com.zixi.load.testing.BroadcaserAllInputStreamDeletorTest.testInit(BroadcaserAllInputStreamDeletorTest.java:15)

testInit(com.zixi.testing.FeederOutputDeletioinTest)  Time elapsed: 0.002 sec  <<< FAILURE!
java.lang.NoClassDefFoundError: com/zixi/drivers/drivers/FeederOutputDeletionDriver
	at com.zixi.testing.FeederOutputDeletioinTest.testInit(FeederOutputDeletioinTest.java:13)

testInit(com.zixi.testing.BroadcasterSingleInputStreamDeletionTest)  Time elapsed: 0.001 sec  <<< FAILURE!
java.lang.NoClassDefFoundError: com/zixi/drivers/drivers/BroadcasterSingleInputStreamDeletionDriver
	at com.zixi.testing.BroadcasterSingleInputStreamDeletionTest.testInit(BroadcasterSingleInputStreamDeletionTest.java:14)

testInit(com.zixi.testing.FFMPEGImageStatisticTest)  Time elapsed: 70.691 sec  <<< FAILURE!
java.lang.NoClassDefFoundError: com/zixi/drivers/drivers/FFMPEGImageStatisticTestDriver
	at com.zixi.testing.FFMPEGImageStatisticTest.testInit(FFMPEGImageStatisticTest.java:15)

testInit(com.zixi.testing.BroadcasterSingleInputStreamDeletionTest)  Time elapsed: 0.551 sec  <<< FAILURE!
java.lang.NoClassDefFoundError: com/zixi/drivers/drivers/BroadcasterSingleInputStreamDeletionDriver
	at com.zixi.testing.BroadcasterSingleInputStreamDeletionTest.testInit(BroadcasterSingleInputStreamDeletionTest.java:14)

broadcasterPullInCreation(com.zixi.testing.BroadcasterSinglePullInStreamCreationTest)  Time elapsed: 0.267 sec  <<< FAILURE!
java.lang.AssertionError: expected [Stream 'test' added.] but found [load_live_inputs({"error":"Stream already exists."});]
	at org.testng.Assert.fail(Assert.java:94)
	at org.testng.Assert.failNotEquals(Assert.java:496)
	at org.testng.Assert.assertEquals(Assert.java:125)
	at org.testng.Assert.assertEquals(Assert.java:178)
	at org.testng.Assert.assertEquals(Assert.java:188)
	at com.zixi.testing.BroadcasterSinglePullInStreamCreationTest.broadcasterPullInCreation(BroadcasterSinglePullInStreamCreationTest.java:57)

broadcasterSingleInputStreamStatisticAnilyzer(com.zixi.testing.BroadcasterInputStatisticSingleStreamTest)  Time elapsed: 10.709 sec  <<< FAILURE!
org.json.JSONException: JSONObject["net"] not found.
	at org.json.JSONObject.get(JSONObject.java:476)
	at org.json.JSONObject.getJSONObject(JSONObject.java:576)
	at com.zixi.tools.StreamStatisticAnalyzer.getStatBitrate(StreamStatisticAnalyzer.java:11)
	at com.zixi.drivers.drivers.BroadcasterInputStatisticSingleStreamDriver.testStatistic(BroadcasterInputStatisticSingleStreamDriver.java:61)
	at com.zixi.testing.BroadcasterInputStatisticSingleStreamTest.broadcasterSingleInputStreamStatisticAnilyzer(BroadcasterInputStatisticSingleStreamTest.java:33)

testInit(com.zixi.testing.FFMPEGImageStatisticTest)  Time elapsed: 10.748 sec  <<< FAILURE!
java.lang.NoClassDefFoundError: com/zixi/drivers/drivers/FFMPEGImageStatisticTestDriver
	at com.zixi.testing.FFMPEGImageStatisticTest.testInit(FFMPEGImageStatisticTest.java:15)

broadcasterSingleStreamRemoving(com.zixi.testing.BroadcaserSingleOutputStreamDeletionTest)  Time elapsed: 0.222 sec  <<< FAILURE!
java.lang.AssertionError: expected [Output reverse_test removed.] but found [{"error":"failed removing output null"}]
	at org.testng.Assert.fail(Assert.java:94)
	at org.testng.Assert.failNotEquals(Assert.java:496)
	at org.testng.Assert.assertEquals(Assert.java:125)
	at org.testng.Assert.assertEquals(Assert.java:178)
	at org.testng.Assert.assertEquals(Assert.java:188)
	at com.zixi.testing.BroadcaserSingleOutputStreamDeletionTest.broadcasterSingleStreamRemoving(BroadcaserSingleOutputStreamDeletionTest.java:34)

testInit(com.zixi.testing.BroadcasterSingleInputStreamDeletionTest)  Time elapsed: 0.258 sec  <<< FAILURE!
java.lang.NoClassDefFoundError: com/zixi/drivers/drivers/BroadcasterSingleInputStreamDeletionDriver
	at com.zixi.testing.BroadcasterSingleInputStreamDeletionTest.testInit(BroadcasterSingleInputStreamDeletionTest.java:14)

testInit(com.zixi.testing.BroadcasterPushInStreamCreationTest)  Time elapsed: 0.002 sec  <<< FAILURE!
java.lang.NoClassDefFoundError: com/zixi/drivers/drivers/BroadcasterPushInStreamCreationDriver
	at com.zixi.testing.BroadcasterPushInStreamCreationTest.testInit(BroadcasterPushInStreamCreationTest.java:13)

testInit(com.zixi.testing.BroadcasterPushOutStreamCreationTest)  Time elapsed: 0.002 sec  <<< FAILURE!
java.lang.NoClassDefFoundError: com/zixi/drivers/drivers/BroadcasterPushOutStreamCreationDriver
	at com.zixi.testing.BroadcasterPushOutStreamCreationTest.testInit(BroadcasterPushOutStreamCreationTest.java:15)
Caused by: java.lang.ClassNotFoundException: com.zixi.drivers.drivers.BroadcasterPushOutStreamCreationDriver
	at java.net.URLClassLoader$1.run(Unknown Source)
	at java.net.URLClassLoader$1.run(Unknown Source)
	at java.security.AccessController.doPrivileged(Native Method)
	at java.net.URLClassLoader.findClass(Unknown Source)
	at java.lang.ClassLoader.loadClass(Unknown Source)
	at sun.misc.Launcher$AppClassLoader.loadClass(Unknown Source)
	at java.lang.ClassLoader.loadClass(Unknown Source)
	... 31 more

broadcasterSingleInputStreamStatisticAnilyzer(com.zixi.testing.BroadcasterInputStatisticSingleStreamTest)  Time elapsed: 10.777 sec  <<< FAILURE!
org.json.JSONException: JSONObject["net"] not found.
	at org.json.JSONObject.get(JSONObject.java:476)
	at org.json.JSONObject.getJSONObject(JSONObject.java:576)
	at com.zixi.tools.StreamStatisticAnalyzer.getStatBitrate(StreamStatisticAnalyzer.java:11)
	at com.zixi.drivers.drivers.BroadcasterInputStatisticSingleStreamDriver.testStatistic(BroadcasterInputStatisticSingleStreamDriver.java:61)
	at com.zixi.testing.BroadcasterInputStatisticSingleStreamTest.broadcasterSingleInputStreamStatisticAnilyzer(BroadcasterInputStatisticSingleStreamTest.java:33)

testInit(com.zixi.testing.BroadcasterSingleInputStreamDeletionTest)  Time elapsed: 10.818 sec  <<< FAILURE!
java.lang.NoClassDefFoundError: com/zixi/drivers/drivers/BroadcasterSingleInputStreamDeletionDriver
	at com.zixi.testing.BroadcasterSingleInputStreamDeletionTest.testInit(BroadcasterSingleInputStreamDeletionTest.java:14)

broadcasterSingleStreamRemoving(com.zixi.testing.BroadcaserSingleOutputStreamDeletionTest)  Time elapsed: 0.236 sec  <<< FAILURE!
java.lang.AssertionError: expected [Output pushtest removed.] but found [{"error":"failed removing output null"}]
	at org.testng.Assert.fail(Assert.java:94)
	at org.testng.Assert.failNotEquals(Assert.java:496)
	at org.testng.Assert.assertEquals(Assert.java:125)
	at org.testng.Assert.assertEquals(Assert.java:178)
	at org.testng.Assert.assertEquals(Assert.java:188)
	at com.zixi.testing.BroadcaserSingleOutputStreamDeletionTest.broadcasterSingleStreamRemoving(BroadcaserSingleOutputStreamDeletionTest.java:34)

testInit(com.zixi.testing.BroadcasterPushInStreamCreationTest)  Time elapsed: 0.271 sec  <<< FAILURE!
java.lang.NoClassDefFoundError: com/zixi/drivers/drivers/BroadcasterPushInStreamCreationDriver
	at com.zixi.testing.BroadcasterPushInStreamCreationTest.testInit(BroadcasterPushInStreamCreationTest.java:13)

testInit(com.zixi.testing.BroadcasterPushOutStreamCreationTest)  Time elapsed: 0 sec  <<< FAILURE!
java.lang.NoClassDefFoundError: com/zixi/drivers/drivers/BroadcasterPushOutStreamCreationDriver
	at com.zixi.testing.BroadcasterPushOutStreamCreationTest.testInit(BroadcasterPushOutStreamCreationTest.java:15)

broadcasterSingleInputStreamStatisticAnilyzer(com.zixi.testing.BroadcasterInputStatisticSingleStreamTest)  Time elapsed: 10.752 sec  <<< FAILURE!
org.json.JSONException: JSONObject["net"] not found.
	at org.json.JSONObject.get(JSONObject.java:476)
	at org.json.JSONObject.getJSONObject(JSONObject.java:576)
	at com.zixi.tools.StreamStatisticAnalyzer.getStatBitrate(StreamStatisticAnalyzer.java:11)
	at com.zixi.drivers.drivers.BroadcasterInputStatisticSingleStreamDriver.testStatistic(BroadcasterInputStatisticSingleStreamDriver.java:61)
	at com.zixi.testing.BroadcasterInputStatisticSingleStreamTest.broadcasterSingleInputStreamStatisticAnilyzer(BroadcasterInputStatisticSingleStreamTest.java:33)

testInit(com.zixi.testing.BroadcasterSingleInputStreamDeletionTest)  Time elapsed: 10.795 sec  <<< FAILURE!
java.lang.NoClassDefFoundError: com/zixi/drivers/drivers/BroadcasterSingleInputStreamDeletionDriver
	at com.zixi.testing.BroadcasterSingleInputStreamDeletionTest.testInit(BroadcasterSingleInputStreamDeletionTest.java:14)

broadcasterSingleStreamRemoving(com.zixi.testing.BroadcaserSingleOutputStreamDeletionTest)  Time elapsed: 0.259 sec  <<< FAILURE!
java.lang.AssertionError: expected [Output pushtest removed.] but found [{"error":"failed removing output null"}]
	at org.testng.Assert.fail(Assert.java:94)
	at org.testng.Assert.failNotEquals(Assert.java:496)
	at org.testng.Assert.assertEquals(Assert.java:125)
	at org.testng.Assert.assertEquals(Assert.java:178)
	at org.testng.Assert.assertEquals(Assert.java:188)
	at com.zixi.testing.BroadcaserSingleOutputStreamDeletionTest.broadcasterSingleStreamRemoving(BroadcaserSingleOutputStreamDeletionTest.java:34)

testInit(com.zixi.testing.BroadcasterPushInStreamCreationTest)  Time elapsed: 0.295 sec  <<< FAILURE!
java.lang.NoClassDefFoundError: com/zixi/drivers/drivers/BroadcasterPushInStreamCreationDriver
	at com.zixi.testing.BroadcasterPushInStreamCreationTest.testInit(BroadcasterPushInStreamCreationTest.java:13)

testInit(com.zixi.testing.BroadcasterPushOutStreamCreationTest)  Time elapsed: 0.001 sec  <<< FAILURE!
java.lang.NoClassDefFoundError: com/zixi/drivers/drivers/BroadcasterPushOutStreamCreationDriver
	at com.zixi.testing.BroadcasterPushOutStreamCreationTest.testInit(BroadcasterPushOutStreamCreationTest.java:15)

broadcasterSingleInputStreamStatisticAnilyzer(com.zixi.testing.BroadcasterInputStatisticSingleStreamTest)  Time elapsed: 10.797 sec  <<< FAILURE!
org.json.JSONException: JSONObject["net"] not found.
	at org.json.JSONObject.get(JSONObject.java:476)
	at org.json.JSONObject.getJSONObject(JSONObject.java:576)
	at com.zixi.tools.StreamStatisticAnalyzer.getStatBitrate(StreamStatisticAnalyzer.java:11)
	at com.zixi.drivers.drivers.BroadcasterInputStatisticSingleStreamDriver.testStatistic(BroadcasterInputStatisticSingleStreamDriver.java:61)
	at com.zixi.testing.BroadcasterInputStatisticSingleStreamTest.broadcasterSingleInputStreamStatisticAnilyzer(BroadcasterInputStatisticSingleStreamTest.java:33)

testInit(com.zixi.testing.BroadcasterSingleInputStreamDeletionTest)  Time elapsed: 10.873 sec  <<< FAILURE!
java.lang.NoClassDefFoundError: com/zixi/drivers/drivers/BroadcasterSingleInputStreamDeletionDriver
	at com.zixi.testing.BroadcasterSingleInputStreamDeletionTest.testInit(BroadcasterSingleInputStreamDeletionTest.java:14)

broadcasterSingleStreamRemoving(com.zixi.testing.BroadcaserSingleOutputStreamDeletionTest)  Time elapsed: 0.251 sec  <<< FAILURE!
java.lang.AssertionError: expected [Output pushtest removed.] but found [{"error":"failed removing output null"}]
	at org.testng.Assert.fail(Assert.java:94)
	at org.testng.Assert.failNotEquals(Assert.java:496)
	at org.testng.Assert.assertEquals(Assert.java:125)
	at org.testng.Assert.assertEquals(Assert.java:178)
	at org.testng.Assert.assertEquals(Assert.java:188)
	at com.zixi.testing.BroadcaserSingleOutputStreamDeletionTest.broadcasterSingleStreamRemoving(BroadcaserSingleOutputStreamDeletionTest.java:34)

testInit(com.zixi.testing.BroadcasterPushInStreamCreationTest)  Time elapsed: 0.284 sec  <<< FAILURE!
java.lang.NoClassDefFoundError: com/zixi/drivers/drivers/BroadcasterPushInStreamCreationDriver
	at com.zixi.testing.BroadcasterPushInStreamCreationTest.testInit(BroadcasterPushInStreamCreationTest.java:13)

testInit(com.zixi.testing.BroadcasterPushOutStreamCreationTest)  Time elapsed: 0.001 sec  <<< FAILURE!
java.lang.NoClassDefFoundError: com/zixi/drivers/drivers/BroadcasterPushOutStreamCreationDriver
	at com.zixi.testing.BroadcasterPushOutStreamCreationTest.testInit(BroadcasterPushOutStreamCreationTest.java:15)

broadcasterSingleInputStreamStatisticAnilyzer(com.zixi.testing.BroadcasterInputStatisticSingleStreamTest)  Time elapsed: 10.771 sec  <<< FAILURE!
org.json.JSONException: JSONObject["net"] not found.
	at org.json.JSONObject.get(JSONObject.java:476)
	at org.json.JSONObject.getJSONObject(JSONObject.java:576)
	at com.zixi.tools.StreamStatisticAnalyzer.getStatBitrate(StreamStatisticAnalyzer.java:11)
	at com.zixi.drivers.drivers.BroadcasterInputStatisticSingleStreamDriver.testStatistic(BroadcasterInputStatisticSingleStreamDriver.java:61)
	at com.zixi.testing.BroadcasterInputStatisticSingleStreamTest.broadcasterSingleInputStreamStatisticAnilyzer(BroadcasterInputStatisticSingleStreamTest.java:33)

testInit(com.zixi.testing.BroadcasterSingleInputStreamDeletionTest)  Time elapsed: 10.812 sec  <<< FAILURE!
java.lang.NoClassDefFoundError: com/zixi/drivers/drivers/BroadcasterSingleInputStreamDeletionDriver
	at com.zixi.testing.BroadcasterSingleInputStreamDeletionTest.testInit(BroadcasterSingleInputStreamDeletionTest.java:14)

broadcasterSingleStreamRemoving(com.zixi.testing.BroadcaserSingleOutputStreamDeletionTest)  Time elapsed: 0.211 sec  <<< FAILURE!
java.lang.AssertionError: expected [Output pushtest removed.] but found [{"error":"failed removing output null"}]
	at org.testng.Assert.fail(Assert.java:94)
	at org.testng.Assert.failNotEquals(Assert.java:496)
	at org.testng.Assert.assertEquals(Assert.java:125)
	at org.testng.Assert.assertEquals(Assert.java:178)
	at org.testng.Assert.assertEquals(Assert.java:188)
	at com.zixi.testing.BroadcaserSingleOutputStreamDeletionTest.broadcasterSingleStreamRemoving(BroadcaserSingleOutputStreamDeletionTest.java:34)

testInit(com.zixi.testing.BroadcasterPushInStreamCreationTest)  Time elapsed: 0.247 sec  <<< FAILURE!
java.lang.NoClassDefFoundError: com/zixi/drivers/drivers/BroadcasterPushInStreamCreationDriver
	at com.zixi.testing.BroadcasterPushInStreamCreationTest.testInit(BroadcasterPushInStreamCreationTest.java:13)

testInit(com.zixi.testing.BroadcasterPushOutStreamCreationTest)  Time elapsed: 0.001 sec  <<< FAILURE!
java.lang.NoClassDefFoundError: com/zixi/drivers/drivers/BroadcasterPushOutStreamCreationDriver
	at com.zixi.testing.BroadcasterPushOutStreamCreationTest.testInit(BroadcasterPushOutStreamCreationTest.java:15)

broadcasterSingleInputStreamStatisticAnilyzer(com.zixi.testing.BroadcasterInputStatisticSingleStreamTest)  Time elapsed: 10.754 sec  <<< FAILURE!
org.json.JSONException: JSONObject["net"] not found.
	at org.json.JSONObject.get(JSONObject.java:476)
	at org.json.JSONObject.getJSONObject(JSONObject.java:576)
	at com.zixi.tools.StreamStatisticAnalyzer.getStatBitrate(StreamStatisticAnalyzer.java:11)
	at com.zixi.drivers.drivers.BroadcasterInputStatisticSingleStreamDriver.testStatistic(BroadcasterInputStatisticSingleStreamDriver.java:61)
	at com.zixi.testing.BroadcasterInputStatisticSingleStreamTest.broadcasterSingleInputStreamStatisticAnilyzer(BroadcasterInputStatisticSingleStreamTest.java:33)

testInit(com.zixi.testing.BroadcasterSingleInputStreamDeletionTest)  Time elapsed: 10.813 sec  <<< FAILURE!
java.lang.NoClassDefFoundError: com/zixi/drivers/drivers/BroadcasterSingleInputStreamDeletionDriver
	at com.zixi.testing.BroadcasterSingleInputStreamDeletionTest.testInit(BroadcasterSingleInputStreamDeletionTest.java:14)

broadcasterSingleStreamRemoving(com.zixi.testing.BroadcaserSingleOutputStreamDeletionTest)  Time elapsed: 0.245 sec  <<< FAILURE!
java.lang.AssertionError: expected [Output pushtest removed.] but found [{"error":"failed removing output null"}]
	at org.testng.Assert.fail(Assert.java:94)
	at org.testng.Assert.failNotEquals(Assert.java:496)
	at org.testng.Assert.assertEquals(Assert.java:125)
	at org.testng.Assert.assertEquals(Assert.java:178)
	at org.testng.Assert.assertEquals(Assert.java:188)
	at com.zixi.testing.BroadcaserSingleOutputStreamDeletionTest.broadcasterSingleStreamRemoving(BroadcaserSingleOutputStreamDeletionTest.java:34)

testInit(com.zixi.testing.BroadcasterPushInStreamCreationTest)  Time elapsed: 0.295 sec  <<< FAILURE!
java.lang.NoClassDefFoundError: com/zixi/drivers/drivers/BroadcasterPushInStreamCreationDriver
	at com.zixi.testing.BroadcasterPushInStreamCreationTest.testInit(BroadcasterPushInStreamCreationTest.java:13)

testInit(com.zixi.testing.BroadcasterPushOutStreamCreationTest)  Time elapsed: 0.001 sec  <<< FAILURE!
java.lang.NoClassDefFoundError: com/zixi/drivers/drivers/BroadcasterPushOutStreamCreationDriver
	at com.zixi.testing.BroadcasterPushOutStreamCreationTest.testInit(BroadcasterPushOutStreamCreationTest.java:15)

broadcasterSingleInputStreamStatisticAnilyzer(com.zixi.testing.BroadcasterInputStatisticSingleStreamTest)  Time elapsed: 10.745 sec  <<< FAILURE!
org.json.JSONException: JSONObject["net"] not found.
	at org.json.JSONObject.get(JSONObject.java:476)
	at org.json.JSONObject.getJSONObject(JSONObject.java:576)
	at com.zixi.tools.StreamStatisticAnalyzer.getStatBitrate(StreamStatisticAnalyzer.java:11)
	at com.zixi.drivers.drivers.BroadcasterInputStatisticSingleStreamDriver.testStatistic(BroadcasterInputStatisticSingleStreamDriver.java:61)
	at com.zixi.testing.BroadcasterInputStatisticSingleStreamTest.broadcasterSingleInputStreamStatisticAnilyzer(BroadcasterInputStatisticSingleStreamTest.java:33)

testInit(com.zixi.testing.BroadcasterSingleInputStreamDeletionTest)  Time elapsed: 10.784 sec  <<< FAILURE!
java.lang.NoClassDefFoundError: com/zixi/drivers/drivers/BroadcasterSingleInputStreamDeletionDriver
	at com.zixi.testing.BroadcasterSingleInputStreamDeletionTest.testInit(BroadcasterSingleInputStreamDeletionTest.java:14)

broadcasterSingleStreamRemoving(com.zixi.testing.BroadcaserSingleOutputStreamDeletionTest)  Time elapsed: 0.272 sec  <<< FAILURE!
java.lang.AssertionError: expected [Output pushtest removed.] but found [{"error":"failed removing output null"}]
	at org.testng.Assert.fail(Assert.java:94)
	at org.testng.Assert.failNotEquals(Assert.java:496)
	at org.testng.Assert.assertEquals(Assert.java:125)
	at org.testng.Assert.assertEquals(Assert.java:178)
	at org.testng.Assert.assertEquals(Assert.java:188)
	at com.zixi.testing.BroadcaserSingleOutputStreamDeletionTest.broadcasterSingleStreamRemoving(BroadcaserSingleOutputStreamDeletionTest.java:34)

testInit(com.zixi.testing.BroadcasterPushInStreamCreationTest)  Time elapsed: 0.307 sec  <<< FAILURE!
java.lang.NoClassDefFoundError: com/zixi/drivers/drivers/BroadcasterPushInStreamCreationDriver
	at com.zixi.testing.BroadcasterPushInStreamCreationTest.testInit(BroadcasterPushInStreamCreationTest.java:13)

testInit(com.zixi.testing.BroadcasterPushOutStreamCreationTest)  Time elapsed: 0 sec  <<< FAILURE!
java.lang.NoClassDefFoundError: com/zixi/drivers/drivers/BroadcasterPushOutStreamCreationDriver
	at com.zixi.testing.BroadcasterPushOutStreamCreationTest.testInit(BroadcasterPushOutStreamCreationTest.java:15)

broadcasterSingleInputStreamStatisticAnilyzer(com.zixi.testing.BroadcasterInputStatisticSingleStreamTest)  Time elapsed: 10.772 sec  <<< FAILURE!
org.json.JSONException: JSONObject["net"] not found.
	at org.json.JSONObject.get(JSONObject.java:476)
	at org.json.JSONObject.getJSONObject(JSONObject.java:576)
	at com.zixi.tools.StreamStatisticAnalyzer.getStatBitrate(StreamStatisticAnalyzer.java:11)
	at com.zixi.drivers.drivers.BroadcasterInputStatisticSingleStreamDriver.testStatistic(BroadcasterInputStatisticSingleStreamDriver.java:61)
	at com.zixi.testing.BroadcasterInputStatisticSingleStreamTest.broadcasterSingleInputStreamStatisticAnilyzer(BroadcasterInputStatisticSingleStreamTest.java:33)

testInit(com.zixi.testing.FFMPEGImageStatisticTest)  Time elapsed: 0.558 sec  <<< FAILURE!
java.lang.NoClassDefFoundError: com/zixi/drivers/drivers/FFMPEGImageStatisticTestDriver
	at com.zixi.testing.FFMPEGImageStatisticTest.testInit(FFMPEGImageStatisticTest.java:15)

testInit(com.zixi.testing.BroadcasterSingleInputStreamDeletionTest)  Time elapsed: 0.675 sec  <<< FAILURE!
java.lang.NoClassDefFoundError: com/zixi/drivers/drivers/BroadcasterSingleInputStreamDeletionDriver
	at com.zixi.testing.BroadcasterSingleInputStreamDeletionTest.testInit(BroadcasterSingleInputStreamDeletionTest.java:14)

broadcasterSingleStreamRemoving(com.zixi.testing.BroadcaserSingleOutputStreamDeletionTest)  Time elapsed: 0.224 sec  <<< FAILURE!
java.lang.AssertionError: expected [Output pushtest removed.] but found [{"error":"failed removing output null"}]
	at org.testng.Assert.fail(Assert.java:94)
	at org.testng.Assert.failNotEquals(Assert.java:496)
	at org.testng.Assert.assertEquals(Assert.java:125)
	at org.testng.Assert.assertEquals(Assert.java:178)
	at org.testng.Assert.assertEquals(Assert.java:188)
	at com.zixi.testing.BroadcaserSingleOutputStreamDeletionTest.broadcasterSingleStreamRemoving(BroadcaserSingleOutputStreamDeletionTest.java:34)

testInit(com.zixi.load.testing.BroadcasterMultiplePushTest)  Time elapsed: 0.262 sec  <<< FAILURE!
java.lang.NoClassDefFoundError: com/zixi/load/drivers/BroadcasterMultiplePushDriver
	at com.zixi.load.testing.BroadcasterMultiplePushTest.testInit(BroadcasterMultiplePushTest.java:22)
Caused by: java.lang.ClassNotFoundException: com.zixi.load.drivers.BroadcasterMultiplePushDriver
	at java.net.URLClassLoader$1.run(Unknown Source)
	at java.net.URLClassLoader$1.run(Unknown Source)
	at java.security.AccessController.doPrivileged(Native Method)
	at java.net.URLClassLoader.findClass(Unknown Source)
	at java.lang.ClassLoader.loadClass(Unknown Source)
	at sun.misc.Launcher$AppClassLoader.loadClass(Unknown Source)
	at java.lang.ClassLoader.loadClass(Unknown Source)
	... 31 more

testInit(com.zixi.load.testing.BroadcasterRundomInputStreamTest)  Time elapsed: 0.552 sec  <<< FAILURE!
java.lang.NoClassDefFoundError: com/zixi/load/drivers/BroadcasterRundomInputStreamDriver
	at com.zixi.load.testing.BroadcasterRundomInputStreamTest.testInit(BroadcasterRundomInputStreamTest.java:18)

testInit(com.zixi.load.testing.BroadcaserAllInputStreamDeletorTest)  Time elapsed: 0.615 sec  <<< FAILURE!
java.lang.NoClassDefFoundError: com/zixi/drivers/drivers/BroadcaserAllInputStreamDeletorDriver
	at com.zixi.load.testing.BroadcaserAllInputStreamDeletorTest.testInit(BroadcaserAllInputStreamDeletorTest.java:15)

testInit(com.zixi.load.testing.BroadcaserAllOututStreamDeletorTest)  Time elapsed: 0.001 sec  <<< FAILURE!
java.lang.NoClassDefFoundError: com/zixi/load/drivers/BroadcaserAllOutputStreamDeletorDriver
	at com.zixi.load.testing.BroadcaserAllOututStreamDeletorTest.testInit(BroadcaserAllOututStreamDeletorTest.java:20)
Caused by: java.lang.ClassNotFoundException: com.zixi.load.drivers.BroadcaserAllOutputStreamDeletorDriver
	at java.net.URLClassLoader$1.run(Unknown Source)
	at java.net.URLClassLoader$1.run(Unknown Source)
	at java.security.AccessController.doPrivileged(Native Method)
	at java.net.URLClassLoader.findClass(Unknown Source)
	at java.lang.ClassLoader.loadClass(Unknown Source)
	at sun.misc.Launcher$AppClassLoader.loadClass(Unknown Source)
	at java.lang.ClassLoader.loadClass(Unknown Source)
	... 31 more

testInit(com.zixi.load.testing.BroadcasterMultiplePushTest)  Time elapsed: 0.001 sec  <<< FAILURE!
java.lang.NoClassDefFoundError: com/zixi/load/drivers/BroadcasterMultiplePushDriver
	at com.zixi.load.testing.BroadcasterMultiplePushTest.testInit(BroadcasterMultiplePushTest.java:22)

testInit(com.zixi.load.testing.BroadcasterRundomInputStreamTest)  Time elapsed: 0.609 sec  <<< FAILURE!
java.lang.NoClassDefFoundError: com/zixi/load/drivers/BroadcasterRundomInputStreamDriver
	at com.zixi.load.testing.BroadcasterRundomInputStreamTest.testInit(BroadcasterRundomInputStreamTest.java:18)

testInit(com.zixi.load.testing.BroadcaserAllInputStreamDeletorTest)  Time elapsed: 0.527 sec  <<< FAILURE!
java.lang.NoClassDefFoundError: com/zixi/drivers/drivers/BroadcaserAllInputStreamDeletorDriver
	at com.zixi.load.testing.BroadcaserAllInputStreamDeletorTest.testInit(BroadcaserAllInputStreamDeletorTest.java:15)

testInit(com.zixi.load.testing.BroadcaserAllOututStreamDeletorTest)  Time elapsed: 0.001 sec  <<< FAILURE!
java.lang.NoClassDefFoundError: com/zixi/load/drivers/BroadcaserAllOutputStreamDeletorDriver
	at com.zixi.load.testing.BroadcaserAllOututStreamDeletorTest.testInit(BroadcaserAllOututStreamDeletorTest.java:20)

testInit(com.zixi.load.testing.BroadcasterMultipleBondingTest)  Time elapsed: 0.002 sec  <<< FAILURE!
java.lang.NoClassDefFoundError: com/zixi/load/drivers/BroadcasterMultipleBondingDriver
	at com.zixi.load.testing.BroadcasterMultipleBondingTest.testInit(BroadcasterMultipleBondingTest.java:19)
Caused by: java.lang.ClassNotFoundException: com.zixi.load.drivers.BroadcasterMultipleBondingDriver
	at java.net.URLClassLoader$1.run(Unknown Source)
	at java.net.URLClassLoader$1.run(Unknown Source)
	at java.security.AccessController.doPrivileged(Native Method)
	at java.net.URLClassLoader.findClass(Unknown Source)
	at java.lang.ClassLoader.loadClass(Unknown Source)
	at sun.misc.Launcher$AppClassLoader.loadClass(Unknown Source)
	at java.lang.ClassLoader.loadClass(Unknown Source)
	... 31 more

testInit(com.zixi.load.testing.BroadcasterRundomInputStreamTest)  Time elapsed: 0.597 sec  <<< FAILURE!
java.lang.NoClassDefFoundError: com/zixi/load/drivers/BroadcasterRundomInputStreamDriver
	at com.zixi.load.testing.BroadcasterRundomInputStreamTest.testInit(BroadcasterRundomInputStreamTest.java:18)

testInit(com.zixi.load.testing.BroadcaserAllInputStreamDeletorTest)  Time elapsed: 0.598 sec  <<< FAILURE!
java.lang.NoClassDefFoundError: com/zixi/drivers/drivers/BroadcaserAllInputStreamDeletorDriver
	at com.zixi.load.testing.BroadcaserAllInputStreamDeletorTest.testInit(BroadcaserAllInputStreamDeletorTest.java:15)

testInit(com.zixi.load.testing.BroadcaserAllOututStreamDeletorTest)  Time elapsed: 0.001 sec  <<< FAILURE!
java.lang.NoClassDefFoundError: com/zixi/load/drivers/BroadcaserAllOutputStreamDeletorDriver
	at com.zixi.load.testing.BroadcaserAllOututStreamDeletorTest.testInit(BroadcaserAllOututStreamDeletorTest.java:20)

testInit(com.zixi.testing.FeederOutputPushToBxTest)  Time elapsed: 0.002 sec  <<< FAILURE!
java.lang.NoClassDefFoundError: com/zixi/drivers/drivers/FeederOutputPushToBxDriver
	at com.zixi.testing.FeederOutputPushToBxTest.testInit(FeederOutputPushToBxTest.java:14)

testInit(com.zixi.testing.BroadcasterPushInStreamCreationTest)  Time elapsed: 0.001 sec  <<< FAILURE!
java.lang.NoClassDefFoundError: com/zixi/drivers/drivers/BroadcasterPushInStreamCreationDriver
	at com.zixi.testing.BroadcasterPushInStreamCreationTest.testInit(BroadcasterPushInStreamCreationTest.java:13)

broadcasterSingleInputStreamStatisticAnilyzer(com.zixi.testing.BroadcasterInputStatisticSingleStreamTest)  Time elapsed: 10.73 sec  <<< FAILURE!
org.json.JSONException: JSONObject["net"] not found.
	at org.json.JSONObject.get(JSONObject.java:476)
	at org.json.JSONObject.getJSONObject(JSONObject.java:576)
	at com.zixi.tools.StreamStatisticAnalyzer.getStatBitrate(StreamStatisticAnalyzer.java:11)
	at com.zixi.drivers.drivers.BroadcasterInputStatisticSingleStreamDriver.testStatistic(BroadcasterInputStatisticSingleStreamDriver.java:61)
	at com.zixi.testing.BroadcasterInputStatisticSingleStreamTest.broadcasterSingleInputStreamStatisticAnilyzer(BroadcasterInputStatisticSingleStreamTest.java:33)

testInit(com.zixi.load.testing.BroadcasterMultipleBondingTest)  Time elapsed: 10.775 sec  <<< FAILURE!
java.lang.NoClassDefFoundError: com/zixi/load/drivers/BroadcasterMultipleBondingDriver
	at com.zixi.load.testing.BroadcasterMultipleBondingTest.testInit(BroadcasterMultipleBondingTest.java:19)

testInit(com.zixi.load.testing.BroadcasterRundomInputStreamTest)  Time elapsed: 0.589 sec  <<< FAILURE!
java.lang.NoClassDefFoundError: com/zixi/load/drivers/BroadcasterRundomInputStreamDriver
	at com.zixi.load.testing.BroadcasterRundomInputStreamTest.testInit(BroadcasterRundomInputStreamTest.java:18)

testInit(com.zixi.load.testing.BroadcaserAllInputStreamDeletorTest)  Time elapsed: 0.547 sec  <<< FAILURE!
java.lang.NoClassDefFoundError: com/zixi/drivers/drivers/BroadcaserAllInputStreamDeletorDriver
	at com.zixi.load.testing.BroadcaserAllInputStreamDeletorTest.testInit(BroadcaserAllInputStreamDeletorTest.java:15)

testInit(com.zixi.load.testing.BroadcaserAllOututStreamDeletorTest)  Time elapsed: 0.002 sec  <<< FAILURE!
java.lang.NoClassDefFoundError: com/zixi/load/drivers/BroadcaserAllOutputStreamDeletorDriver
	at com.zixi.load.testing.BroadcaserAllOututStreamDeletorTest.testInit(BroadcaserAllOututStreamDeletorTest.java:20)

testInit(com.zixi.testing.FeederBondedOutputDeletioinTest)  Time elapsed: 0.002 sec  <<< FAILURE!
java.lang.NoClassDefFoundError: com/zixi/drivers/drivers/FeederOutputDeletionDriver
	at com.zixi.testing.FeederBondedOutputDeletioinTest.testInit(FeederBondedOutputDeletioinTest.java:13)
Caused by: java.lang.ClassNotFoundException: com.zixi.drivers.drivers.FeederOutputDeletionDriver
	at java.net.URLClassLoader$1.run(Unknown Source)
	at java.net.URLClassLoader$1.run(Unknown Source)
	at java.security.AccessController.doPrivileged(Native Method)
	at java.net.URLClassLoader.findClass(Unknown Source)
	at java.lang.ClassLoader.loadClass(Unknown Source)
	at sun.misc.Launcher$AppClassLoader.loadClass(Unknown Source)
	at java.lang.ClassLoader.loadClass(Unknown Source)
	... 31 more

testInit(com.zixi.testing.BroadcasterSingleInputStreamDeletionTest)  Time elapsed: 0.001 sec  <<< FAILURE!
java.lang.NoClassDefFoundError: com/zixi/drivers/drivers/BroadcasterSingleInputStreamDeletionDriver
	at com.zixi.testing.BroadcasterSingleInputStreamDeletionTest.testInit(BroadcasterSingleInputStreamDeletionTest.java:14)

testInit(com.zixi.testing.BroadcasterRtmpInputTest)  Time elapsed: 0.001 sec  <<< FAILURE!
java.lang.NoClassDefFoundError: com/zixi/drivers/drivers/BroadcasterRtmpInCreationDriver
	at com.zixi.testing.BroadcasterRtmpInputTest.testInit(BroadcasterRtmpInputTest.java:18)
Caused by: java.lang.ClassNotFoundException: com.zixi.drivers.drivers.BroadcasterRtmpInCreationDriver
	at java.net.URLClassLoader$1.run(Unknown Source)
	at java.net.URLClassLoader$1.run(Unknown Source)
	at java.security.AccessController.doPrivileged(Native Method)
	at java.net.URLClassLoader.findClass(Unknown Source)
	at java.lang.ClassLoader.loadClass(Unknown Source)
	at sun.misc.Launcher$AppClassLoader.loadClass(Unknown Source)
	at java.lang.ClassLoader.loadClass(Unknown Source)
	... 31 more

testInit(com.zixi.testing.BroadcasterSingleInputStreamDeletionTest)  Time elapsed: 70.687 sec  <<< FAILURE!
java.lang.NoClassDefFoundError: com/zixi/drivers/drivers/BroadcasterSingleInputStreamDeletionDriver
	at com.zixi.testing.BroadcasterSingleInputStreamDeletionTest.testInit(BroadcasterSingleInputStreamDeletionTest.java:14)

testInit(com.zixi.testing.BroadcasterRtmpInputEncryptedTest)  Time elapsed: 0.002 sec  <<< FAILURE!
java.lang.NoClassDefFoundError: com/zixi/drivers/drivers/BroadcasterRtmpInCreationDriver
	at com.zixi.testing.BroadcasterRtmpInputEncryptedTest.testInit(BroadcasterRtmpInputEncryptedTest.java:18)
Caused by: java.lang.ClassNotFoundException: com.zixi.drivers.drivers.BroadcasterRtmpInCreationDriver
	at java.net.URLClassLoader$1.run(Unknown Source)
	at java.net.URLClassLoader$1.run(Unknown Source)
	at java.security.AccessController.doPrivileged(Native Method)
	at java.net.URLClassLoader.findClass(Unknown Source)
	at java.lang.ClassLoader.loadClass(Unknown Source)
	at sun.misc.Launcher$AppClassLoader.loadClass(Unknown Source)
	at java.lang.ClassLoader.loadClass(Unknown Source)
	... 31 more

testInit(com.zixi.testing.FFMPEGImageStatisticTest)  Time elapsed: 0.583 sec  <<< FAILURE!
java.lang.NoClassDefFoundError: com/zixi/drivers/drivers/FFMPEGImageStatisticTestDriver
	at com.zixi.testing.FFMPEGImageStatisticTest.testInit(FFMPEGImageStatisticTest.java:15)

testInit(com.zixi.testing.BroadcasterSingleInputStreamDeletionTest)  Time elapsed: 0.532 sec  <<< FAILURE!
java.lang.NoClassDefFoundError: com/zixi/drivers/drivers/BroadcasterSingleInputStreamDeletionDriver
	at com.zixi.testing.BroadcasterSingleInputStreamDeletionTest.testInit(BroadcasterSingleInputStreamDeletionTest.java:14)

testInit(com.zixi.testing.BroadcasterRtmpInputEncryptedTest)  Time elapsed: 0.001 sec  <<< FAILURE!
java.lang.NoClassDefFoundError: com/zixi/drivers/drivers/BroadcasterRtmpInCreationDriver
	at com.zixi.testing.BroadcasterRtmpInputEncryptedTest.testInit(BroadcasterRtmpInputEncryptedTest.java:18)

testInit(com.zixi.testing.FFMPEGImageStatisticTest)  Time elapsed: 0.561 sec  <<< FAILURE!
java.lang.NoClassDefFoundError: com/zixi/drivers/drivers/FFMPEGImageStatisticTestDriver
	at com.zixi.testing.FFMPEGImageStatisticTest.testInit(FFMPEGImageStatisticTest.java:15)

testInit(com.zixi.testing.BroadcasterSingleInputStreamDeletionTest)  Time elapsed: 0.537 sec  <<< FAILURE!
java.lang.NoClassDefFoundError: com/zixi/drivers/drivers/BroadcasterSingleInputStreamDeletionDriver
	at com.zixi.testing.BroadcasterSingleInputStreamDeletionTest.testInit(BroadcasterSingleInputStreamDeletionTest.java:14)

testInit(com.zixi.testing.BroadcasterRtmpInputEncryptedTest)  Time elapsed: 0.001 sec  <<< FAILURE!
java.lang.NoClassDefFoundError: com/zixi/drivers/drivers/BroadcasterRtmpInCreationDriver
	at com.zixi.testing.BroadcasterRtmpInputEncryptedTest.testInit(BroadcasterRtmpInputEncryptedTest.java:18)

testInit(com.zixi.testing.FFMPEGImageStatisticTest)  Time elapsed: 0.525 sec  <<< FAILURE!
java.lang.NoClassDefFoundError: com/zixi/drivers/drivers/FFMPEGImageStatisticTestDriver
	at com.zixi.testing.FFMPEGImageStatisticTest.testInit(FFMPEGImageStatisticTest.java:15)

testInit(com.zixi.testing.BroadcasterSingleInputStreamDeletionTest)  Time elapsed: 0.559 sec  <<< FAILURE!
java.lang.NoClassDefFoundError: com/zixi/drivers/drivers/BroadcasterSingleInputStreamDeletionDriver
	at com.zixi.testing.BroadcasterSingleInputStreamDeletionTest.testInit(BroadcasterSingleInputStreamDeletionTest.java:14)

testInit(com.zixi.testing.BroadcasterRtmpPushOutputCreationTest)  Time elapsed: 0.001 sec  <<< FAILURE!
java.lang.NoClassDefFoundError: com/zixi/drivers/drivers/BroadcasterRtmpPushOutputCreationDriver
	at com.zixi.testing.BroadcasterRtmpPushOutputCreationTest.testInit(BroadcasterRtmpPushOutputCreationTest.java:14)
Caused by: java.lang.ClassNotFoundException: com.zixi.drivers.drivers.BroadcasterRtmpPushOutputCreationDriver
	at java.net.URLClassLoader$1.run(Unknown Source)
	at java.net.URLClassLoader$1.run(Unknown Source)
	at java.security.AccessController.doPrivileged(Native Method)
	at java.net.URLClassLoader.findClass(Unknown Source)
	at java.lang.ClassLoader.loadClass(Unknown Source)
	at sun.misc.Launcher$AppClassLoader.loadClass(Unknown Source)
	at java.lang.ClassLoader.loadClass(Unknown Source)
	... 31 more

testInit(com.zixi.testing.BroadcasterRtmpPushInputCreationStreamTest)  Time elapsed: 0.002 sec  <<< FAILURE!
java.lang.NoClassDefFoundError: com/zixi/drivers/drivers/BroadcasterRtmpPushInputStreamDriver
	at com.zixi.testing.BroadcasterRtmpPushInputCreationStreamTest.testInit(BroadcasterRtmpPushInputCreationStreamTest.java:14)
Caused by: java.lang.ClassNotFoundException: com.zixi.drivers.drivers.BroadcasterRtmpPushInputStreamDriver
	at java.net.URLClassLoader$1.run(Unknown Source)
	at java.net.URLClassLoader$1.run(Unknown Source)
	at java.security.AccessController.doPrivileged(Native Method)
	at java.net.URLClassLoader.findClass(Unknown Source)
	at java.lang.ClassLoader.loadClass(Unknown Source)
	at sun.misc.Launcher$AppClassLoader.loadClass(Unknown Source)
	at java.lang.ClassLoader.loadClass(Unknown Source)
	... 31 more

broadcasterSingleInputStreamStatisticAnilyzer(com.zixi.testing.BroadcasterInputStatisticSingleStreamTest)  Time elapsed: 10.746 sec  <<< FAILURE!
org.json.JSONException: JSONObject["net"] not found.
	at org.json.JSONObject.get(JSONObject.java:476)
	at org.json.JSONObject.getJSONObject(JSONObject.java:576)
	at com.zixi.tools.StreamStatisticAnalyzer.getStatBitrate(StreamStatisticAnalyzer.java:11)
	at com.zixi.drivers.drivers.BroadcasterInputStatisticSingleStreamDriver.testStatistic(BroadcasterInputStatisticSingleStreamDriver.java:61)
	at com.zixi.testing.BroadcasterInputStatisticSingleStreamTest.broadcasterSingleInputStreamStatisticAnilyzer(BroadcasterInputStatisticSingleStreamTest.java:33)

testInit(com.zixi.testing.BroadcasterSingleInputStreamDeletionTest)  Time elapsed: 10.788 sec  <<< FAILURE!
java.lang.NoClassDefFoundError: com/zixi/drivers/drivers/BroadcasterSingleInputStreamDeletionDriver
	at com.zixi.testing.BroadcasterSingleInputStreamDeletionTest.testInit(BroadcasterSingleInputStreamDeletionTest.java:14)

broadcasterSingleStreamRemoving(com.zixi.testing.BroadcaserSingleOutputStreamDeletionTest)  Time elapsed: 0.307 sec  <<< FAILURE!
java.lang.AssertionError: expected [Output rtmpushout removed.] but found [{"error":"failed removing output null"}]
	at org.testng.Assert.fail(Assert.java:94)
	at org.testng.Assert.failNotEquals(Assert.java:496)
	at org.testng.Assert.assertEquals(Assert.java:125)
	at org.testng.Assert.assertEquals(Assert.java:178)
	at org.testng.Assert.assertEquals(Assert.java:188)
	at com.zixi.testing.BroadcaserSingleOutputStreamDeletionTest.broadcasterSingleStreamRemoving(BroadcaserSingleOutputStreamDeletionTest.java:34)

testInit(com.zixi.testing.BroadcasterRtmpPushOutputCreationTest)  Time elapsed: 0.34 sec  <<< FAILURE!
java.lang.NoClassDefFoundError: com/zixi/drivers/drivers/BroadcasterRtmpPushOutputCreationDriver
	at com.zixi.testing.BroadcasterRtmpPushOutputCreationTest.testInit(BroadcasterRtmpPushOutputCreationTest.java:14)

testInit(com.zixi.testing.BroadcasterRtmpPushInputCreationStreamTest)  Time elapsed: 0.001 sec  <<< FAILURE!
java.lang.NoClassDefFoundError: com/zixi/drivers/drivers/BroadcasterRtmpPushInputStreamDriver
	at com.zixi.testing.BroadcasterRtmpPushInputCreationStreamTest.testInit(BroadcasterRtmpPushInputCreationStreamTest.java:14)

broadcasterSingleInputStreamStatisticAnilyzer(com.zixi.testing.BroadcasterInputStatisticSingleStreamTest)  Time elapsed: 10.795 sec  <<< FAILURE!
org.json.JSONException: JSONObject["net"] not found.
	at org.json.JSONObject.get(JSONObject.java:476)
	at org.json.JSONObject.getJSONObject(JSONObject.java:576)
	at com.zixi.tools.StreamStatisticAnalyzer.getStatBitrate(StreamStatisticAnalyzer.java:11)
	at com.zixi.drivers.drivers.BroadcasterInputStatisticSingleStreamDriver.testStatistic(BroadcasterInputStatisticSingleStreamDriver.java:61)
	at com.zixi.testing.BroadcasterInputStatisticSingleStreamTest.broadcasterSingleInputStreamStatisticAnilyzer(BroadcasterInputStatisticSingleStreamTest.java:33)

testInit(com.zixi.testing.BroadcasterSingleInputStreamDeletionTest)  Time elapsed: 10.834 sec  <<< FAILURE!
java.lang.NoClassDefFoundError: com/zixi/drivers/drivers/BroadcasterSingleInputStreamDeletionDriver
	at com.zixi.testing.BroadcasterSingleInputStreamDeletionTest.testInit(BroadcasterSingleInputStreamDeletionTest.java:14)

broadcasterSingleStreamRemoving(com.zixi.testing.BroadcaserSingleOutputStreamDeletionTest)  Time elapsed: 0.297 sec  <<< FAILURE!
java.lang.AssertionError: expected [Output rtmpushout removed.] but found [{"error":"failed removing output null"}]
	at org.testng.Assert.fail(Assert.java:94)
	at org.testng.Assert.failNotEquals(Assert.java:496)
	at org.testng.Assert.assertEquals(Assert.java:125)
	at org.testng.Assert.assertEquals(Assert.java:178)
	at org.testng.Assert.assertEquals(Assert.java:188)
	at com.zixi.testing.BroadcaserSingleOutputStreamDeletionTest.broadcasterSingleStreamRemoving(BroadcaserSingleOutputStreamDeletionTest.java:34)

testInit(com.zixi.testing.FeederOutputPushToBxTest)  Time elapsed: 0.334 sec  <<< FAILURE!
java.lang.NoClassDefFoundError: com/zixi/drivers/drivers/FeederOutputPushToBxDriver
	at com.zixi.testing.FeederOutputPushToBxTest.testInit(FeederOutputPushToBxTest.java:14)

testInit(com.zixi.testing.BroadcasterPushInStreamCreationTest)  Time elapsed: 0 sec  <<< FAILURE!
java.lang.NoClassDefFoundError: com/zixi/drivers/drivers/BroadcasterPushInStreamCreationDriver
	at com.zixi.testing.BroadcasterPushInStreamCreationTest.testInit(BroadcasterPushInStreamCreationTest.java:13)

testInit(com.zixi.testing.BroadcasterRtmpPushOutputCreationTest)  Time elapsed: 0.001 sec  <<< FAILURE!
java.lang.NoClassDefFoundError: com/zixi/drivers/drivers/BroadcasterRtmpPushOutputCreationDriver
	at com.zixi.testing.BroadcasterRtmpPushOutputCreationTest.testInit(BroadcasterRtmpPushOutputCreationTest.java:14)

testInit(com.zixi.testing.BroadcasterRtmpPushInputCreationStreamTest)  Time elapsed: 0.001 sec  <<< FAILURE!
java.lang.NoClassDefFoundError: com/zixi/drivers/drivers/BroadcasterRtmpPushInputStreamDriver
	at com.zixi.testing.BroadcasterRtmpPushInputCreationStreamTest.testInit(BroadcasterRtmpPushInputCreationStreamTest.java:14)

broadcasterSingleInputStreamStatisticAnilyzer(com.zixi.testing.BroadcasterInputStatisticSingleStreamTest)  Time elapsed: 10.771 sec  <<< FAILURE!
org.json.JSONException: JSONObject["net"] not found.
	at org.json.JSONObject.get(JSONObject.java:476)
	at org.json.JSONObject.getJSONObject(JSONObject.java:576)
	at com.zixi.tools.StreamStatisticAnalyzer.getStatBitrate(StreamStatisticAnalyzer.java:11)
	at com.zixi.drivers.drivers.BroadcasterInputStatisticSingleStreamDriver.testStatistic(BroadcasterInputStatisticSingleStreamDriver.java:61)
	at com.zixi.testing.BroadcasterInputStatisticSingleStreamTest.broadcasterSingleInputStreamStatisticAnilyzer(BroadcasterInputStatisticSingleStreamTest.java:33)

testInit(com.zixi.testing.FFMPEGImageStatisticTest)  Time elapsed: 0.568 sec  <<< FAILURE!
java.lang.NoClassDefFoundError: com/zixi/drivers/drivers/FFMPEGImageStatisticTestDriver
	at com.zixi.testing.FFMPEGImageStatisticTest.testInit(FFMPEGImageStatisticTest.java:15)

testInit(com.zixi.testing.BroadcasterSingleInputStreamDeletionTest)  Time elapsed: 0.614 sec  <<< FAILURE!
java.lang.NoClassDefFoundError: com/zixi/drivers/drivers/BroadcasterSingleInputStreamDeletionDriver
	at com.zixi.testing.BroadcasterSingleInputStreamDeletionTest.testInit(BroadcasterSingleInputStreamDeletionTest.java:14)

broadcasterSingleStreamRemoving(com.zixi.testing.BroadcaserSingleOutputStreamDeletionTest)  Time elapsed: 0.307 sec  <<< FAILURE!
java.lang.AssertionError: expected [Output rtmpushout removed.] but found [{"error":"failed removing output null"}]
	at org.testng.Assert.fail(Assert.java:94)
	at org.testng.Assert.failNotEquals(Assert.java:496)
	at org.testng.Assert.assertEquals(Assert.java:125)
	at org.testng.Assert.assertEquals(Assert.java:178)
	at org.testng.Assert.assertEquals(Assert.java:188)
	at com.zixi.testing.BroadcaserSingleOutputStreamDeletionTest.broadcasterSingleStreamRemoving(BroadcaserSingleOutputStreamDeletionTest.java:34)

testInit(com.zixi.testing.FeederOutputDeletioinTest)  Time elapsed: 0.341 sec  <<< FAILURE!
java.lang.NoClassDefFoundError: com/zixi/drivers/drivers/FeederOutputDeletionDriver
	at com.zixi.testing.FeederOutputDeletioinTest.testInit(FeederOutputDeletioinTest.java:13)

testInit(com.zixi.testing.BroadcasterSingleInputStreamDeletionTest)  Time elapsed: 0.001 sec  <<< FAILURE!
java.lang.NoClassDefFoundError: com/zixi/drivers/drivers/BroadcasterSingleInputStreamDeletionDriver
	at com.zixi.testing.BroadcasterSingleInputStreamDeletionTest.testInit(BroadcasterSingleInputStreamDeletionTest.java:14)

testInit(com.zixi.testing.FeederOutputPushToBxTest)  Time elapsed: 0.001 sec  <<< FAILURE!
java.lang.NoClassDefFoundError: com/zixi/drivers/drivers/FeederOutputPushToBxDriver
	at com.zixi.testing.FeederOutputPushToBxTest.testInit(FeederOutputPushToBxTest.java:14)

testInit(com.zixi.testing.BroadcasterPushInStreamCreationTest)  Time elapsed: 0 sec  <<< FAILURE!
java.lang.NoClassDefFoundError: com/zixi/drivers/drivers/BroadcasterPushInStreamCreationDriver
	at com.zixi.testing.BroadcasterPushInStreamCreationTest.testInit(BroadcasterPushInStreamCreationTest.java:13)

testInit(com.zixi.testing.BroadcasterRtmpPushOutputCreationTest)  Time elapsed: 0 sec  <<< FAILURE!
java.lang.NoClassDefFoundError: com/zixi/drivers/drivers/BroadcasterRtmpPushOutputCreationDriver
	at com.zixi.testing.BroadcasterRtmpPushOutputCreationTest.testInit(BroadcasterRtmpPushOutputCreationTest.java:14)

testInit(com.zixi.testing.BroadcasterRtmpPushInputCreationStreamTest)  Time elapsed: 0.001 sec  <<< FAILURE!
java.lang.NoClassDefFoundError: com/zixi/drivers/drivers/BroadcasterRtmpPushInputStreamDriver
	at com.zixi.testing.BroadcasterRtmpPushInputCreationStreamTest.testInit(BroadcasterRtmpPushInputCreationStreamTest.java:14)

broadcasterSingleInputStreamStatisticAnilyzer(com.zixi.testing.BroadcasterInputStatisticSingleStreamTest)  Time elapsed: 10.773 sec  <<< FAILURE!
org.json.JSONException: JSONObject["net"] not found.
	at org.json.JSONObject.get(JSONObject.java:476)
	at org.json.JSONObject.getJSONObject(JSONObject.java:576)
	at com.zixi.tools.StreamStatisticAnalyzer.getStatBitrate(StreamStatisticAnalyzer.java:11)
	at com.zixi.drivers.drivers.BroadcasterInputStatisticSingleStreamDriver.testStatistic(BroadcasterInputStatisticSingleStreamDriver.java:61)
	at com.zixi.testing.BroadcasterInputStatisticSingleStreamTest.broadcasterSingleInputStreamStatisticAnilyzer(BroadcasterInputStatisticSingleStreamTest.java:33)

testInit(com.zixi.testing.FFMPEGImageStatisticTest)  Time elapsed: 0.609 sec  <<< FAILURE!
java.lang.NoClassDefFoundError: com/zixi/drivers/drivers/FFMPEGImageStatisticTestDriver
	at com.zixi.testing.FFMPEGImageStatisticTest.testInit(FFMPEGImageStatisticTest.java:15)

testInit(com.zixi.testing.BroadcasterSingleInputStreamDeletionTest)  Time elapsed: 0.601 sec  <<< FAILURE!
java.lang.NoClassDefFoundError: com/zixi/drivers/drivers/BroadcasterSingleInputStreamDeletionDriver
	at com.zixi.testing.BroadcasterSingleInputStreamDeletionTest.testInit(BroadcasterSingleInputStreamDeletionTest.java:14)

broadcasterSingleStreamRemoving(com.zixi.testing.BroadcaserSingleOutputStreamDeletionTest)  Time elapsed: 0.295 sec  <<< FAILURE!
java.lang.AssertionError: expected [Output rtmpushout removed.] but found [{"error":"failed removing output null"}]
	at org.testng.Assert.fail(Assert.java:94)
	at org.testng.Assert.failNotEquals(Assert.java:496)
	at org.testng.Assert.assertEquals(Assert.java:125)
	at org.testng.Assert.assertEquals(Assert.java:178)
	at org.testng.Assert.assertEquals(Assert.java:188)
	at com.zixi.testing.BroadcaserSingleOutputStreamDeletionTest.broadcasterSingleStreamRemoving(BroadcaserSingleOutputStreamDeletionTest.java:34)

testInit(com.zixi.testing.FeederOutputDeletioinTest)  Time elapsed: 0.329 sec  <<< FAILURE!
java.lang.NoClassDefFoundError: com/zixi/drivers/drivers/FeederOutputDeletionDriver
	at com.zixi.testing.FeederOutputDeletioinTest.testInit(FeederOutputDeletioinTest.java:13)

testInit(com.zixi.testing.BroadcasterSingleInputStreamDeletionTest)  Time elapsed: 0.001 sec  <<< FAILURE!
java.lang.NoClassDefFoundError: com/zixi/drivers/drivers/BroadcasterSingleInputStreamDeletionDriver
	at com.zixi.testing.BroadcasterSingleInputStreamDeletionTest.testInit(BroadcasterSingleInputStreamDeletionTest.java:14)

testInit(com.zixi.testing.FeederOutputPushToBxTest)  Time elapsed: 0.001 sec  <<< FAILURE!
java.lang.NoClassDefFoundError: com/zixi/drivers/drivers/FeederOutputPushToBxDriver
	at com.zixi.testing.FeederOutputPushToBxTest.testInit(FeederOutputPushToBxTest.java:14)

testInit(com.zixi.testing.BroadcasterPushInStreamCreationTest)  Time elapsed: 0 sec  <<< FAILURE!
java.lang.NoClassDefFoundError: com/zixi/drivers/drivers/BroadcasterPushInStreamCreationDriver
	at com.zixi.testing.BroadcasterPushInStreamCreationTest.testInit(BroadcasterPushInStreamCreationTest.java:13)

testInit(com.zixi.testing.BroadcasterRtmpPushOutputCreationTest)  Time elapsed: 0 sec  <<< FAILURE!
java.lang.NoClassDefFoundError: com/zixi/drivers/drivers/BroadcasterRtmpPushOutputCreationDriver
	at com.zixi.testing.BroadcasterRtmpPushOutputCreationTest.testInit(BroadcasterRtmpPushOutputCreationTest.java:14)

testInit(com.zixi.testing.BroadcasterRtmpPushInputCreationStreamTest)  Time elapsed: 0.001 sec  <<< FAILURE!
java.lang.NoClassDefFoundError: com/zixi/drivers/drivers/BroadcasterRtmpPushInputStreamDriver
	at com.zixi.testing.BroadcasterRtmpPushInputCreationStreamTest.testInit(BroadcasterRtmpPushInputCreationStreamTest.java:14)

broadcasterSingleInputStreamStatisticAnilyzer(com.zixi.testing.BroadcasterInputStatisticSingleStreamTest)  Time elapsed: 10.752 sec  <<< FAILURE!
org.json.JSONException: JSONObject["net"] not found.
	at org.json.JSONObject.get(JSONObject.java:476)
	at org.json.JSONObject.getJSONObject(JSONObject.java:576)
	at com.zixi.tools.StreamStatisticAnalyzer.getStatBitrate(StreamStatisticAnalyzer.java:11)
	at com.zixi.drivers.drivers.BroadcasterInputStatisticSingleStreamDriver.testStatistic(BroadcasterInputStatisticSingleStreamDriver.java:61)
	at com.zixi.testing.BroadcasterInputStatisticSingleStreamTest.broadcasterSingleInputStreamStatisticAnilyzer(BroadcasterInputStatisticSingleStreamTest.java:33)

testInit(com.zixi.testing.FFMPEGImageStatisticTest)  Time elapsed: 0.555 sec  <<< FAILURE!
java.lang.NoClassDefFoundError: com/zixi/drivers/drivers/FFMPEGImageStatisticTestDriver
	at com.zixi.testing.FFMPEGImageStatisticTest.testInit(FFMPEGImageStatisticTest.java:15)

testInit(com.zixi.testing.BroadcasterSingleInputStreamDeletionTest)  Time elapsed: 0.603 sec  <<< FAILURE!
java.lang.NoClassDefFoundError: com/zixi/drivers/drivers/BroadcasterSingleInputStreamDeletionDriver
	at com.zixi.testing.BroadcasterSingleInputStreamDeletionTest.testInit(BroadcasterSingleInputStreamDeletionTest.java:14)

broadcasterSingleStreamRemoving(com.zixi.testing.BroadcaserSingleOutputStreamDeletionTest)  Time elapsed: 0.24 sec  <<< FAILURE!
java.lang.AssertionError: expected [Output rtmpushout removed.] but found [{"error":"failed removing output null"}]
	at org.testng.Assert.fail(Assert.java:94)
	at org.testng.Assert.failNotEquals(Assert.java:496)
	at org.testng.Assert.assertEquals(Assert.java:125)
	at org.testng.Assert.assertEquals(Assert.java:178)
	at org.testng.Assert.assertEquals(Assert.java:188)
	at com.zixi.testing.BroadcaserSingleOutputStreamDeletionTest.broadcasterSingleStreamRemoving(BroadcaserSingleOutputStreamDeletionTest.java:34)

testInit(com.zixi.testing.FeederOutputDeletioinTest)  Time elapsed: 0.277 sec  <<< FAILURE!
java.lang.NoClassDefFoundError: com/zixi/drivers/drivers/FeederOutputDeletionDriver
	at com.zixi.testing.FeederOutputDeletioinTest.testInit(FeederOutputDeletioinTest.java:13)

testInit(com.zixi.testing.BroadcasterSingleInputStreamDeletionTest)  Time elapsed: 0 sec  <<< FAILURE!
java.lang.NoClassDefFoundError: com/zixi/drivers/drivers/BroadcasterSingleInputStreamDeletionDriver
	at com.zixi.testing.BroadcasterSingleInputStreamDeletionTest.testInit(BroadcasterSingleInputStreamDeletionTest.java:14)

testInit(com.zixi.load.testing.BroadcasterMultipleRtmpPullCreationTest)  Time elapsed: 0 sec  <<< FAILURE!
java.lang.NoClassDefFoundError: com/zixi/load/drivers/BroadcasterMultipleCreationDriver
	at com.zixi.load.testing.BroadcasterMultipleRtmpPullCreationTest.testInit(BroadcasterMultipleRtmpPullCreationTest.java:21)
Caused by: java.lang.ClassNotFoundException: com.zixi.load.drivers.BroadcasterMultipleCreationDriver
	at java.net.URLClassLoader$1.run(Unknown Source)
	at java.net.URLClassLoader$1.run(Unknown Source)
	at java.security.AccessController.doPrivileged(Native Method)
	at java.net.URLClassLoader.findClass(Unknown Source)
	at java.lang.ClassLoader.loadClass(Unknown Source)
	at sun.misc.Launcher$AppClassLoader.loadClass(Unknown Source)
	at java.lang.ClassLoader.loadClass(Unknown Source)
	... 31 more

[...]
testInit(com.zixi.testing.FeederOutputPushToBxTest)  Time elapsed: 0 sec  <<< FAILURE!
java.lang.NoClassDefFoundError: com/zixi/drivers/drivers/FeederOutputPushToBxDriver
	at com.zixi.testing.FeederOutputPushToBxTest.testInit(FeederOutputPushToBxTest.java:14)

testInit(com.zixi.testing.BroadcasterPushInStreamCreationTest)  Time elapsed: 0.001 sec  <<< FAILURE!
java.lang.NoClassDefFoundError: com/zixi/drivers/drivers/BroadcasterPushInStreamCreationDriver
	at com.zixi.testing.BroadcasterPushInStreamCreationTest.testInit(BroadcasterPushInStreamCreationTest.java:13)

broadcasterSingleInputStreamStatisticAnilyzer(com.zixi.testing.BroadcasterInputStatisticSingleStreamTest)  Time elapsed: 10.748 sec  <<< FAILURE!
org.json.JSONException: JSONObject["net"] not found.
	at org.json.JSONObject.get(JSONObject.java:476)
	at org.json.JSONObject.getJSONObject(JSONObject.java:576)
	at com.zixi.tools.StreamStatisticAnalyzer.getStatBitrate(StreamStatisticAnalyzer.java:11)
	at com.zixi.drivers.drivers.BroadcasterInputStatisticSingleStreamDriver.testStatistic(BroadcasterInputStatisticSingleStreamDriver.java:61)
	at com.zixi.testing.BroadcasterInputStatisticSingleStreamTest.broadcasterSingleInputStreamStatisticAnilyzer(BroadcasterInputStatisticSingleStreamTest.java:33)

testInit(com.zixi.testing.FeederOutputDeletioinTest)  Time elapsed: 10.784 sec  <<< FAILURE!
java.lang.NoClassDefFoundError: com/zixi/drivers/drivers/FeederOutputDeletionDriver
	at com.zixi.testing.FeederOutputDeletioinTest.testInit(FeederOutputDeletioinTest.java:13)

testInit(com.zixi.testing.BroadcasterSingleInputStreamDeletionTest)  Time elapsed: 0.001 sec  <<< FAILURE!
java.lang.NoClassDefFoundError: com/zixi/drivers/drivers/BroadcasterSingleInputStreamDeletionDriver
	at com.zixi.testing.BroadcasterSingleInputStreamDeletionTest.testInit(BroadcasterSingleInputStreamDeletionTest.java:14)

testInit(com.zixi.testing.FileTransferTest)  Time elapsed: 0.544 sec  <<< FAILURE!
java.lang.NoClassDefFoundError: com/zixi/drivers/drivers/BroadcasterFileUploadDriver
	at com.zixi.testing.FileTransferTest.testInit(FileTransferTest.java:13)
Caused by: java.lang.ClassNotFoundException: com.zixi.drivers.drivers.BroadcasterFileUploadDriver
	at java.net.URLClassLoader$1.run(Unknown Source)
	at java.net.URLClassLoader$1.run(Unknown Source)
	at java.security.AccessController.doPrivileged(Native Method)
	at java.net.URLClassLoader.findClass(Unknown Source)
	at java.lang.ClassLoader.loadClass(Unknown Source)
	at sun.misc.Launcher$AppClassLoader.loadClass(Unknown Source)
	at java.lang.ClassLoader.loadClass(Unknown Source)
	... 31 more

testInit(com.zixi.testing.FileTransferTest)  Time elapsed: 0 sec  <<< FAILURE!
java.lang.NoClassDefFoundError: com/zixi/drivers/drivers/BroadcasterFileUploadDriver
	at com.zixi.testing.FileTransferTest.testInit(FileTransferTest.java:13)

testInit(com.zixi.testing.BroadcasterConfigMulticastPoolTest)  Time elapsed: 0.001 sec  <<< FAILURE!
java.lang.NoClassDefFoundError: com/zixi/drivers/drivers/BroadcasterConfigMulticastPoolDriver
	at com.zixi.testing.BroadcasterConfigMulticastPoolTest.testInit(BroadcasterConfigMulticastPoolTest.java:16)
Caused by: java.lang.ClassNotFoundException: com.zixi.drivers.drivers.BroadcasterConfigMulticastPoolDriver
	at java.net.URLClassLoader$1.run(Unknown Source)
	at java.net.URLClassLoader$1.run(Unknown Source)
	at java.security.AccessController.doPrivileged(Native Method)
	at java.net.URLClassLoader.findClass(Unknown Source)
	at java.lang.ClassLoader.loadClass(Unknown Source)
	at sun.misc.Launcher$AppClassLoader.loadClass(Unknown Source)
	at java.lang.ClassLoader.loadClass(Unknown Source)
	... 31 more

testInit(com.zixi.testing.FeederOutputPushToBxTest)  Time elapsed: 0 sec  <<< FAILURE!
java.lang.NoClassDefFoundError: com/zixi/drivers/drivers/FeederOutputPushToBxDriver
	at com.zixi.testing.FeederOutputPushToBxTest.testInit(FeederOutputPushToBxTest.java:14)

testInit(com.zixi.testing.BroadcasterPushInStreamCreationTest)  Time elapsed: 0 sec  <<< FAILURE!
java.lang.NoClassDefFoundError: com/zixi/drivers/drivers/BroadcasterPushInStreamCreationDriver
	at com.zixi.testing.BroadcasterPushInStreamCreationTest.testInit(BroadcasterPushInStreamCreationTest.java:13)

broadcasterSingleInputStreamStatisticAnilyzer(com.zixi.testing.BroadcasterInputStatisticSingleStreamTest)  Time elapsed: 10.74 sec  <<< FAILURE!
java.lang.AssertionError: expected [good] but found [On of the bit rate API probing showed zero bit rete]
	at org.testng.Assert.fail(Assert.java:94)
	at org.testng.Assert.failNotEquals(Assert.java:496)
	at org.testng.Assert.assertEquals(Assert.java:125)
	at org.testng.Assert.assertEquals(Assert.java:178)
	at org.testng.Assert.assertEquals(Assert.java:188)
	at com.zixi.testing.BroadcasterInputStatisticSingleStreamTest.broadcasterSingleInputStreamStatisticAnilyzer(BroadcasterInputStatisticSingleStreamTest.java:33)

testInit(com.zixi.testing.FFMPEGImageStatisticTest)  Time elapsed: 0.518 sec  <<< FAILURE!
java.lang.NoClassDefFoundError: com/zixi/drivers/drivers/FFMPEGImageStatisticTestDriver
	at com.zixi.testing.FFMPEGImageStatisticTest.testInit(FFMPEGImageStatisticTest.java:15)

testInit(com.zixi.testing.FeederOutputDeletioinTest)  Time elapsed: 0.528 sec  <<< FAILURE!
java.lang.NoClassDefFoundError: com/zixi/drivers/drivers/FeederOutputDeletionDriver
	at com.zixi.testing.FeederOutputDeletioinTest.testInit(FeederOutputDeletioinTest.java:13)

testInit(com.zixi.testing.BroadcasterSingleInputStreamDeletionTest)  Time elapsed: 0 sec  <<< FAILURE!
java.lang.NoClassDefFoundError: com/zixi/drivers/drivers/BroadcasterSingleInputStreamDeletionDriver
	at com.zixi.testing.BroadcasterSingleInputStreamDeletionTest.testInit(BroadcasterSingleInputStreamDeletionTest.java:14)

testInit(com.zixi.testing.BroadcasterSingleInputStreamDeletionTest)  Time elapsed: 0 sec  <<< FAILURE!
java.lang.NoClassDefFoundError: com/zixi/drivers/drivers/BroadcasterSingleInputStreamDeletionDriver
	at com.zixi.testing.BroadcasterSingleInputStreamDeletionTest.testInit(BroadcasterSingleInputStreamDeletionTest.java:14)

testInit(com.zixi.load.testing.BroadcasterMultipleUdpTest)  Time elapsed: 0 sec  <<< FAILURE!
java.lang.NoClassDefFoundError: com/zixi/load/drivers/BroadcasterMultipleUdpDriver
	at com.zixi.load.testing.BroadcasterMultipleUdpTest.testInit(BroadcasterMultipleUdpTest.java:20)
Caused by: java.lang.ClassNotFoundException: com.zixi.load.drivers.BroadcasterMultipleUdpDriver
	at java.net.URLClassLoader$1.run(Unknown Source)
	at java.net.URLClassLoader$1.run(Unknown Source)
	at java.security.AccessController.doPrivileged(Native Method)
	at java.net.URLClassLoader.findClass(Unknown Source)
	at java.lang.ClassLoader.loadClass(Unknown Source)
	at sun.misc.Launcher$AppClassLoader.loadClass(Unknown Source)
	at java.lang.ClassLoader.loadClass(Unknown Source)
	... 31 more

testInit(com.zixi.load.testing.BroadcasterRundomInputStreamTest)  Time elapsed: 0.493 sec  <<< FAILURE!
java.lang.NoClassDefFoundError: com/zixi/load/drivers/BroadcasterRundomInputStreamDriver
	at com.zixi.load.testing.BroadcasterRundomInputStreamTest.testInit(BroadcasterRundomInputStreamTest.java:18)

testInit(com.zixi.load.testing.BroadcaserAllInputStreamDeletorTest)  Time elapsed: 0.51 sec  <<< FAILURE!
java.lang.NoClassDefFoundError: com/zixi/drivers/drivers/BroadcaserAllInputStreamDeletorDriver
	at com.zixi.load.testing.BroadcaserAllInputStreamDeletorTest.testInit(BroadcaserAllInputStreamDeletorTest.java:15)

testInit(com.zixi.load.testing.BroadcaserAllOututStreamDeletorTest)  Time elapsed: 0 sec  <<< FAILURE!
java.lang.NoClassDefFoundError: com/zixi/load/drivers/BroadcaserAllOutputStreamDeletorDriver
	at com.zixi.load.testing.BroadcaserAllOututStreamDeletorTest.testInit(BroadcaserAllOututStreamDeletorTest.java:20)

testInit(com.zixi.testing.BroadcasterUdpInStreamCreationTest)  Time elapsed: 0.001 sec  <<< FAILURE!
java.lang.NoClassDefFoundError: com/zixi/drivers/drivers/BroadcasterSingleUdpInCreationDriver
	at com.zixi.testing.BroadcasterUdpInStreamCreationTest.testInit(BroadcasterUdpInStreamCreationTest.java:18)

broadcasterPullInCreation(com.zixi.testing.BroadcasterUDPOutputStreamCreationTest)  Time elapsed: 0.223 sec  <<< FAILURE!
java.lang.AssertionError: expected [Output test added.] but found [{"error":"output already exists"}]
	at org.testng.Assert.fail(Assert.java:94)
	at org.testng.Assert.failNotEquals(Assert.java:496)
	at org.testng.Assert.assertEquals(Assert.java:125)
	at org.testng.Assert.assertEquals(Assert.java:178)
	at org.testng.Assert.assertEquals(Assert.java:188)
	at com.zixi.testing.BroadcasterUDPOutputStreamCreationTest.broadcasterPullInCreation(BroadcasterUDPOutputStreamCreationTest.java:39)

broadcasterSingleInputStreamStatisticAnilyzer(com.zixi.testing.BroadcasterInputStatisticSingleStreamTest)  Time elapsed: 10.741 sec  <<< FAILURE!
org.json.JSONException: JSONObject["net"] not found.
	at org.json.JSONObject.get(JSONObject.java:476)
	at org.json.JSONObject.getJSONObject(JSONObject.java:576)
	at com.zixi.tools.StreamStatisticAnalyzer.getStatBitrate(StreamStatisticAnalyzer.java:11)
	at com.zixi.drivers.drivers.BroadcasterInputStatisticSingleStreamDriver.testStatistic(BroadcasterInputStatisticSingleStreamDriver.java:61)
	at com.zixi.testing.BroadcasterInputStatisticSingleStreamTest.broadcasterSingleInputStreamStatisticAnilyzer(BroadcasterInputStatisticSingleStreamTest.java:33)

testInit(com.zixi.testing.BroadcasterSingleInputStreamDeletionTest)  Time elapsed: 10.778 sec  <<< FAILURE!
java.lang.NoClassDefFoundError: com/zixi/drivers/drivers/BroadcasterSingleInputStreamDeletionDriver
	at com.zixi.testing.BroadcasterSingleInputStreamDeletionTest.testInit(BroadcasterSingleInputStreamDeletionTest.java:14)

testInit(com.zixi.testing.BroadcasterUdpInStreamCreationTest)  Time elapsed: 0.398 sec  <<< FAILURE!
java.lang.NoClassDefFoundError: com/zixi/drivers/drivers/BroadcasterSingleUdpInCreationDriver
	at com.zixi.testing.BroadcasterUdpInStreamCreationTest.testInit(BroadcasterUdpInStreamCreationTest.java:18)

broadcasterSingleInputStreamStatisticAnilyzer(com.zixi.testing.BroadcasterInputStatisticSingleStreamTest)  Time elapsed: 10.751 sec  <<< FAILURE!
org.json.JSONException: JSONObject["net"] not found.
	at org.json.JSONObject.get(JSONObject.java:476)
	at org.json.JSONObject.getJSONObject(JSONObject.java:576)
	at com.zixi.tools.StreamStatisticAnalyzer.getStatBitrate(StreamStatisticAnalyzer.java:11)
	at com.zixi.drivers.drivers.BroadcasterInputStatisticSingleStreamDriver.testStatistic(BroadcasterInputStatisticSingleStreamDriver.java:61)
	at com.zixi.testing.BroadcasterInputStatisticSingleStreamTest.broadcasterSingleInputStreamStatisticAnilyzer(BroadcasterInputStatisticSingleStreamTest.java:33)

testInit(com.zixi.testing.BroadcasterSingleInputStreamDeletionTest)  Time elapsed: 10.785 sec  <<< FAILURE!
java.lang.NoClassDefFoundError: com/zixi/drivers/drivers/BroadcasterSingleInputStreamDeletionDriver
	at com.zixi.testing.BroadcasterSingleInputStreamDeletionTest.testInit(BroadcasterSingleInputStreamDeletionTest.java:14)

testInit(com.zixi.testing.BroadcasterUdpInStreamCreationTest)  Time elapsed: 0.433 sec  <<< FAILURE!
java.lang.NoClassDefFoundError: com/zixi/drivers/drivers/BroadcasterSingleUdpInCreationDriver
	at com.zixi.testing.BroadcasterUdpInStreamCreationTest.testInit(BroadcasterUdpInStreamCreationTest.java:18)

broadcasterSingleInputStreamStatisticAnilyzer(com.zixi.testing.BroadcasterInputStatisticSingleStreamTest)  Time elapsed: 10.73 sec  <<< FAILURE!
org.json.JSONException: JSONObject["net"] not found.
	at org.json.JSONObject.get(JSONObject.java:476)
	at org.json.JSONObject.getJSONObject(JSONObject.java:576)
	at com.zixi.tools.StreamStatisticAnalyzer.getStatBitrate(StreamStatisticAnalyzer.java:11)
	at com.zixi.drivers.drivers.BroadcasterInputStatisticSingleStreamDriver.testStatistic(BroadcasterInputStatisticSingleStreamDriver.java:61)
	at com.zixi.testing.BroadcasterInputStatisticSingleStreamTest.broadcasterSingleInputStreamStatisticAnilyzer(BroadcasterInputStatisticSingleStreamTest.java:33)

testInit(com.zixi.testing.BroadcasterSingleInputStreamDeletionTest)  Time elapsed: 10.766 sec  <<< FAILURE!
java.lang.NoClassDefFoundError: com/zixi/drivers/drivers/BroadcasterSingleInputStreamDeletionDriver
	at com.zixi.testing.BroadcasterSingleInputStreamDeletionTest.testInit(BroadcasterSingleInputStreamDeletionTest.java:14)

testInit(com.zixi.testing.BroadcasterUdpInStreamCreationTest)  Time elapsed: 0.428 sec  <<< FAILURE!
java.lang.NoClassDefFoundError: com/zixi/drivers/drivers/BroadcasterSingleUdpInCreationDriver
	at com.zixi.testing.BroadcasterUdpInStreamCreationTest.testInit(BroadcasterUdpInStreamCreationTest.java:18)

broadcasterSingleInputStreamStatisticAnilyzer(com.zixi.testing.BroadcasterInputStatisticSingleStreamTest)  Time elapsed: 10.733 sec  <<< FAILURE!
org.json.JSONException: JSONObject["net"] not found.
	at org.json.JSONObject.get(JSONObject.java:476)
	at org.json.JSONObject.getJSONObject(JSONObject.java:576)
	at com.zixi.tools.StreamStatisticAnalyzer.getStatBitrate(StreamStatisticAnalyzer.java:11)
	at com.zixi.drivers.drivers.BroadcasterInputStatisticSingleStreamDriver.testStatistic(BroadcasterInputStatisticSingleStreamDriver.java:61)
	at com.zixi.testing.BroadcasterInputStatisticSingleStreamTest.broadcasterSingleInputStreamStatisticAnilyzer(BroadcasterInputStatisticSingleStreamTest.java:33)

testInit(com.zixi.testing.FFMPEGImageStatisticTest)  Time elapsed: 0.528 sec  <<< FAILURE!
java.lang.NoClassDefFoundError: com/zixi/drivers/drivers/FFMPEGImageStatisticTestDriver
	at com.zixi.testing.FFMPEGImageStatisticTest.testInit(FFMPEGImageStatisticTest.java:15)

testInit(com.zixi.testing.BroadcasterSingleInputStreamDeletionTest)  Time elapsed: 0.511 sec  <<< FAILURE!
java.lang.NoClassDefFoundError: com/zixi/drivers/drivers/BroadcasterSingleInputStreamDeletionDriver
	at com.zixi.testing.BroadcasterSingleInputStreamDeletionTest.testInit(BroadcasterSingleInputStreamDeletionTest.java:14)

testInit(com.zixi.testing.BroadcasterUdpInStreamCreationTest)  Time elapsed: 0.38 sec  <<< FAILURE!
java.lang.NoClassDefFoundError: com/zixi/drivers/drivers/BroadcasterSingleUdpInCreationDriver
	at com.zixi.testing.BroadcasterUdpInStreamCreationTest.testInit(BroadcasterUdpInStreamCreationTest.java:18)

broadcasterSingleInputStreamStatisticAnilyzer(com.zixi.testing.BroadcasterInputStatisticSingleStreamTest)  Time elapsed: 10.739 sec  <<< FAILURE!
org.json.JSONException: JSONObject["net"] not found.
	at org.json.JSONObject.get(JSONObject.java:476)
	at org.json.JSONObject.getJSONObject(JSONObject.java:576)
	at com.zixi.tools.StreamStatisticAnalyzer.getStatBitrate(StreamStatisticAnalyzer.java:11)
	at com.zixi.drivers.drivers.BroadcasterInputStatisticSingleStreamDriver.testStatistic(BroadcasterInputStatisticSingleStreamDriver.java:61)
	at com.zixi.testing.BroadcasterInputStatisticSingleStreamTest.broadcasterSingleInputStreamStatisticAnilyzer(BroadcasterInputStatisticSingleStreamTest.java:33)

testInit(com.zixi.testing.BroadcasterSingleInputStreamDeletionTest)  Time elapsed: 10.812 sec  <<< FAILURE!
java.lang.NoClassDefFoundError: com/zixi/drivers/drivers/BroadcasterSingleInputStreamDeletionDriver
	at com.zixi.testing.BroadcasterSingleInputStreamDeletionTest.testInit(BroadcasterSingleInputStreamDeletionTest.java:14)

testInit(com.zixi.testing.BroadcasterPushInStreamCreationTest)  Time elapsed: 0.403 sec  <<< FAILURE!
java.lang.NoClassDefFoundError: com/zixi/drivers/drivers/BroadcasterPushInStreamCreationDriver
	at com.zixi.testing.BroadcasterPushInStreamCreationTest.testInit(BroadcasterPushInStreamCreationTest.java:13)

testInit(com.zixi.testing.BroadcasterPushOutStreamCreationGeneralTest)  Time elapsed: 0 sec  <<< FAILURE!
java.lang.NoClassDefFoundError: com/zixi/drivers/drivers/BroadcasterPushOutStreamCreationDriver
	at com.zixi.testing.BroadcasterPushOutStreamCreationGeneralTest.testInit(BroadcasterPushOutStreamCreationGeneralTest.java:16)
Caused by: java.lang.ClassNotFoundException: com.zixi.drivers.drivers.BroadcasterPushOutStreamCreationDriver
	at java.net.URLClassLoader$1.run(Unknown Source)
	at java.net.URLClassLoader$1.run(Unknown Source)
	at java.security.AccessController.doPrivileged(Native Method)
	at java.net.URLClassLoader.findClass(Unknown Source)
	at java.lang.ClassLoader.loadClass(Unknown Source)
	at sun.misc.Launcher$AppClassLoader.loadClass(Unknown Source)
	at java.lang.ClassLoader.loadClass(Unknown Source)
	... 31 more

broadcasterSingleInputStreamStatisticAnilyzer(com.zixi.testing.BroadcasterInputStatisticSingleStreamTest)  Time elapsed: 10.74 sec  <<< FAILURE!
org.json.JSONException: JSONObject["net"] not found.
	at org.json.JSONObject.get(JSONObject.java:476)
	at org.json.JSONObject.getJSONObject(JSONObject.java:576)
	at com.zixi.tools.StreamStatisticAnalyzer.getStatBitrate(StreamStatisticAnalyzer.java:11)
	at com.zixi.drivers.drivers.BroadcasterInputStatisticSingleStreamDriver.testStatistic(BroadcasterInputStatisticSingleStreamDriver.java:61)
	at com.zixi.testing.BroadcasterInputStatisticSingleStreamTest.broadcasterSingleInputStreamStatisticAnilyzer(BroadcasterInputStatisticSingleStreamTest.java:33)

testInit(com.zixi.testing.BroadcasterPushInStreamCreationTest)  Time elapsed: 10.776 sec  <<< FAILURE!
java.lang.NoClassDefFoundError: com/zixi/drivers/drivers/BroadcasterPushInStreamCreationDriver
	at com.zixi.testing.BroadcasterPushInStreamCreationTest.testInit(BroadcasterPushInStreamCreationTest.java:13)

testInit(com.zixi.testing.BroadcasterSingleInputStreamDeletionTest)  Time elapsed: 0 sec  <<< FAILURE!
java.lang.NoClassDefFoundError: com/zixi/drivers/drivers/BroadcasterSingleInputStreamDeletionDriver
	at com.zixi.testing.BroadcasterSingleInputStreamDeletionTest.testInit(BroadcasterSingleInputStreamDeletionTest.java:14)

broadcasterSingleInputStreamStatisticAnilyzer(com.zixi.testing.BroadcasterInputStatisticSingleStreamTest)  Time elapsed: 10.751 sec  <<< FAILURE!
org.json.JSONException: JSONObject["net"] not found.
	at org.json.JSONObject.get(JSONObject.java:476)
	at org.json.JSONObject.getJSONObject(JSONObject.java:576)
	at com.zixi.tools.StreamStatisticAnalyzer.getStatBitrate(StreamStatisticAnalyzer.java:11)
	at com.zixi.drivers.drivers.BroadcasterInputStatisticSingleStreamDriver.testStatistic(BroadcasterInputStatisticSingleStreamDriver.java:61)
	at com.zixi.testing.BroadcasterInputStatisticSingleStreamTest.broadcasterSingleInputStreamStatisticAnilyzer(BroadcasterInputStatisticSingleStreamTest.java:33)

testInit(com.zixi.testing.FFMPEGImageStatisticTest)  Time elapsed: 0.496 sec  <<< FAILURE!
java.lang.NoClassDefFoundError: com/zixi/drivers/drivers/FFMPEGImageStatisticTestDriver
	at com.zixi.testing.FFMPEGImageStatisticTest.testInit(FFMPEGImageStatisticTest.java:15)

testInit(com.zixi.testing.BroadcasterSingleInputStreamDeletionTest)  Time elapsed: 0.516 sec  <<< FAILURE!
java.lang.NoClassDefFoundError: com/zixi/drivers/drivers/BroadcasterSingleInputStreamDeletionDriver
	at com.zixi.testing.BroadcasterSingleInputStreamDeletionTest.testInit(BroadcasterSingleInputStreamDeletionTest.java:14)

broadcasterSingleStreamRemoving(com.zixi.testing.BroadcaserSingleOutputStreamDeletionTest)  Time elapsed: 0.186 sec  <<< FAILURE!
java.lang.AssertionError: expected [Output pushtest removed.] but found [{"error":"failed removing output null"}]
	at org.testng.Assert.fail(Assert.java:94)
	at org.testng.Assert.failNotEquals(Assert.java:496)
	at org.testng.Assert.assertEquals(Assert.java:125)
	at org.testng.Assert.assertEquals(Assert.java:178)
	at org.testng.Assert.assertEquals(Assert.java:188)
	at com.zixi.testing.BroadcaserSingleOutputStreamDeletionTest.broadcasterSingleStreamRemoving(BroadcaserSingleOutputStreamDeletionTest.java:34)

