-------------------------------------------------------------------------------
Test set: TestSuite
-------------------------------------------------------------------------------
Tests run: 314, Failures: 7, Errors: 0, Skipped: 0, Time elapsed: 6,762.457 sec <<< FAILURE!
broadcasterSingleInputStreamStatisticAnilyzer(com.zixi.testing.FFMPEGImageStatisticTest)  Time elapsed: 86.241 sec  <<< FAILURE!
java.lang.AssertionError: expected [good] but found [bad]
	at org.testng.Assert.fail(Assert.java:94)
	at org.testng.Assert.failNotEquals(Assert.java:496)
	at org.testng.Assert.assertEquals(Assert.java:125)
	at org.testng.Assert.assertEquals(Assert.java:178)
	at org.testng.Assert.assertEquals(Assert.java:188)
	at com.zixi.testing.FFMPEGImageStatisticTest.broadcasterSingleInputStreamStatisticAnilyzer(FFMPEGImageStatisticTest.java:25)

receiverOutputUdpTest(com.zixi.testing.ReceiverUdpOutCreationTest)  Time elapsed: 0.007 sec  <<< FAILURE!
java.lang.AssertionError: expected [Stream '10.7.0.150:5555' added.] but found [{"error":"Failed adding new stream; Target conflict"}]
	at org.testng.Assert.fail(Assert.java:94)
	at org.testng.Assert.failNotEquals(Assert.java:496)
	at org.testng.Assert.assertEquals(Assert.java:125)
	at org.testng.Assert.assertEquals(Assert.java:178)
	at org.testng.Assert.assertEquals(Assert.java:188)
	at com.zixi.testing.ReceiverUdpOutCreationTest.receiverOutputUdpTest(ReceiverUdpOutCreationTest.java:27)

broadcasterSingleInputStreamStatisticAnilyzer(com.zixi.testing.FFMPEGImageStatisticTest)  Time elapsed: 804.887 sec  <<< FAILURE!
java.lang.AssertionError: expected [good] but found [bad]
	at org.testng.Assert.fail(Assert.java:94)
	at org.testng.Assert.failNotEquals(Assert.java:496)
	at org.testng.Assert.assertEquals(Assert.java:125)
	at org.testng.Assert.assertEquals(Assert.java:178)
	at org.testng.Assert.assertEquals(Assert.java:188)
	at com.zixi.testing.FFMPEGImageStatisticTest.broadcasterSingleInputStreamStatisticAnilyzer(FFMPEGImageStatisticTest.java:25)

receiverDeleteOutputStreamTest(com.zixi.testing.ReceiverOutputStreamDeletionTest)  Time elapsed: 0.006 sec  <<< FAILURE!
java.lang.AssertionError: expected [Stream '10.7.0.150:5555' removed.] but found [Stream removed.]
	at org.testng.Assert.fail(Assert.java:94)
	at org.testng.Assert.failNotEquals(Assert.java:496)
	at org.testng.Assert.assertEquals(Assert.java:125)
	at org.testng.Assert.assertEquals(Assert.java:178)
	at org.testng.Assert.assertEquals(Assert.java:188)
	at com.zixi.testing.ReceiverOutputStreamDeletionTest.receiverDeleteOutputStreamTest(ReceiverOutputStreamDeletionTest.java:22)

receiverOutputUdpTest(com.zixi.testing.ReceiverUdpOutCreationTest)  Time elapsed: 0.005 sec  <<< FAILURE!
java.lang.AssertionError: expected [Stream '10.7.0.150:5555' added.] but found [{"error":"Failed adding new stream; Target conflict"}]
	at org.testng.Assert.fail(Assert.java:94)
	at org.testng.Assert.failNotEquals(Assert.java:496)
	at org.testng.Assert.assertEquals(Assert.java:125)
	at org.testng.Assert.assertEquals(Assert.java:178)
	at org.testng.Assert.assertEquals(Assert.java:188)
	at com.zixi.testing.ReceiverUdpOutCreationTest.receiverOutputUdpTest(ReceiverUdpOutCreationTest.java:27)

broadcasterSingleInputStreamStatisticAnilyzer(com.zixi.testing.FFMPEGImageStatisticTest)  Time elapsed: 804.882 sec  <<< FAILURE!
java.lang.AssertionError: expected [good] but found [bad]
	at org.testng.Assert.fail(Assert.java:94)
	at org.testng.Assert.failNotEquals(Assert.java:496)
	at org.testng.Assert.assertEquals(Assert.java:125)
	at org.testng.Assert.assertEquals(Assert.java:178)
	at org.testng.Assert.assertEquals(Assert.java:188)
	at com.zixi.testing.FFMPEGImageStatisticTest.broadcasterSingleInputStreamStatisticAnilyzer(FFMPEGImageStatisticTest.java:25)

receiverDeleteOutputStreamTest(com.zixi.testing.ReceiverOutputStreamDeletionTest)  Time elapsed: 0.006 sec  <<< FAILURE!
java.lang.AssertionError: expected [Stream '10.7.0.150:5555' removed.] but found [Stream removed.]
	at org.testng.Assert.fail(Assert.java:94)
	at org.testng.Assert.failNotEquals(Assert.java:496)
	at org.testng.Assert.assertEquals(Assert.java:125)
	at org.testng.Assert.assertEquals(Assert.java:178)
	at org.testng.Assert.assertEquals(Assert.java:188)
	at com.zixi.testing.ReceiverOutputStreamDeletionTest.receiverDeleteOutputStreamTest(ReceiverOutputStreamDeletionTest.java:22)

