<?xml version="1.0" encoding="UTF-8"?>
<!-- Generated by org.testng.reporters.JUnitXMLReporter -->
<testsuite hostname="yuri-PC" name="Feeder - output stream deletion test - FFMPEG analyser remuxed output to 3000" tests="1" failures="0" timestamp="7 Nov 2016 12:02:32 GMT" time="0.074" errors="0">
  <testcase name="broadcasterSingleStreamRemoving" time="0.007" classname="com.zixi.testing.FeederOutputDeletioinTest"/>
</testsuite> <!-- Feeder - output stream deletion test - FFMPEG analyser remuxed output to 3000 -->
