<?xml version="1.0" encoding="UTF-8"?>
<!-- Generated by org.testng.reporters.JUnitXMLReporter -->
<testsuite hostname="yuri-PC" name="Feeder - Push to broadcaster test - FFMPEG analyser remuxed output to 3000" tests="1" failures="0" timestamp="7 Apr 2016 13:42:37 GMT" time="0.07" errors="0">
  <testcase name="feederOutputToBxTest" time="0.008" classname="com.zixi.testing.FeederOutputPushToBxTest"/>
</testsuite> <!-- Feeder - Push to broadcaster test - FFMPEG analyser remuxed output to 3000 -->
