<?xml version="1.0" encoding="UTF-8"?>
<!-- Generated by org.testng.reporters.JUnitXMLReporter -->
<testsuite hostname="yuri-PC" name="Receiver1: UDP out deletion - default parameters FFMPEG analyser" tests="1" failures="0" timestamp="30 Mar 2016 11:41:47 GMT" time="0.077" errors="0">
  <testcase name="receiverDeleteOutputStreamTest" time="0.006" classname="com.zixi.testing.ReceiverOutputStreamDeletionTest"/>
</testsuite> <!-- Receiver1: UDP out deletion - default parameters FFMPEG analyser -->
