<?xml version="1.0" encoding="UTF-8"?>
<!-- Generated by org.testng.reporters.JUnitXMLReporter -->
<testsuite hostname="yuri-PC" name="Receiver - Pull input stream statistic - FFMPEG analyser remuxed output to 3000" tests="1" failures="0" timestamp="7 Apr 2016 13:47:22 GMT" time="140.186" errors="0">
  <testcase name="receiverInputStatistic" time="140.097" classname="com.zixi.testing.ReceiverInputStatisticTest"/>
</testsuite> <!-- Receiver - Pull input stream statistic - FFMPEG analyser remuxed output to 3000 -->
