<?xml version="1.0" encoding="UTF-8"?>
<!-- Generated by org.testng.reporters.JUnitXMLReporter -->
<testsuite hostname="yuri-PC" name="Receiver1 - pull input stream creation - default parameters FFMPEG analyser" tests="1" failures="0" timestamp="21 Jan 2016 15:43:18 GMT" time="0.079" errors="0">
  <testcase name="feederOutputToBxTest" time="0.011" classname="com.zixi.testing.ReceiverPullInputStreamCreationTest"/>
</testsuite> <!-- Receiver1 - pull input stream creation - default parameters FFMPEG analyser -->
