<?xml version="1.0" encoding="UTF-8"?>
<!-- Generated by org.testng.reporters.JUnitXMLReporter -->
<testsuite hostname="yuri-PC" name="Receiver2 - Remove Pull input stream - default parameters FFMPEG analyser" tests="1" failures="0" timestamp="30 Mar 2016 11:41:47 GMT" time="0.067" errors="0">
  <testcase name="feederOutputToBxTest" time="0.008" classname="com.zixi.testing.ReceiverPullInputStreamDeletionTest"/>
</testsuite> <!-- Receiver2 - Remove Pull input stream - default parameters FFMPEG analyser -->
