<?xml version="1.0" encoding="UTF-8"?>
<!-- Generated by org.testng.reporters.JUnitXMLReporter -->
<testsuite hostname="yuri-PC" name="Receiver - Remove Pull input stream - FFMPEG analyser remuxed output to 3000" tests="1" failures="0" timestamp="7 Nov 2016 12:02:33 GMT" time="0.079" errors="0">
  <testcase name="feederOutputToBxTest" time="0.01" classname="com.zixi.testing.ReceiverPullInputStreamDeletionTest"/>
</testsuite> <!-- Receiver - Remove Pull input stream - FFMPEG analyser remuxed output to 3000 -->
