<?xml version="1.0" encoding="UTF-8"?>
<!-- Generated by org.testng.reporters.JUnitXMLReporter -->
<testsuite hostname="yuri-PC" name="Receiver - Remove Pull input stream - default parameters FFMPEG analyser" tests="1" failures="0" timestamp="20 Dec 2016 09:20:28 GMT" time="0.086" errors="0">
  <testcase name="feederOutputToBxTest" time="0.011" classname="com.zixi.testing.ReceiverPullInputStreamDeletionTest"/>
</testsuite> <!-- Receiver - Remove Pull input stream - default parameters FFMPEG analyser -->
