<?xml version="1.0" encoding="UTF-8"?>
<!-- Generated by org.testng.reporters.JUnitXMLReporter -->
<testsuite hostname="yuri-PC" name="Broadcaster - Remove RTMP push output stream  - RTMP to Wowza FFMPEG" tests="1" failures="0" timestamp="16 May 2016 11:12:09 GMT" time="0.084" errors="0">
  <testcase name="broadcasterSingleStreamRemoving" time="0.009" classname="com.zixi.testing.BroadcaserSingleOutputStreamDeletionTest"/>
</testsuite> <!-- Broadcaster - Remove RTMP push output stream  - RTMP to Wowza FFMPEG -->
