<?xml version="1.0" encoding="UTF-8"?>
<!-- Generated by org.testng.reporters.JUnitXMLReporter -->
<testsuite hostname="yuri-PC" name="Broadcaster - RTMP Push output stream creation - RTMP to Wowza FFMPEG" tests="1" failures="0" timestamp="7 Apr 2016 12:44:03 GMT" time="0.081" errors="0">
  <testcase name="broadcasterSingleStreamRemoving" time="0.009" classname="com.zixi.testing.BroadcasterRtmpPushOutputCreationTest"/>
</testsuite> <!-- Broadcaster - RTMP Push output stream creation - RTMP to Wowza FFMPEG -->
