<?xml version="1.0" encoding="UTF-8"?>
<!-- Generated by org.testng.reporters.JUnitXMLReporter -->
<testsuite hostname="yuri-PC" name="FFMPEG test default parameters Push input - RTMP to Wowza FFMPEG" tests="1" failures="0" timestamp="7 Apr 2016 12:45:12 GMT" time="69.453" errors="0">
  <testcase name="broadcasterSingleInputStreamStatisticAnilyzer" time="69.35" classname="com.zixi.testing.FFMPEGImageStatisticTest"/>
</testsuite> <!-- FFMPEG test default parameters Push input - RTMP to Wowza FFMPEG -->
