<?xml version="1.0" encoding="UTF-8"?>
<testng-results skipped="0" failed="0" total="6" passed="6">
  <reporter-output>
    <line>
      <![CDATA[Test parameteres: ]]>
    </line>
    <line>
      <![CDATA[userName: admin]]>
    </line>
    <line>
      <![CDATA[userPass: 1234]]>
    </line>
    <line>
      <![CDATA[Host: 10.7.0.63]]>
    </line>
    <line>
      <![CDATA[loin_ip: 10.7.0.66]]>
    </line>
    <line>
      <![CDATA[id: test]]>
    </line>
    <line>
      <![CDATA[source: test]]>
    </line>
    <line>
      <![CDATA[uiport: 4444]]>
    </line>
    <line>
      <![CDATA[pull_port: -- not provided ]]>
    </line>
    <line>
      <![CDATA[latency: 6000]]>
    </line>
    <line>
      <![CDATA[fec_latency: 300]]>
    </line>
    <line>
      <![CDATA[fec_overhead: 30]]>
    </line>
    <line>
      <![CDATA[mcast_force: 0]]>
    </line>
    <line>
      <![CDATA[time_shift: 0]]>
    </line>
    <line>
      <![CDATA[nic: -- not provided ]]>
    </line>
    <line>
      <![CDATA[max_outputs: -1]]>
    </line>
    <line>
      <![CDATA[type: pull]]>
    </line>
    <line>
      <![CDATA[password: -- not provided ]]>
    </line>
    <line>
      <![CDATA[mcast_port: -- not provided ]]>
    </line>
    <line>
      <![CDATA[complete: -- not provided ]]>
    </line>
    <line>
      <![CDATA[mcast_ip: -- not provided ]]>
    </line>
    <line>
      <![CDATA[fec_adaptive: 1]]>
    </line>
    <line>
      <![CDATA[mcast_ttl: -- not provided ]]>
    </line>
    <line>
      <![CDATA[on: 1]]>
    </line>
    <line>
      <![CDATA[func: load_live_inputs]]>
    </line>
    <line>
      <![CDATA[fec_force: -- not provided ]]>
    </line>
    <line>
      <![CDATA[mcast_out: -- not provided ]]>
    </line>
    <line>
      <![CDATA[propertiesFile: stream.properties]]>
    </line>
    <line>
      <![CDATA[Test parameteres: ]]>
    </line>
    <line>
      <![CDATA[userName: admin]]>
    </line>
    <line>
      <![CDATA[userPass: 1234]]>
    </line>
    <line>
      <![CDATA[loin_ip: 10.7.0.66]]>
    </line>
    <line>
      <![CDATA[port: 5555]]>
    </line>
    <line>
      <![CDATA[stream: test]]>
    </line>
    <line>
      <![CDATA[streamname: test]]>
    </line>
    <line>
      <![CDATA[host: 10.7.0.150]]>
    </line>
    <line>
      <![CDATA[id: test]]>
    </line>
    <line>
      <![CDATA[rtp: 0]]>
    </line>
    <line>
      <![CDATA[fec: 0]]>
    </line>
    <line>
      <![CDATA[smoothing: 0]]>
    </line>
    <line>
      <![CDATA[ttl: 5]]>
    </line>
    <line>
      <![CDATA[remux_bitrate: 0]]>
    </line>
    <line>
      <![CDATA[df: 0]]>
    </line>
    <line>
      <![CDATA[local_port: -- not provided ]]>
    </line>
    <line>
      <![CDATA[dec_key: -- not provided ]]>
    </line>
    <line>
      <![CDATA[type: TS]]>
    </line>
    <line>
      <![CDATA[rows: 10]]>
    </line>
    <line>
      <![CDATA[remux_buff: 1000]]>
    </line>
    <line>
      <![CDATA[local_ip: 0.0.0.0]]>
    </line>
    <line>
      <![CDATA[remux_restampdts: 0]]>
    </line>
    <line>
      <![CDATA[uiport: 4444]]>
    </line>
    <line>
      <![CDATA[remux_pcr: 90]]>
    </line>
    <line>
      <![CDATA[dec_type: -- not provided ]]>
    </line>
    <line>
      <![CDATA[cols: 10]]>
    </line>
    <line>
      <![CDATA[Test parameteres: ]]>
    </line>
    <line>
      <![CDATA[userName: admin]]>
    </line>
    <line>
      <![CDATA[userPass: 1234]]>
    </line>
    <line>
      <![CDATA[host: 10.7.0.63]]>
    </line>
    <line>
      <![CDATA[loin_ip: 10.7.0.66]]>
    </line>
    <line>
      <![CDATA[uiport: 4444]]>
    </line>
    <line>
      <![CDATA[id: test]]>
    </line>
    <line>
      <![CDATA[testduration: 120]]>
    </line>
    <line>
      <![CDATA[Max bitrate is 965008]]>
    </line>
    <line>
      <![CDATA[Min bitrete is 700616]]>
    </line>
    <line>
      <![CDATA[Average bitrate is 897641]]>
    </line>
    <line>
      <![CDATA[FFMPEG success measurement relation: 10 / 10]]>
    </line>
    <line>
      <![CDATA[Test parameteres: ]]>
    </line>
    <line>
      <![CDATA[login_ip: 10.7.0.66]]>
    </line>
    <line>
      <![CDATA[userName: admin]]>
    </line>
    <line>
      <![CDATA[userPassword: 1234]]>
    </line>
    <line>
      <![CDATA[name: test]]>
    </line>
    <line>
      <![CDATA[uiport: 4444]]>
    </line>
    <line>
      <![CDATA[Test parameteres: ]]>
    </line>
    <line>
      <![CDATA[login_ip: 10.7.0.66]]>
    </line>
    <line>
      <![CDATA[userName: admin]]>
    </line>
    <line>
      <![CDATA[userPassword: 1234]]>
    </line>
    <line>
      <![CDATA[streamId: test]]>
    </line>
    <line>
      <![CDATA[uiport: 4444]]>
    </line>
    <line>
      <![CDATA[Stream test removed.]]>
    </line>
  </reporter-output>
  <suite name="Broadcaster: Pull input suite with FFMPEG analyser " duration-ms="177503" started-at="2017-01-03T11:09:14Z" finished-at="2017-01-03T11:12:11Z">
    <groups>
    </groups>
    <test name="Broadcaster - Pull input stream creation test - default parameters FFMPEG analyser" duration-ms="873" started-at="2017-01-03T11:09:14Z" finished-at="2017-01-03T11:09:14Z">
      <class name="com.zixi.testing.BroadcasterSinglePullInStreamCreationTest">
        <test-method status="PASS" signature="startTest(org.testng.ITestContext)[pri:0, instance:com.zixi.testing.BroadcasterSinglePullInStreamCreationTest@47f37ef1]" name="startTest" is-config="true" duration-ms="8" started-at="2017-01-03T13:09:14Z" finished-at="2017-01-03T13:09:14Z">
          <params>
            <param index="0">
              <value>
                <![CDATA[org.testng.TestRunner@10683d9d]]>
              </value>
            </param>
          </params>
          <reporter-output>
          </reporter-output>
        </test-method> <!-- startTest -->
        <test-method status="PASS" signature="testInit()[pri:0, instance:com.zixi.testing.BroadcasterSinglePullInStreamCreationTest@47f37ef1]" name="testInit" is-config="true" duration-ms="1" started-at="2017-01-03T13:09:14Z" finished-at="2017-01-03T13:09:14Z">
          <reporter-output>
          </reporter-output>
        </test-method> <!-- testInit -->
        <test-method status="PASS" signature="beforeTes(java.lang.String)[pri:0, instance:com.zixi.testing.BroadcasterSinglePullInStreamCreationTest@47f37ef1]" name="beforeTes" is-config="true" duration-ms="8" started-at="2017-01-03T13:09:14Z" finished-at="2017-01-03T13:09:14Z">
          <params>
            <param index="0">
              <value>
                <![CDATA[532]]>
              </value>
            </param>
          </params>
          <reporter-output>
          </reporter-output>
        </test-method> <!-- beforeTes -->
        <test-method status="PASS" signature="broadcasterPullInCreation(java.lang.String, java.lang.String, java.lang.String, java.lang.String, java.lang.String, java.lang.String, java.lang.String, java.lang.String, java.lang.String, java.lang.String, java.lang.String, java.lang.String, java.lang.String, java.lang.String, java.lang.String, java.lang.String, java.lang.String, java.lang.String, java.lang.String, java.lang.String, java.lang.String, java.lang.String, java.lang.String, java.lang.String, java.lang.String, java.lang.String, java.lang.String, java.lang.String)[pri:0, instance:com.zixi.testing.BroadcasterSinglePullInStreamCreationTest@47f37ef1]" name="broadcasterPullInCreation" duration-ms="710" started-at="2017-01-03T13:09:14Z" finished-at="2017-01-03T13:09:14Z">
          <params>
            <param index="0">
              <value>
                <![CDATA[admin]]>
              </value>
            </param>
            <param index="1">
              <value>
                <![CDATA[1234]]>
              </value>
            </param>
            <param index="2">
              <value>
                <![CDATA[10.7.0.63]]>
              </value>
            </param>
            <param index="3">
              <value>
                <![CDATA[10.7.0.66]]>
              </value>
            </param>
            <param index="4">
              <value>
                <![CDATA[test]]>
              </value>
            </param>
            <param index="5">
              <value>
                <![CDATA[test]]>
              </value>
            </param>
            <param index="6">
              <value>
                <![CDATA[4444]]>
              </value>
            </param>
            <param index="7">
              <value>
                <![CDATA[]]>
              </value>
            </param>
            <param index="8">
              <value>
                <![CDATA[6000]]>
              </value>
            </param>
            <param index="9">
              <value>
                <![CDATA[300]]>
              </value>
            </param>
            <param index="10">
              <value>
                <![CDATA[30]]>
              </value>
            </param>
            <param index="11">
              <value>
                <![CDATA[0]]>
              </value>
            </param>
            <param index="12">
              <value>
                <![CDATA[0]]>
              </value>
            </param>
            <param index="13">
              <value>
                <![CDATA[]]>
              </value>
            </param>
            <param index="14">
              <value>
                <![CDATA[-1]]>
              </value>
            </param>
            <param index="15">
              <value>
                <![CDATA[pull]]>
              </value>
            </param>
            <param index="16">
              <value>
                <![CDATA[]]>
              </value>
            </param>
            <param index="17">
              <value>
                <![CDATA[]]>
              </value>
            </param>
            <param index="18">
              <value>
                <![CDATA[]]>
              </value>
            </param>
            <param index="19">
              <value>
                <![CDATA[]]>
              </value>
            </param>
            <param index="20">
              <value>
                <![CDATA[1]]>
              </value>
            </param>
            <param index="21">
              <value>
                <![CDATA[]]>
              </value>
            </param>
            <param index="22">
              <value>
                <![CDATA[1]]>
              </value>
            </param>
            <param index="23">
              <value>
                <![CDATA[load_live_inputs]]>
              </value>
            </param>
            <param index="24">
              <value>
                <![CDATA[]]>
              </value>
            </param>
            <param index="25">
              <value>
                <![CDATA[]]>
              </value>
            </param>
            <param index="26">
              <value>
                <![CDATA[stream.properties]]>
              </value>
            </param>
            <param index="27">
              <value>
                <![CDATA[532]]>
              </value>
            </param>
          </params>
          <reporter-output>
            <line>
              <![CDATA[Test parameteres: ]]>
            </line>
            <line>
              <![CDATA[userName: admin]]>
            </line>
            <line>
              <![CDATA[userPass: 1234]]>
            </line>
            <line>
              <![CDATA[Host: 10.7.0.63]]>
            </line>
            <line>
              <![CDATA[loin_ip: 10.7.0.66]]>
            </line>
            <line>
              <![CDATA[id: test]]>
            </line>
            <line>
              <![CDATA[source: test]]>
            </line>
            <line>
              <![CDATA[uiport: 4444]]>
            </line>
            <line>
              <![CDATA[pull_port: -- not provided ]]>
            </line>
            <line>
              <![CDATA[latency: 6000]]>
            </line>
            <line>
              <![CDATA[fec_latency: 300]]>
            </line>
            <line>
              <![CDATA[fec_overhead: 30]]>
            </line>
            <line>
              <![CDATA[mcast_force: 0]]>
            </line>
            <line>
              <![CDATA[time_shift: 0]]>
            </line>
            <line>
              <![CDATA[nic: -- not provided ]]>
            </line>
            <line>
              <![CDATA[max_outputs: -1]]>
            </line>
            <line>
              <![CDATA[type: pull]]>
            </line>
            <line>
              <![CDATA[password: -- not provided ]]>
            </line>
            <line>
              <![CDATA[mcast_port: -- not provided ]]>
            </line>
            <line>
              <![CDATA[complete: -- not provided ]]>
            </line>
            <line>
              <![CDATA[mcast_ip: -- not provided ]]>
            </line>
            <line>
              <![CDATA[fec_adaptive: 1]]>
            </line>
            <line>
              <![CDATA[mcast_ttl: -- not provided ]]>
            </line>
            <line>
              <![CDATA[on: 1]]>
            </line>
            <line>
              <![CDATA[func: load_live_inputs]]>
            </line>
            <line>
              <![CDATA[fec_force: -- not provided ]]>
            </line>
            <line>
              <![CDATA[mcast_out: -- not provided ]]>
            </line>
            <line>
              <![CDATA[propertiesFile: stream.properties]]>
            </line>
          </reporter-output>
        </test-method> <!-- broadcasterPullInCreation -->
        <test-method status="PASS" signature="afterTest(java.lang.reflect.Method, org.testng.ITestResult)[pri:0, instance:com.zixi.testing.BroadcasterSinglePullInStreamCreationTest@47f37ef1]" name="afterTest" is-config="true" duration-ms="137" started-at="2017-01-03T13:09:14Z" finished-at="2017-01-03T13:09:14Z">
          <params>
            <param index="0">
              <value>
                <![CDATA[public void com.zixi.testing.BroadcasterSinglePullInStreamCreationTest.broadcasterPullInCreation(java.lang.String,java.lang.String,java.lang.String,java.lang.String,java.lang.String,java.lang.String,java.lang.String,java.lang.String,java.lang.String,java.lang.String,java.lang.String,java.lang.String,java.lang.String,java.lang.String,java.lang.String,java.lang.String,java.lang.String,java.lang.String,java.lang.String,java.lang.String,java.lang.String,java.lang.String,java.lang.String,java.lang.String,java.lang.String,java.lang.String,java.lang.String,java.lang.String) throws java.lang.Exception]]>
              </value>
            </param>
            <param index="1">
              <value>
                <![CDATA[[TestResult name=broadcasterPullInCreation status=SUCCESS method=BroadcasterSinglePullInStreamCreationTest.broadcasterPullInCreation(java.lang.String, java.lang.String, java.lang.String, java.lang.String, java.lang.String, java.lang.String, java.lang.String, java.lang.String, java.lang.String, java.lang.String, java.lang.String, java.lang.String, java.lang.String, java.lang.String, java.lang.String, java.lang.String, java.lang.String, java.lang.String, java.lang.String, java.lang.String, java.lang.String, java.lang.String, java.lang.String, java.lang.String, java.lang.String, java.lang.String, java.lang.String, java.lang.String)[pri:0, instance:com.zixi.testing.BroadcasterSinglePullInStreamCreationTest@47f37ef1] output=Test parameteres: ]]]>
              </value>
            </param>
          </params>
          <reporter-output>
          </reporter-output>
        </test-method> <!-- afterTest -->
      </class> <!-- com.zixi.testing.BroadcasterSinglePullInStreamCreationTest -->
    </test> <!-- Broadcaster - Pull input stream creation test - default parameters FFMPEG analyser -->
    <test name="Broadcaster - UDP output stream creation Pull input FFMPEG analyser" duration-ms="534" started-at="2017-01-03T11:09:14Z" finished-at="2017-01-03T11:09:15Z">
      <class name="com.zixi.testing.BroadcasterUDPOutputStreamCreationTest">
        <test-method status="PASS" signature="startTest(org.testng.ITestContext)[pri:0, instance:com.zixi.testing.BroadcasterUDPOutputStreamCreationTest@5594a1b5]" name="startTest" is-config="true" duration-ms="1" started-at="2017-01-03T13:09:14Z" finished-at="2017-01-03T13:09:14Z">
          <params>
            <param index="0">
              <value>
                <![CDATA[org.testng.TestRunner@45c7e403]]>
              </value>
            </param>
          </params>
          <reporter-output>
          </reporter-output>
        </test-method> <!-- startTest -->
        <test-method status="PASS" signature="testInit()[pri:0, instance:com.zixi.testing.BroadcasterUDPOutputStreamCreationTest@5594a1b5]" name="testInit" is-config="true" duration-ms="1" started-at="2017-01-03T13:09:14Z" finished-at="2017-01-03T13:09:14Z">
          <reporter-output>
          </reporter-output>
        </test-method> <!-- testInit -->
        <test-method status="PASS" signature="broadcasterPullInCreation(java.lang.String, java.lang.String, java.lang.String, java.lang.String, java.lang.String, java.lang.String, java.lang.String, java.lang.String, java.lang.String, java.lang.String, java.lang.String, java.lang.String, java.lang.String, java.lang.String, java.lang.String, java.lang.String, java.lang.String, java.lang.String, java.lang.String, java.lang.String, java.lang.String, java.lang.String, java.lang.String, java.lang.String, java.lang.String, java.lang.String)[pri:0, instance:com.zixi.testing.BroadcasterUDPOutputStreamCreationTest@5594a1b5]" name="broadcasterPullInCreation" duration-ms="494" started-at="2017-01-03T13:09:14Z" finished-at="2017-01-03T13:09:15Z">
          <params>
            <param index="0">
              <value>
                <![CDATA[admin]]>
              </value>
            </param>
            <param index="1">
              <value>
                <![CDATA[1234]]>
              </value>
            </param>
            <param index="2">
              <value>
                <![CDATA[10.7.0.66]]>
              </value>
            </param>
            <param index="3">
              <value>
                <![CDATA[5555]]>
              </value>
            </param>
            <param index="4">
              <value>
                <![CDATA[test]]>
              </value>
            </param>
            <param index="5">
              <value>
                <![CDATA[test]]>
              </value>
            </param>
            <param index="6">
              <value>
                <![CDATA[10.7.0.150]]>
              </value>
            </param>
            <param index="7">
              <value>
                <![CDATA[test]]>
              </value>
            </param>
            <param index="8">
              <value>
                <![CDATA[0]]>
              </value>
            </param>
            <param index="9">
              <value>
                <![CDATA[0]]>
              </value>
            </param>
            <param index="10">
              <value>
                <![CDATA[0]]>
              </value>
            </param>
            <param index="11">
              <value>
                <![CDATA[5]]>
              </value>
            </param>
            <param index="12">
              <value>
                <![CDATA[0]]>
              </value>
            </param>
            <param index="13">
              <value>
                <![CDATA[0]]>
              </value>
            </param>
            <param index="14">
              <value>
                <![CDATA[]]>
              </value>
            </param>
            <param index="15">
              <value>
                <![CDATA[]]>
              </value>
            </param>
            <param index="16">
              <value>
                <![CDATA[TS]]>
              </value>
            </param>
            <param index="17">
              <value>
                <![CDATA[10]]>
              </value>
            </param>
            <param index="18">
              <value>
                <![CDATA[1000]]>
              </value>
            </param>
            <param index="19">
              <value>
                <![CDATA[0.0.0.0]]>
              </value>
            </param>
            <param index="20">
              <value>
                <![CDATA[0]]>
              </value>
            </param>
            <param index="21">
              <value>
                <![CDATA[4444]]>
              </value>
            </param>
            <param index="22">
              <value>
                <![CDATA[90]]>
              </value>
            </param>
            <param index="23">
              <value>
                <![CDATA[]]>
              </value>
            </param>
            <param index="24">
              <value>
                <![CDATA[10]]>
              </value>
            </param>
            <param index="25">
              <value>
                <![CDATA[534]]>
              </value>
            </param>
          </params>
          <reporter-output>
            <line>
              <![CDATA[Test parameteres: ]]>
            </line>
            <line>
              <![CDATA[userName: admin]]>
            </line>
            <line>
              <![CDATA[userPass: 1234]]>
            </line>
            <line>
              <![CDATA[loin_ip: 10.7.0.66]]>
            </line>
            <line>
              <![CDATA[port: 5555]]>
            </line>
            <line>
              <![CDATA[stream: test]]>
            </line>
            <line>
              <![CDATA[streamname: test]]>
            </line>
            <line>
              <![CDATA[host: 10.7.0.150]]>
            </line>
            <line>
              <![CDATA[id: test]]>
            </line>
            <line>
              <![CDATA[rtp: 0]]>
            </line>
            <line>
              <![CDATA[fec: 0]]>
            </line>
            <line>
              <![CDATA[smoothing: 0]]>
            </line>
            <line>
              <![CDATA[ttl: 5]]>
            </line>
            <line>
              <![CDATA[remux_bitrate: 0]]>
            </line>
            <line>
              <![CDATA[df: 0]]>
            </line>
            <line>
              <![CDATA[local_port: -- not provided ]]>
            </line>
            <line>
              <![CDATA[dec_key: -- not provided ]]>
            </line>
            <line>
              <![CDATA[type: TS]]>
            </line>
            <line>
              <![CDATA[rows: 10]]>
            </line>
            <line>
              <![CDATA[remux_buff: 1000]]>
            </line>
            <line>
              <![CDATA[local_ip: 0.0.0.0]]>
            </line>
            <line>
              <![CDATA[remux_restampdts: 0]]>
            </line>
            <line>
              <![CDATA[uiport: 4444]]>
            </line>
            <line>
              <![CDATA[remux_pcr: 90]]>
            </line>
            <line>
              <![CDATA[dec_type: -- not provided ]]>
            </line>
            <line>
              <![CDATA[cols: 10]]>
            </line>
          </reporter-output>
        </test-method> <!-- broadcasterPullInCreation -->
        <test-method status="PASS" signature="beforeTes(java.lang.String)[pri:0, instance:com.zixi.testing.BroadcasterUDPOutputStreamCreationTest@5594a1b5]" name="beforeTes" is-config="true" duration-ms="0" started-at="2017-01-03T13:09:14Z" finished-at="2017-01-03T13:09:14Z">
          <params>
            <param index="0">
              <value>
                <![CDATA[534]]>
              </value>
            </param>
          </params>
          <reporter-output>
          </reporter-output>
        </test-method> <!-- beforeTes -->
        <test-method status="PASS" signature="afterTest(java.lang.reflect.Method, org.testng.ITestResult)[pri:0, instance:com.zixi.testing.BroadcasterUDPOutputStreamCreationTest@5594a1b5]" name="afterTest" is-config="true" duration-ms="38" started-at="2017-01-03T13:09:15Z" finished-at="2017-01-03T13:09:15Z">
          <params>
            <param index="0">
              <value>
                <![CDATA[public void com.zixi.testing.BroadcasterUDPOutputStreamCreationTest.broadcasterPullInCreation(java.lang.String,java.lang.String,java.lang.String,java.lang.String,java.lang.String,java.lang.String,java.lang.String,java.lang.String,java.lang.String,java.lang.String,java.lang.String,java.lang.String,java.lang.String,java.lang.String,java.lang.String,java.lang.String,java.lang.String,java.lang.String,java.lang.String,java.lang.String,java.lang.String,java.lang.String,java.lang.String,java.lang.String,java.lang.String,java.lang.String) throws java.lang.Exception]]>
              </value>
            </param>
            <param index="1">
              <value>
                <![CDATA[[TestResult name=broadcasterPullInCreation status=SUCCESS method=BroadcasterUDPOutputStreamCreationTest.broadcasterPullInCreation(java.lang.String, java.lang.String, java.lang.String, java.lang.String, java.lang.String, java.lang.String, java.lang.String, java.lang.String, java.lang.String, java.lang.String, java.lang.String, java.lang.String, java.lang.String, java.lang.String, java.lang.String, java.lang.String, java.lang.String, java.lang.String, java.lang.String, java.lang.String, java.lang.String, java.lang.String, java.lang.String, java.lang.String, java.lang.String, java.lang.String)[pri:0, instance:com.zixi.testing.BroadcasterUDPOutputStreamCreationTest@5594a1b5] output=Test parameteres: ]]]>
              </value>
            </param>
          </params>
          <reporter-output>
          </reporter-output>
        </test-method> <!-- afterTest -->
      </class> <!-- com.zixi.testing.BroadcasterUDPOutputStreamCreationTest -->
    </test> <!-- Broadcaster - UDP output stream creation Pull input FFMPEG analyser -->
    <test name="Broadcaster - Stream statistics test - default parameters Pull input FFMPEG analyser" duration-ms="70746" started-at="2017-01-03T11:09:15Z" finished-at="2017-01-03T11:10:26Z">
      <class name="com.zixi.testing.BroadcasterInputStatisticSingleStreamTest">
        <test-method status="PASS" signature="startTest(org.testng.ITestContext)[pri:0, instance:com.zixi.testing.BroadcasterInputStatisticSingleStreamTest@880ec60]" name="startTest" is-config="true" duration-ms="0" started-at="2017-01-03T13:09:15Z" finished-at="2017-01-03T13:09:15Z">
          <params>
            <param index="0">
              <value>
                <![CDATA[org.testng.TestRunner@7c9d8e2]]>
              </value>
            </param>
          </params>
          <reporter-output>
          </reporter-output>
        </test-method> <!-- startTest -->
        <test-method status="PASS" signature="testInit()[pri:0, instance:com.zixi.testing.BroadcasterInputStatisticSingleStreamTest@880ec60]" name="testInit" is-config="true" duration-ms="1" started-at="2017-01-03T13:09:15Z" finished-at="2017-01-03T13:09:15Z">
          <reporter-output>
          </reporter-output>
        </test-method> <!-- testInit -->
        <test-method status="PASS" signature="beforeTes(java.lang.String)[pri:0, instance:com.zixi.testing.BroadcasterInputStatisticSingleStreamTest@880ec60]" name="beforeTes" is-config="true" duration-ms="0" started-at="2017-01-03T13:09:15Z" finished-at="2017-01-03T13:09:15Z">
          <params>
            <param index="0">
              <value>
                <![CDATA[536]]>
              </value>
            </param>
          </params>
          <reporter-output>
          </reporter-output>
        </test-method> <!-- beforeTes -->
        <test-method status="PASS" signature="broadcasterSingleInputStreamStatisticAnilyzer(java.lang.String, java.lang.String, java.lang.String, java.lang.String, java.lang.String, java.lang.String, java.lang.String, java.lang.String)[pri:0, instance:com.zixi.testing.BroadcasterInputStatisticSingleStreamTest@880ec60]" name="broadcasterSingleInputStreamStatisticAnilyzer" duration-ms="70693" started-at="2017-01-03T13:09:15Z" finished-at="2017-01-03T13:10:26Z">
          <params>
            <param index="0">
              <value>
                <![CDATA[admin]]>
              </value>
            </param>
            <param index="1">
              <value>
                <![CDATA[1234]]>
              </value>
            </param>
            <param index="2">
              <value>
                <![CDATA[10.7.0.63]]>
              </value>
            </param>
            <param index="3">
              <value>
                <![CDATA[10.7.0.66]]>
              </value>
            </param>
            <param index="4">
              <value>
                <![CDATA[4444]]>
              </value>
            </param>
            <param index="5">
              <value>
                <![CDATA[test]]>
              </value>
            </param>
            <param index="6">
              <value>
                <![CDATA[120]]>
              </value>
            </param>
            <param index="7">
              <value>
                <![CDATA[536]]>
              </value>
            </param>
          </params>
          <reporter-output>
            <line>
              <![CDATA[Test parameteres: ]]>
            </line>
            <line>
              <![CDATA[userName: admin]]>
            </line>
            <line>
              <![CDATA[userPass: 1234]]>
            </line>
            <line>
              <![CDATA[host: 10.7.0.63]]>
            </line>
            <line>
              <![CDATA[loin_ip: 10.7.0.66]]>
            </line>
            <line>
              <![CDATA[uiport: 4444]]>
            </line>
            <line>
              <![CDATA[id: test]]>
            </line>
            <line>
              <![CDATA[testduration: 120]]>
            </line>
            <line>
              <![CDATA[Max bitrate is 965008]]>
            </line>
            <line>
              <![CDATA[Min bitrete is 700616]]>
            </line>
            <line>
              <![CDATA[Average bitrate is 897641]]>
            </line>
          </reporter-output>
        </test-method> <!-- broadcasterSingleInputStreamStatisticAnilyzer -->
        <test-method status="PASS" signature="afterTest(java.lang.reflect.Method, org.testng.ITestResult)[pri:0, instance:com.zixi.testing.BroadcasterInputStatisticSingleStreamTest@880ec60]" name="afterTest" is-config="true" duration-ms="50" started-at="2017-01-03T13:10:26Z" finished-at="2017-01-03T13:10:26Z">
          <params>
            <param index="0">
              <value>
                <![CDATA[public void com.zixi.testing.BroadcasterInputStatisticSingleStreamTest.broadcasterSingleInputStreamStatisticAnilyzer(java.lang.String,java.lang.String,java.lang.String,java.lang.String,java.lang.String,java.lang.String,java.lang.String,java.lang.String) throws java.lang.Exception]]>
              </value>
            </param>
            <param index="1">
              <value>
                <![CDATA[[TestResult name=broadcasterSingleInputStreamStatisticAnilyzer status=SUCCESS method=BroadcasterInputStatisticSingleStreamTest.broadcasterSingleInputStreamStatisticAnilyzer(java.lang.String, java.lang.String, java.lang.String, java.lang.String, java.lang.String, java.lang.String, java.lang.String, java.lang.String)[pri:0, instance:com.zixi.testing.BroadcasterInputStatisticSingleStreamTest@880ec60] output=Test parameteres: ]]]>
              </value>
            </param>
          </params>
          <reporter-output>
          </reporter-output>
        </test-method> <!-- afterTest -->
      </class> <!-- com.zixi.testing.BroadcasterInputStatisticSingleStreamTest -->
    </test> <!-- Broadcaster - Stream statistics test - default parameters Pull input FFMPEG analyser -->
    <test name="FFMPEG test default parameters Pull input FFMPEG analyser" duration-ms="104238" started-at="2017-01-03T11:10:26Z" finished-at="2017-01-03T11:12:10Z">
      <class name="com.zixi.testing.FFMPEGImageStatisticTest">
        <test-method status="PASS" signature="startTest(org.testng.ITestContext)[pri:0, instance:com.zixi.testing.FFMPEGImageStatisticTest@5b464ce8]" name="startTest" is-config="true" duration-ms="0" started-at="2017-01-03T13:10:26Z" finished-at="2017-01-03T13:10:26Z">
          <params>
            <param index="0">
              <value>
                <![CDATA[org.testng.TestRunner@bccb269]]>
              </value>
            </param>
          </params>
          <reporter-output>
          </reporter-output>
        </test-method> <!-- startTest -->
        <test-method status="PASS" signature="testInit()[pri:0, instance:com.zixi.testing.FFMPEGImageStatisticTest@5b464ce8]" name="testInit" is-config="true" duration-ms="2" started-at="2017-01-03T13:10:26Z" finished-at="2017-01-03T13:10:26Z">
          <reporter-output>
          </reporter-output>
        </test-method> <!-- testInit -->
        <test-method status="PASS" signature="broadcasterSingleInputStreamStatisticAnilyzer(java.lang.String)[pri:0, instance:com.zixi.testing.FFMPEGImageStatisticTest@5b464ce8]" name="broadcasterSingleInputStreamStatisticAnilyzer" duration-ms="104195" started-at="2017-01-03T13:10:26Z" finished-at="2017-01-03T13:12:10Z">
          <params>
            <param index="0">
              <value>
                <![CDATA[538]]>
              </value>
            </param>
          </params>
          <reporter-output>
            <line>
              <![CDATA[FFMPEG success measurement relation: 10 / 10]]>
            </line>
          </reporter-output>
        </test-method> <!-- broadcasterSingleInputStreamStatisticAnilyzer -->
        <test-method status="PASS" signature="beforeTes(java.lang.String)[pri:0, instance:com.zixi.testing.FFMPEGImageStatisticTest@5b464ce8]" name="beforeTes" is-config="true" duration-ms="0" started-at="2017-01-03T13:10:26Z" finished-at="2017-01-03T13:10:26Z">
          <params>
            <param index="0">
              <value>
                <![CDATA[538]]>
              </value>
            </param>
          </params>
          <reporter-output>
          </reporter-output>
        </test-method> <!-- beforeTes -->
        <test-method status="PASS" signature="afterTest(java.lang.reflect.Method, org.testng.ITestResult)[pri:0, instance:com.zixi.testing.FFMPEGImageStatisticTest@5b464ce8]" name="afterTest" is-config="true" duration-ms="39" started-at="2017-01-03T13:12:10Z" finished-at="2017-01-03T13:12:10Z">
          <params>
            <param index="0">
              <value>
                <![CDATA[public void com.zixi.testing.FFMPEGImageStatisticTest.broadcasterSingleInputStreamStatisticAnilyzer(java.lang.String) throws java.lang.InterruptedException]]>
              </value>
            </param>
            <param index="1">
              <value>
                <![CDATA[[TestResult name=broadcasterSingleInputStreamStatisticAnilyzer status=SUCCESS method=FFMPEGImageStatisticTest.broadcasterSingleInputStreamStatisticAnilyzer(java.lang.String)[pri:0, instance:com.zixi.testing.FFMPEGImageStatisticTest@5b464ce8] output=FFMPEG success measurement relation: 10 / 10]]]>
              </value>
            </param>
          </params>
          <reporter-output>
          </reporter-output>
        </test-method> <!-- afterTest -->
      </class> <!-- com.zixi.testing.FFMPEGImageStatisticTest -->
    </test> <!-- FFMPEG test default parameters Pull input FFMPEG analyser -->
    <test name="Broadcaster - Remove udp output stream default parameters Pull input FFMPEG analyser" duration-ms="548" started-at="2017-01-03T11:12:10Z" finished-at="2017-01-03T11:12:11Z">
      <class name="com.zixi.testing.BroadcaserSingleOutputStreamDeletionTest">
        <test-method status="PASS" signature="beforeTes(java.lang.String)[pri:0, instance:com.zixi.testing.BroadcaserSingleOutputStreamDeletionTest@71be98f5]" name="beforeTes" is-config="true" duration-ms="1" started-at="2017-01-03T13:12:10Z" finished-at="2017-01-03T13:12:10Z">
          <params>
            <param index="0">
              <value>
                <![CDATA[540]]>
              </value>
            </param>
          </params>
          <reporter-output>
          </reporter-output>
        </test-method> <!-- beforeTes -->
        <test-method status="PASS" signature="startTest(org.testng.ITestContext)[pri:0, instance:com.zixi.testing.BroadcaserSingleOutputStreamDeletionTest@71be98f5]" name="startTest" is-config="true" duration-ms="0" started-at="2017-01-03T13:12:10Z" finished-at="2017-01-03T13:12:10Z">
          <params>
            <param index="0">
              <value>
                <![CDATA[org.testng.TestRunner@1f59a598]]>
              </value>
            </param>
          </params>
          <reporter-output>
          </reporter-output>
        </test-method> <!-- startTest -->
        <test-method status="PASS" signature="testInit()[pri:0, instance:com.zixi.testing.BroadcaserSingleOutputStreamDeletionTest@71be98f5]" name="testInit" is-config="true" duration-ms="0" started-at="2017-01-03T13:12:10Z" finished-at="2017-01-03T13:12:10Z">
          <reporter-output>
          </reporter-output>
        </test-method> <!-- testInit -->
        <test-method status="PASS" signature="broadcasterSingleStreamRemoving(java.lang.String, java.lang.String, java.lang.String, java.lang.String, java.lang.String, java.lang.String)[pri:0, instance:com.zixi.testing.BroadcaserSingleOutputStreamDeletionTest@71be98f5]" name="broadcasterSingleStreamRemoving" duration-ms="508" started-at="2017-01-03T13:12:10Z" finished-at="2017-01-03T13:12:10Z">
          <params>
            <param index="0">
              <value>
                <![CDATA[10.7.0.66]]>
              </value>
            </param>
            <param index="1">
              <value>
                <![CDATA[admin]]>
              </value>
            </param>
            <param index="2">
              <value>
                <![CDATA[1234]]>
              </value>
            </param>
            <param index="3">
              <value>
                <![CDATA[test]]>
              </value>
            </param>
            <param index="4">
              <value>
                <![CDATA[4444]]>
              </value>
            </param>
            <param index="5">
              <value>
                <![CDATA[540]]>
              </value>
            </param>
          </params>
          <reporter-output>
            <line>
              <![CDATA[Test parameteres: ]]>
            </line>
            <line>
              <![CDATA[login_ip: 10.7.0.66]]>
            </line>
            <line>
              <![CDATA[userName: admin]]>
            </line>
            <line>
              <![CDATA[userPassword: 1234]]>
            </line>
            <line>
              <![CDATA[name: test]]>
            </line>
            <line>
              <![CDATA[uiport: 4444]]>
            </line>
          </reporter-output>
        </test-method> <!-- broadcasterSingleStreamRemoving -->
        <test-method status="PASS" signature="afterTest(java.lang.reflect.Method, org.testng.ITestResult)[pri:0, instance:com.zixi.testing.BroadcaserSingleOutputStreamDeletionTest@71be98f5]" name="afterTest" is-config="true" duration-ms="38" started-at="2017-01-03T13:12:10Z" finished-at="2017-01-03T13:12:11Z">
          <params>
            <param index="0">
              <value>
                <![CDATA[public void com.zixi.testing.BroadcaserSingleOutputStreamDeletionTest.broadcasterSingleStreamRemoving(java.lang.String,java.lang.String,java.lang.String,java.lang.String,java.lang.String,java.lang.String) throws java.lang.Exception]]>
              </value>
            </param>
            <param index="1">
              <value>
                <![CDATA[[TestResult name=broadcasterSingleStreamRemoving status=SUCCESS method=BroadcaserSingleOutputStreamDeletionTest.broadcasterSingleStreamRemoving(java.lang.String, java.lang.String, java.lang.String, java.lang.String, java.lang.String, java.lang.String)[pri:0, instance:com.zixi.testing.BroadcaserSingleOutputStreamDeletionTest@71be98f5] output=Test parameteres: ]]]>
              </value>
            </param>
          </params>
          <reporter-output>
          </reporter-output>
        </test-method> <!-- afterTest -->
      </class> <!-- com.zixi.testing.BroadcaserSingleOutputStreamDeletionTest -->
    </test> <!-- Broadcaster - Remove udp output stream default parameters Pull input FFMPEG analyser -->
    <test name="Broadcaster - Remove input stream test default parameters Pull input FFMPEG analyser" duration-ms="547" started-at="2017-01-03T11:12:11Z" finished-at="2017-01-03T11:12:11Z">
      <class name="com.zixi.testing.BroadcasterSingleInputStreamDeletionTest">
        <test-method status="PASS" signature="testInit()[pri:0, instance:com.zixi.testing.BroadcasterSingleInputStreamDeletionTest@3796751b]" name="testInit" is-config="true" duration-ms="1" started-at="2017-01-03T13:12:11Z" finished-at="2017-01-03T13:12:11Z">
          <reporter-output>
          </reporter-output>
        </test-method> <!-- testInit -->
        <test-method status="PASS" signature="startTest(org.testng.ITestContext)[pri:0, instance:com.zixi.testing.BroadcasterSingleInputStreamDeletionTest@3796751b]" name="startTest" is-config="true" duration-ms="0" started-at="2017-01-03T13:12:11Z" finished-at="2017-01-03T13:12:11Z">
          <params>
            <param index="0">
              <value>
                <![CDATA[org.testng.TestRunner@6f45df59]]>
              </value>
            </param>
          </params>
          <reporter-output>
          </reporter-output>
        </test-method> <!-- startTest -->
        <test-method status="PASS" signature="beforeTes(java.lang.String)[pri:0, instance:com.zixi.testing.BroadcasterSingleInputStreamDeletionTest@3796751b]" name="beforeTes" is-config="true" duration-ms="0" started-at="2017-01-03T13:12:11Z" finished-at="2017-01-03T13:12:11Z">
          <params>
            <param index="0">
              <value>
                <![CDATA[542]]>
              </value>
            </param>
          </params>
          <reporter-output>
          </reporter-output>
        </test-method> <!-- beforeTes -->
        <test-method status="PASS" signature="broadcasterInputStreamDeletion(java.lang.String, java.lang.String, java.lang.String, java.lang.String, java.lang.String, java.lang.String)[pri:0, instance:com.zixi.testing.BroadcasterSingleInputStreamDeletionTest@3796751b]" name="broadcasterInputStreamDeletion" duration-ms="509" started-at="2017-01-03T13:12:11Z" finished-at="2017-01-03T13:12:11Z">
          <params>
            <param index="0">
              <value>
                <![CDATA[10.7.0.66]]>
              </value>
            </param>
            <param index="1">
              <value>
                <![CDATA[admin]]>
              </value>
            </param>
            <param index="2">
              <value>
                <![CDATA[1234]]>
              </value>
            </param>
            <param index="3">
              <value>
                <![CDATA[test]]>
              </value>
            </param>
            <param index="4">
              <value>
                <![CDATA[4444]]>
              </value>
            </param>
            <param index="5">
              <value>
                <![CDATA[542]]>
              </value>
            </param>
          </params>
          <reporter-output>
            <line>
              <![CDATA[Test parameteres: ]]>
            </line>
            <line>
              <![CDATA[login_ip: 10.7.0.66]]>
            </line>
            <line>
              <![CDATA[userName: admin]]>
            </line>
            <line>
              <![CDATA[userPassword: 1234]]>
            </line>
            <line>
              <![CDATA[streamId: test]]>
            </line>
            <line>
              <![CDATA[uiport: 4444]]>
            </line>
            <line>
              <![CDATA[Stream test removed.]]>
            </line>
          </reporter-output>
        </test-method> <!-- broadcasterInputStreamDeletion -->
        <test-method status="PASS" signature="afterTest(java.lang.reflect.Method, org.testng.ITestResult)[pri:0, instance:com.zixi.testing.BroadcasterSingleInputStreamDeletionTest@3796751b]" name="afterTest" is-config="true" duration-ms="36" started-at="2017-01-03T13:12:11Z" finished-at="2017-01-03T13:12:11Z">
          <params>
            <param index="0">
              <value>
                <![CDATA[public void com.zixi.testing.BroadcasterSingleInputStreamDeletionTest.broadcasterInputStreamDeletion(java.lang.String,java.lang.String,java.lang.String,java.lang.String,java.lang.String,java.lang.String) throws java.lang.Exception]]>
              </value>
            </param>
            <param index="1">
              <value>
                <![CDATA[[TestResult name=broadcasterInputStreamDeletion status=SUCCESS method=BroadcasterSingleInputStreamDeletionTest.broadcasterInputStreamDeletion(java.lang.String, java.lang.String, java.lang.String, java.lang.String, java.lang.String, java.lang.String)[pri:0, instance:com.zixi.testing.BroadcasterSingleInputStreamDeletionTest@3796751b] output=Test parameteres: ]]]>
              </value>
            </param>
          </params>
          <reporter-output>
          </reporter-output>
        </test-method> <!-- afterTest -->
      </class> <!-- com.zixi.testing.BroadcasterSingleInputStreamDeletionTest -->
    </test> <!-- Broadcaster - Remove input stream test default parameters Pull input FFMPEG analyser -->
  </suite> <!-- Broadcaster: Pull input suite with FFMPEG analyser  -->
</testng-results>
