<?xml version="1.0" encoding="UTF-8"?>
<testng-results skipped="0" failed="0" total="12" passed="12">
  <reporter-output>
    <line>
      <![CDATA[Test parameteres: ]]>
    </line>
    <line>
      <![CDATA[userNameadmin: -- not provided ]]>
    </line>
    <line>
      <![CDATA[userPass1234: -- not provided ]]>
    </line>
    <line>
      <![CDATA[login_ip10.7.0.65: -- not provided ]]>
    </line>
    <line>
      <![CDATA[namefeederoutputname: -- not provided ]]>
    </line>
    <line>
      <![CDATA[miplive_recording.ts: -- not provided ]]>
    </line>
    <line>
      <![CDATA[port0: -- not provided ]]>
    </line>
    <line>
      <![CDATA[ipfile: -- not provided ]]>
    </line>
    <line>
      <![CDATA[prog1: -- not provided ]]>
    </line>
    <line>
      <![CDATA[chan-1: -- not provided ]]>
    </line>
    <line>
      <![CDATA[type2: -- not provided ]]>
    </line>
    <line>
      <![CDATA[ostrfeederout: -- not provided ]]>
    </line>
    <line>
      <![CDATA[oses: -- not provided ]]>
    </line>
    <line>
      <![CDATA[oetp: -- not provided ]]>
    </line>
    <line>
      <![CDATA[oeky: -- not provided ]]>
    </line>
    <line>
      <![CDATA[obit8000000: -- not provided ]]>
    </line>
    <line>
      <![CDATA[olat6000: -- not provided ]]>
    </line>
    <line>
      <![CDATA[ofc0: -- not provided ]]>
    </line>
    <line>
      <![CDATA[ocmp1: -- not provided ]]>
    </line>
    <line>
      <![CDATA[oold0: -- not provided ]]>
    </line>
    <line>
      <![CDATA[onfec1: -- not provided ]]>
    </line>
    <line>
      <![CDATA[fec_force0: -- not provided ]]>
    </line>
    <line>
      <![CDATA[fec_adaptive1: -- not provided ]]>
    </line>
    <line>
      <![CDATA[ofec30: -- not provided ]]>
    </line>
    <line>
      <![CDATA[ofecl150: -- not provided ]]>
    </line>
    <line>
      <![CDATA[stop_on_drop0: -- not provided ]]>
    </line>
    <line>
      <![CDATA[mmt0: -- not provided ]]>
    </line>
    <line>
      <![CDATA[0: -- not provided ]]>
    </line>
    <line>
      <![CDATA[0: -- not provided ]]>
    </line>
    <line>
      <![CDATA[0: -- not provided ]]>
    </line>
    <line>
      <![CDATA[lim_enc_addr: -- not provided ]]>
    </line>
    <line>
      <![CDATA[pad_to_cbr1: -- not provided ]]>
    </line>
    <line>
      <![CDATA[rtmp_feedback0: -- not provided ]]>
    </line>
    <line>
      <![CDATA[ohst10.7.0.63: -- not provided ]]>
    </line>
    <line>
      <![CDATA[oprt2088: -- not provided ]]>
    </line>
    <line>
      <![CDATA[onic0.0.0.0: -- not provided ]]>
    </line>
    <line>
      <![CDATA[oalt: -- not provided ]]>
    </line>
    <line>
      <![CDATA[bonded0: -- not provided ]]>
    </line>
    <line>
      <![CDATA[rtmp_streamautrtmp: -- not provided ]]>
    </line>
    <line>
      <![CDATA[rtmp_urlrtmp: //10.7.0.66/live]]>
    </line>
    <line>
      <![CDATA[rtmp_user: -- not provided ]]>
    </line>
    <line>
      <![CDATA[rtmp_pass: -- not provided ]]>
    </line>
    <line>
      <![CDATA[rtmp_url2: -- not provided ]]>
    </line>
    <line>
      <![CDATA[rtmp_hot0: -- not provided ]]>
    </line>
    <line>
      <![CDATA[uiport4200: -- not provided ]]>
    </line>
    <line>
      <![CDATA[Test parameteres: ]]>
    </line>
    <line>
      <![CDATA[analyze ]]>
    </line>
    <line>
      <![CDATA[complete ]]>
    </line>
    <line>
      <![CDATA[force_p2p 0]]>
    </line>
    <line>
      <![CDATA[id feederout]]>
    </line>
    <line>
      <![CDATA[latency -1]]>
    </line>
    <line>
      <![CDATA[login_ip 10.7.0.63]]>
    </line>
    <line>
      <![CDATA[max_outputs ]]>
    </line>
    <line>
      <![CDATA[mcast_force ]]>
    </line>
    <line>
      <![CDATA[mcast_ip 0]]>
    </line>
    <line>
      <![CDATA[mcast_out ]]>
    </line>
    <line>
      <![CDATA[mcast_port 0]]>
    </line>
    <line>
      <![CDATA[mcast_ttl ]]>
    </line>
    <line>
      <![CDATA[on 1]]>
    </line>
    <line>
      <![CDATA[password ]]>
    </line>
    <line>
      <![CDATA[time_shift 0]]>
    </line>
    <line>
      <![CDATA[type push]]>
    </line>
    <line>
      <![CDATA[uiport 4444]]>
    </line>
    <line>
      <![CDATA[userName admin]]>
    </line>
    <line>
      <![CDATA[userPass1234]]>
    </line>
    <line>
      <![CDATA[Test parameteres: ]]>
    </line>
    <line>
      <![CDATA[userName: admin]]>
    </line>
    <line>
      <![CDATA[userPass: 1234]]>
    </line>
    <line>
      <![CDATA[host: 10.7.0.66]]>
    </line>
    <line>
      <![CDATA[loin_ip: 10.7.0.66]]>
    </line>
    <line>
      <![CDATA[uiport: 4444]]>
    </line>
    <line>
      <![CDATA[id: autrtmp]]>
    </line>
    <line>
      <![CDATA[testduration: 120]]>
    </line>
    <line>
      <![CDATA[Max bitrate is 1024976]]>
    </line>
    <line>
      <![CDATA[Min bitrete is 828880]]>
    </line>
    <line>
      <![CDATA[Average bitrate is 947763]]>
    </line>
    <line>
      <![CDATA[Test parameteres: ]]>
    </line>
    <line>
      <![CDATA[userName: admin]]>
    </line>
    <line>
      <![CDATA[userPass: 1234]]>
    </line>
    <line>
      <![CDATA[loin_ip: 10.7.0.66]]>
    </line>
    <line>
      <![CDATA[port: 5555]]>
    </line>
    <line>
      <![CDATA[stream: autrtmp]]>
    </line>
    <line>
      <![CDATA[streamname: autrtmp]]>
    </line>
    <line>
      <![CDATA[host: 10.7.0.150]]>
    </line>
    <line>
      <![CDATA[id: autrtmp]]>
    </line>
    <line>
      <![CDATA[rtp: 0]]>
    </line>
    <line>
      <![CDATA[fec: 0]]>
    </line>
    <line>
      <![CDATA[smoothing: 0]]>
    </line>
    <line>
      <![CDATA[ttl: 5]]>
    </line>
    <line>
      <![CDATA[remux_bitrate: 0]]>
    </line>
    <line>
      <![CDATA[df: 0]]>
    </line>
    <line>
      <![CDATA[local_port: -- not provided ]]>
    </line>
    <line>
      <![CDATA[dec_key: -- not provided ]]>
    </line>
    <line>
      <![CDATA[type: TS]]>
    </line>
    <line>
      <![CDATA[rows: 10]]>
    </line>
    <line>
      <![CDATA[remux_buff: 1000]]>
    </line>
    <line>
      <![CDATA[local_ip: 0.0.0.0]]>
    </line>
    <line>
      <![CDATA[remux_restampdts: 0]]>
    </line>
    <line>
      <![CDATA[uiport: 4444]]>
    </line>
    <line>
      <![CDATA[remux_pcr: 90]]>
    </line>
    <line>
      <![CDATA[dec_type: -- not provided ]]>
    </line>
    <line>
      <![CDATA[cols: 10]]>
    </line>
    <line>
      <![CDATA[FFMPEG success measurement relation: 10 / 10]]>
    </line>
    <line>
      <![CDATA[Test parameteres: ]]>
    </line>
    <line>
      <![CDATA[login_ip: 10.7.0.66]]>
    </line>
    <line>
      <![CDATA[userName: admin]]>
    </line>
    <line>
      <![CDATA[userPassword: 1234]]>
    </line>
    <line>
      <![CDATA[name: autrtmp]]>
    </line>
    <line>
      <![CDATA[uiport: 4444]]>
    </line>
    <line>
      <![CDATA[Test parameteres: ]]>
    </line>
    <line>
      <![CDATA[userName: admin]]>
    </line>
    <line>
      <![CDATA[userPass: 1234]]>
    </line>
    <line>
      <![CDATA[login_ip: 10.7.0.65]]>
    </line>
    <line>
      <![CDATA[uiport: 4200]]>
    </line>
    <line>
      <![CDATA[id: feederout]]>
    </line>
    <line>
      <![CDATA[mip: live_recording.ts]]>
    </line>
    <line>
      <![CDATA[port: 0]]>
    </line>
    <line>
      <![CDATA[ip: file]]>
    </line>
    <line>
      <![CDATA[prog: 1]]>
    </line>
    <line>
      <![CDATA[chan: -1]]>
    </line>
    <line>
      <![CDATA[type: 2]]>
    </line>
    <line>
      <![CDATA[host: 10.7.0.63]]>
    </line>
    <line>
      <![CDATA[Test parameteres: ]]>
    </line>
    <line>
      <![CDATA[login_ip: 10.7.0.63]]>
    </line>
    <line>
      <![CDATA[userName: admin]]>
    </line>
    <line>
      <![CDATA[userPassword: 1234]]>
    </line>
    <line>
      <![CDATA[streamId: feederout]]>
    </line>
    <line>
      <![CDATA[uiport: 4444]]>
    </line>
    <line>
      <![CDATA[Stream feederout removed.]]>
    </line>
  </reporter-output>
  <suite name="Automatic RTMP from broadcaster while Feeder input" duration-ms="207676" started-at="2016-05-17T14:46:19Z" finished-at="2016-05-17T14:49:47Z">
    <groups>
    </groups>
    <test name="Feeder - push to broadcaster test - feeder automatic RTMP output" duration-ms="213" started-at="2016-05-17T14:46:19Z" finished-at="2016-05-17T14:46:19Z">
      <class name="com.zixi.testing.FeederOutputPushToBxTest">
        <test-method status="PASS" signature="startTest(org.testng.ITestContext)[pri:0, instance:com.zixi.testing.FeederOutputPushToBxTest@1888ff2c]" name="startTest" is-config="true" duration-ms="6" started-at="2016-05-17T17:46:19Z" finished-at="2016-05-17T17:46:19Z">
          <params>
            <param index="0">
              <value>
                <![CDATA[org.testng.TestRunner@12c8a2c0]]>
              </value>
            </param>
          </params>
          <reporter-output>
          </reporter-output>
        </test-method> <!-- startTest -->
        <test-method status="PASS" signature="testInit()[pri:0, instance:com.zixi.testing.FeederOutputPushToBxTest@1888ff2c]" name="testInit" is-config="true" duration-ms="1" started-at="2016-05-17T17:46:19Z" finished-at="2016-05-17T17:46:19Z">
          <reporter-output>
          </reporter-output>
        </test-method> <!-- testInit -->
        <test-method status="PASS" signature="beforeTes(java.lang.String)[pri:0, instance:com.zixi.testing.FeederOutputPushToBxTest@1888ff2c]" name="beforeTes" is-config="true" duration-ms="138" started-at="2016-05-17T17:46:19Z" finished-at="2016-05-17T17:46:19Z">
          <params>
            <param index="0">
              <value>
                <![CDATA[999]]>
              </value>
            </param>
          </params>
          <reporter-output>
          </reporter-output>
        </test-method> <!-- beforeTes -->
        <test-method status="PASS" signature="feederOutputToBxTestAutomaticRtmp(java.lang.String, java.lang.String, java.lang.String, java.lang.String, java.lang.String, java.lang.String, java.lang.String, java.lang.String, java.lang.String, java.lang.String, java.lang.String, java.lang.String, java.lang.String, java.lang.String, java.lang.String, java.lang.String, java.lang.String, java.lang.String, java.lang.String, java.lang.String, java.lang.String, java.lang.String, java.lang.String, java.lang.String, java.lang.String, java.lang.String, java.lang.String, java.lang.String, java.lang.String, java.lang.String, java.lang.String, java.lang.String, java.lang.String, java.lang.String, java.lang.String, java.lang.String, java.lang.String, java.lang.String, java.lang.String, java.lang.String, java.lang.String, java.lang.String, java.lang.String, java.lang.String, java.lang.String)[pri:0, instance:com.zixi.testing.FeederOutputPushToBxTest@1888ff2c]" name="feederOutputToBxTestAutomaticRtmp" duration-ms="26" started-at="2016-05-17T17:46:19Z" finished-at="2016-05-17T17:46:19Z">
          <params>
            <param index="0">
              <value>
                <![CDATA[admin]]>
              </value>
            </param>
            <param index="1">
              <value>
                <![CDATA[1234]]>
              </value>
            </param>
            <param index="2">
              <value>
                <![CDATA[10.7.0.65]]>
              </value>
            </param>
            <param index="3">
              <value>
                <![CDATA[feederoutputname]]>
              </value>
            </param>
            <param index="4">
              <value>
                <![CDATA[live_recording.ts]]>
              </value>
            </param>
            <param index="5">
              <value>
                <![CDATA[0]]>
              </value>
            </param>
            <param index="6">
              <value>
                <![CDATA[file]]>
              </value>
            </param>
            <param index="7">
              <value>
                <![CDATA[1]]>
              </value>
            </param>
            <param index="8">
              <value>
                <![CDATA[-1]]>
              </value>
            </param>
            <param index="9">
              <value>
                <![CDATA[2]]>
              </value>
            </param>
            <param index="10">
              <value>
                <![CDATA[feederout]]>
              </value>
            </param>
            <param index="11">
              <value>
                <![CDATA[]]>
              </value>
            </param>
            <param index="12">
              <value>
                <![CDATA[]]>
              </value>
            </param>
            <param index="13">
              <value>
                <![CDATA[]]>
              </value>
            </param>
            <param index="14">
              <value>
                <![CDATA[8000000]]>
              </value>
            </param>
            <param index="15">
              <value>
                <![CDATA[6000]]>
              </value>
            </param>
            <param index="16">
              <value>
                <![CDATA[0]]>
              </value>
            </param>
            <param index="17">
              <value>
                <![CDATA[1]]>
              </value>
            </param>
            <param index="18">
              <value>
                <![CDATA[0]]>
              </value>
            </param>
            <param index="19">
              <value>
                <![CDATA[1]]>
              </value>
            </param>
            <param index="20">
              <value>
                <![CDATA[0]]>
              </value>
            </param>
            <param index="21">
              <value>
                <![CDATA[1]]>
              </value>
            </param>
            <param index="22">
              <value>
                <![CDATA[30]]>
              </value>
            </param>
            <param index="23">
              <value>
                <![CDATA[150]]>
              </value>
            </param>
            <param index="24">
              <value>
                <![CDATA[0]]>
              </value>
            </param>
            <param index="25">
              <value>
                <![CDATA[0]]>
              </value>
            </param>
            <param index="26">
              <value>
                <![CDATA[0]]>
              </value>
            </param>
            <param index="27">
              <value>
                <![CDATA[0]]>
              </value>
            </param>
            <param index="28">
              <value>
                <![CDATA[0]]>
              </value>
            </param>
            <param index="29">
              <value>
                <![CDATA[]]>
              </value>
            </param>
            <param index="30">
              <value>
                <![CDATA[1]]>
              </value>
            </param>
            <param index="31">
              <value>
                <![CDATA[0]]>
              </value>
            </param>
            <param index="32">
              <value>
                <![CDATA[10.7.0.63]]>
              </value>
            </param>
            <param index="33">
              <value>
                <![CDATA[2088]]>
              </value>
            </param>
            <param index="34">
              <value>
                <![CDATA[0.0.0.0]]>
              </value>
            </param>
            <param index="35">
              <value>
                <![CDATA[]]>
              </value>
            </param>
            <param index="36">
              <value>
                <![CDATA[0]]>
              </value>
            </param>
            <param index="37">
              <value>
                <![CDATA[autrtmp]]>
              </value>
            </param>
            <param index="38">
              <value>
                <![CDATA[rtmp://10.7.0.66/live]]>
              </value>
            </param>
            <param index="39">
              <value>
                <![CDATA[]]>
              </value>
            </param>
            <param index="40">
              <value>
                <![CDATA[]]>
              </value>
            </param>
            <param index="41">
              <value>
                <![CDATA[]]>
              </value>
            </param>
            <param index="42">
              <value>
                <![CDATA[0]]>
              </value>
            </param>
            <param index="43">
              <value>
                <![CDATA[4200]]>
              </value>
            </param>
            <param index="44">
              <value>
                <![CDATA[999]]>
              </value>
            </param>
          </params>
          <reporter-output>
            <line>
              <![CDATA[Test parameteres: ]]>
            </line>
            <line>
              <![CDATA[userNameadmin: -- not provided ]]>
            </line>
            <line>
              <![CDATA[userPass1234: -- not provided ]]>
            </line>
            <line>
              <![CDATA[login_ip10.7.0.65: -- not provided ]]>
            </line>
            <line>
              <![CDATA[namefeederoutputname: -- not provided ]]>
            </line>
            <line>
              <![CDATA[miplive_recording.ts: -- not provided ]]>
            </line>
            <line>
              <![CDATA[port0: -- not provided ]]>
            </line>
            <line>
              <![CDATA[ipfile: -- not provided ]]>
            </line>
            <line>
              <![CDATA[prog1: -- not provided ]]>
            </line>
            <line>
              <![CDATA[chan-1: -- not provided ]]>
            </line>
            <line>
              <![CDATA[type2: -- not provided ]]>
            </line>
            <line>
              <![CDATA[ostrfeederout: -- not provided ]]>
            </line>
            <line>
              <![CDATA[oses: -- not provided ]]>
            </line>
            <line>
              <![CDATA[oetp: -- not provided ]]>
            </line>
            <line>
              <![CDATA[oeky: -- not provided ]]>
            </line>
            <line>
              <![CDATA[obit8000000: -- not provided ]]>
            </line>
            <line>
              <![CDATA[olat6000: -- not provided ]]>
            </line>
            <line>
              <![CDATA[ofc0: -- not provided ]]>
            </line>
            <line>
              <![CDATA[ocmp1: -- not provided ]]>
            </line>
            <line>
              <![CDATA[oold0: -- not provided ]]>
            </line>
            <line>
              <![CDATA[onfec1: -- not provided ]]>
            </line>
            <line>
              <![CDATA[fec_force0: -- not provided ]]>
            </line>
            <line>
              <![CDATA[fec_adaptive1: -- not provided ]]>
            </line>
            <line>
              <![CDATA[ofec30: -- not provided ]]>
            </line>
            <line>
              <![CDATA[ofecl150: -- not provided ]]>
            </line>
            <line>
              <![CDATA[stop_on_drop0: -- not provided ]]>
            </line>
            <line>
              <![CDATA[mmt0: -- not provided ]]>
            </line>
            <line>
              <![CDATA[0: -- not provided ]]>
            </line>
            <line>
              <![CDATA[0: -- not provided ]]>
            </line>
            <line>
              <![CDATA[0: -- not provided ]]>
            </line>
            <line>
              <![CDATA[lim_enc_addr: -- not provided ]]>
            </line>
            <line>
              <![CDATA[pad_to_cbr1: -- not provided ]]>
            </line>
            <line>
              <![CDATA[rtmp_feedback0: -- not provided ]]>
            </line>
            <line>
              <![CDATA[ohst10.7.0.63: -- not provided ]]>
            </line>
            <line>
              <![CDATA[oprt2088: -- not provided ]]>
            </line>
            <line>
              <![CDATA[onic0.0.0.0: -- not provided ]]>
            </line>
            <line>
              <![CDATA[oalt: -- not provided ]]>
            </line>
            <line>
              <![CDATA[bonded0: -- not provided ]]>
            </line>
            <line>
              <![CDATA[rtmp_streamautrtmp: -- not provided ]]>
            </line>
            <line>
              <![CDATA[rtmp_urlrtmp: //10.7.0.66/live]]>
            </line>
            <line>
              <![CDATA[rtmp_user: -- not provided ]]>
            </line>
            <line>
              <![CDATA[rtmp_pass: -- not provided ]]>
            </line>
            <line>
              <![CDATA[rtmp_url2: -- not provided ]]>
            </line>
            <line>
              <![CDATA[rtmp_hot0: -- not provided ]]>
            </line>
            <line>
              <![CDATA[uiport4200: -- not provided ]]>
            </line>
          </reporter-output>
        </test-method> <!-- feederOutputToBxTestAutomaticRtmp -->
        <test-method status="PASS" signature="afterTest(java.lang.reflect.Method, org.testng.ITestResult)[pri:0, instance:com.zixi.testing.FeederOutputPushToBxTest@1888ff2c]" name="afterTest" is-config="true" duration-ms="35" started-at="2016-05-17T17:46:19Z" finished-at="2016-05-17T17:46:19Z">
          <params>
            <param index="0">
              <value>
                <![CDATA[public void com.zixi.testing.FeederOutputPushToBxTest.feederOutputToBxTestAutomaticRtmp(java.lang.String,java.lang.String,java.lang.String,java.lang.String,java.lang.String,java.lang.String,java.lang.String,java.lang.String,java.lang.String,java.lang.String,java.lang.String,java.lang.String,java.lang.String,java.lang.String,java.lang.String,java.lang.String,java.lang.String,java.lang.String,java.lang.String,java.lang.String,java.lang.String,java.lang.String,java.lang.String,java.lang.String,java.lang.String,java.lang.String,java.lang.String,java.lang.String,java.lang.String,java.lang.String,java.lang.String,java.lang.String,java.lang.String,java.lang.String,java.lang.String,java.lang.String,java.lang.String,java.lang.String,java.lang.String,java.lang.String,java.lang.String,java.lang.String,java.lang.String,java.lang.String,java.lang.String) throws java.lang.InterruptedException]]>
              </value>
            </param>
            <param index="1">
              <value>
                <![CDATA[[TestResult name=feederOutputToBxTestAutomaticRtmp status=SUCCESS method=FeederOutputPushToBxTest.feederOutputToBxTestAutomaticRtmp(java.lang.String, java.lang.String, java.lang.String, java.lang.String, java.lang.String, java.lang.String, java.lang.String, java.lang.String, java.lang.String, java.lang.String, java.lang.String, java.lang.String, java.lang.String, java.lang.String, java.lang.String, java.lang.String, java.lang.String, java.lang.String, java.lang.String, java.lang.String, java.lang.String, java.lang.String, java.lang.String, java.lang.String, java.lang.String, java.lang.String, java.lang.String, java.lang.String, java.lang.String, java.lang.String, java.lang.String, java.lang.String, java.lang.String, java.lang.String, java.lang.String, java.lang.String, java.lang.String, java.lang.String, java.lang.String, java.lang.String, java.lang.String, java.lang.String, java.lang.String, java.lang.String, java.lang.String)[pri:0, instance:com.zixi.testing.FeederOutputPushToBxTest@1888ff2c] output=Test parameteres: ]]]>
              </value>
            </param>
          </params>
          <reporter-output>
          </reporter-output>
        </test-method> <!-- afterTest -->
      </class> <!-- com.zixi.testing.FeederOutputPushToBxTest -->
    </test> <!-- Feeder - push to broadcaster test - feeder automatic RTMP output -->
    <test name="Set broadcaster1 RTMP settings on automatic RTMP output" duration-ms="83" started-at="2016-05-17T14:46:19Z" finished-at="2016-05-17T14:46:19Z">
      <class name="com.zixi.testing.BroadcasterSetRtmpSettingsTest">
        <test-method status="PASS" signature="testInit()[pri:0, instance:com.zixi.testing.BroadcasterSetRtmpSettingsTest@6b71769e]" name="testInit" is-config="true" duration-ms="0" started-at="2016-05-17T17:46:19Z" finished-at="2016-05-17T17:46:19Z">
          <reporter-output>
          </reporter-output>
        </test-method> <!-- testInit -->
        <test-method status="PASS" signature="startTest(org.testng.ITestContext)[pri:0, instance:com.zixi.testing.BroadcasterSetRtmpSettingsTest@6b71769e]" name="startTest" is-config="true" duration-ms="0" started-at="2016-05-17T17:46:19Z" finished-at="2016-05-17T17:46:19Z">
          <params>
            <param index="0">
              <value>
                <![CDATA[org.testng.TestRunner@319b92f3]]>
              </value>
            </param>
          </params>
          <reporter-output>
          </reporter-output>
        </test-method> <!-- startTest -->
        <test-method status="PASS" signature="beforeTes(java.lang.String)[pri:0, instance:com.zixi.testing.BroadcasterSetRtmpSettingsTest@6b71769e]" name="beforeTes" is-config="true" duration-ms="38" started-at="2016-05-17T17:46:19Z" finished-at="2016-05-17T17:46:19Z">
          <params>
            <param index="0">
              <value>
                <![CDATA[1001]]>
              </value>
            </param>
          </params>
          <reporter-output>
          </reporter-output>
        </test-method> <!-- beforeTes -->
        <test-method status="PASS" signature="broadcasterSingleStreamRemoving(java.lang.String, java.lang.String, java.lang.String, java.lang.String, java.lang.String, java.lang.String, java.lang.String, java.lang.String, java.lang.String, java.lang.String, java.lang.String)[pri:0, instance:com.zixi.testing.BroadcasterSetRtmpSettingsTest@6b71769e]" name="broadcasterSingleStreamRemoving" duration-ms="8" started-at="2016-05-17T17:46:19Z" finished-at="2016-05-17T17:46:19Z">
          <params>
            <param index="0">
              <value>
                <![CDATA[admin]]>
              </value>
            </param>
            <param index="1">
              <value>
                <![CDATA[1234]]>
              </value>
            </param>
            <param index="2">
              <value>
                <![CDATA[10.7.0.63]]>
              </value>
            </param>
            <param index="3">
              <value>
                <![CDATA[4444]]>
              </value>
            </param>
            <param index="4">
              <value>
                <![CDATA[1]]>
              </value>
            </param>
            <param index="5">
              <value>
                <![CDATA[1935]]>
              </value>
            </param>
            <param index="6">
              <value>
                <![CDATA[1]]>
              </value>
            </param>
            <param index="7">
              <value>
                <![CDATA[1]]>
              </value>
            </param>
            <param index="8">
              <value>
                <![CDATA[90]]>
              </value>
            </param>
            <param index="9">
              <value>
                <![CDATA[0]]>
              </value>
            </param>
            <param index="10">
              <value>
                <![CDATA[1001]]>
              </value>
            </param>
          </params>
          <reporter-output>
          </reporter-output>
        </test-method> <!-- broadcasterSingleStreamRemoving -->
        <test-method status="PASS" signature="afterTest(java.lang.reflect.Method, org.testng.ITestResult)[pri:0, instance:com.zixi.testing.BroadcasterSetRtmpSettingsTest@6b71769e]" name="afterTest" is-config="true" duration-ms="35" started-at="2016-05-17T17:46:19Z" finished-at="2016-05-17T17:46:19Z">
          <params>
            <param index="0">
              <value>
                <![CDATA[public void com.zixi.testing.BroadcasterSetRtmpSettingsTest.broadcasterSingleStreamRemoving(java.lang.String,java.lang.String,java.lang.String,java.lang.String,java.lang.String,java.lang.String,java.lang.String,java.lang.String,java.lang.String,java.lang.String,java.lang.String) throws java.lang.InterruptedException]]>
              </value>
            </param>
            <param index="1">
              <value>
                <![CDATA[[TestResult name=broadcasterSingleStreamRemoving status=SUCCESS method=BroadcasterSetRtmpSettingsTest.broadcasterSingleStreamRemoving(java.lang.String, java.lang.String, java.lang.String, java.lang.String, java.lang.String, java.lang.String, java.lang.String, java.lang.String, java.lang.String, java.lang.String, java.lang.String)[pri:0, instance:com.zixi.testing.BroadcasterSetRtmpSettingsTest@6b71769e] output={null}]]]>
              </value>
            </param>
          </params>
          <reporter-output>
          </reporter-output>
        </test-method> <!-- afterTest -->
      </class> <!-- com.zixi.testing.BroadcasterSetRtmpSettingsTest -->
    </test> <!-- Set broadcaster1 RTMP settings on automatic RTMP output -->
    <test name="Set broadcaster2 RTMP settings on automatic RTMP output" duration-ms="89" started-at="2016-05-17T14:46:19Z" finished-at="2016-05-17T14:46:20Z">
      <class name="com.zixi.testing.BroadcasterSetRtmpSettingsTest">
        <test-method status="PASS" signature="testInit()[pri:0, instance:com.zixi.testing.BroadcasterSetRtmpSettingsTest@1d251891]" name="testInit" is-config="true" duration-ms="1" started-at="2016-05-17T17:46:19Z" finished-at="2016-05-17T17:46:19Z">
          <reporter-output>
          </reporter-output>
        </test-method> <!-- testInit -->
        <test-method status="PASS" signature="startTest(org.testng.ITestContext)[pri:0, instance:com.zixi.testing.BroadcasterSetRtmpSettingsTest@1d251891]" name="startTest" is-config="true" duration-ms="0" started-at="2016-05-17T17:46:19Z" finished-at="2016-05-17T17:46:19Z">
          <params>
            <param index="0">
              <value>
                <![CDATA[org.testng.TestRunner@587c290d]]>
              </value>
            </param>
          </params>
          <reporter-output>
          </reporter-output>
        </test-method> <!-- startTest -->
        <test-method status="PASS" signature="beforeTes(java.lang.String)[pri:0, instance:com.zixi.testing.BroadcasterSetRtmpSettingsTest@1d251891]" name="beforeTes" is-config="true" duration-ms="45" started-at="2016-05-17T17:46:19Z" finished-at="2016-05-17T17:46:20Z">
          <params>
            <param index="0">
              <value>
                <![CDATA[1001]]>
              </value>
            </param>
          </params>
          <reporter-output>
          </reporter-output>
        </test-method> <!-- beforeTes -->
        <test-method status="PASS" signature="broadcasterSingleStreamRemoving(java.lang.String, java.lang.String, java.lang.String, java.lang.String, java.lang.String, java.lang.String, java.lang.String, java.lang.String, java.lang.String, java.lang.String, java.lang.String)[pri:0, instance:com.zixi.testing.BroadcasterSetRtmpSettingsTest@1d251891]" name="broadcasterSingleStreamRemoving" duration-ms="9" started-at="2016-05-17T17:46:20Z" finished-at="2016-05-17T17:46:20Z">
          <params>
            <param index="0">
              <value>
                <![CDATA[admin]]>
              </value>
            </param>
            <param index="1">
              <value>
                <![CDATA[1234]]>
              </value>
            </param>
            <param index="2">
              <value>
                <![CDATA[10.7.0.66]]>
              </value>
            </param>
            <param index="3">
              <value>
                <![CDATA[4444]]>
              </value>
            </param>
            <param index="4">
              <value>
                <![CDATA[1]]>
              </value>
            </param>
            <param index="5">
              <value>
                <![CDATA[1935]]>
              </value>
            </param>
            <param index="6">
              <value>
                <![CDATA[1]]>
              </value>
            </param>
            <param index="7">
              <value>
                <![CDATA[1]]>
              </value>
            </param>
            <param index="8">
              <value>
                <![CDATA[90]]>
              </value>
            </param>
            <param index="9">
              <value>
                <![CDATA[0]]>
              </value>
            </param>
            <param index="10">
              <value>
                <![CDATA[1001]]>
              </value>
            </param>
          </params>
          <reporter-output>
          </reporter-output>
        </test-method> <!-- broadcasterSingleStreamRemoving -->
        <test-method status="PASS" signature="afterTest(java.lang.reflect.Method, org.testng.ITestResult)[pri:0, instance:com.zixi.testing.BroadcasterSetRtmpSettingsTest@1d251891]" name="afterTest" is-config="true" duration-ms="34" started-at="2016-05-17T17:46:20Z" finished-at="2016-05-17T17:46:20Z">
          <params>
            <param index="0">
              <value>
                <![CDATA[public void com.zixi.testing.BroadcasterSetRtmpSettingsTest.broadcasterSingleStreamRemoving(java.lang.String,java.lang.String,java.lang.String,java.lang.String,java.lang.String,java.lang.String,java.lang.String,java.lang.String,java.lang.String,java.lang.String,java.lang.String) throws java.lang.InterruptedException]]>
              </value>
            </param>
            <param index="1">
              <value>
                <![CDATA[[TestResult name=broadcasterSingleStreamRemoving status=SUCCESS method=BroadcasterSetRtmpSettingsTest.broadcasterSingleStreamRemoving(java.lang.String, java.lang.String, java.lang.String, java.lang.String, java.lang.String, java.lang.String, java.lang.String, java.lang.String, java.lang.String, java.lang.String, java.lang.String)[pri:0, instance:com.zixi.testing.BroadcasterSetRtmpSettingsTest@1d251891] output={null}]]]>
              </value>
            </param>
          </params>
          <reporter-output>
          </reporter-output>
        </test-method> <!-- afterTest -->
      </class> <!-- com.zixi.testing.BroadcasterSetRtmpSettingsTest -->
    </test> <!-- Set broadcaster2 RTMP settings on automatic RTMP output -->
    <test name="Broadcaster - Push input stream creation test - automatic RTMP output" duration-ms="76" started-at="2016-05-17T14:46:20Z" finished-at="2016-05-17T14:46:20Z">
      <class name="com.zixi.testing.BroadcasterPushInStreamCreationTest">
        <test-method status="PASS" signature="startTest(org.testng.ITestContext)[pri:0, instance:com.zixi.testing.BroadcasterPushInStreamCreationTest@5594a1b5]" name="startTest" is-config="true" duration-ms="0" started-at="2016-05-17T17:46:20Z" finished-at="2016-05-17T17:46:20Z">
          <params>
            <param index="0">
              <value>
                <![CDATA[org.testng.TestRunner@15bfd87]]>
              </value>
            </param>
          </params>
          <reporter-output>
          </reporter-output>
        </test-method> <!-- startTest -->
        <test-method status="PASS" signature="testInit()[pri:0, instance:com.zixi.testing.BroadcasterPushInStreamCreationTest@5594a1b5]" name="testInit" is-config="true" duration-ms="1" started-at="2016-05-17T17:46:20Z" finished-at="2016-05-17T17:46:20Z">
          <reporter-output>
          </reporter-output>
        </test-method> <!-- testInit -->
        <test-method status="PASS" signature="beforeTes(java.lang.String)[pri:0, instance:com.zixi.testing.BroadcasterPushInStreamCreationTest@5594a1b5]" name="beforeTes" is-config="true" duration-ms="33" started-at="2016-05-17T17:46:20Z" finished-at="2016-05-17T17:46:20Z">
          <params>
            <param index="0">
              <value>
                <![CDATA[1003]]>
              </value>
            </param>
          </params>
          <reporter-output>
          </reporter-output>
        </test-method> <!-- beforeTes -->
        <test-method status="PASS" signature="broadcasterSingleStreamRemoving(java.lang.String, java.lang.String, java.lang.String, java.lang.String, java.lang.String, java.lang.String, java.lang.String, java.lang.String, java.lang.String, java.lang.String, java.lang.String, java.lang.String, java.lang.String, java.lang.String, java.lang.String, java.lang.String, java.lang.String, java.lang.String, java.lang.String, java.lang.String)[pri:0, instance:com.zixi.testing.BroadcasterPushInStreamCreationTest@5594a1b5]" name="broadcasterSingleStreamRemoving" duration-ms="7" started-at="2016-05-17T17:46:20Z" finished-at="2016-05-17T17:46:20Z">
          <params>
            <param index="0">
              <value>
                <![CDATA[admin]]>
              </value>
            </param>
            <param index="1">
              <value>
                <![CDATA[1234]]>
              </value>
            </param>
            <param index="2">
              <value>
                <![CDATA[10.7.0.63]]>
              </value>
            </param>
            <param index="3">
              <value>
                <![CDATA[-1]]>
              </value>
            </param>
            <param index="4">
              <value>
                <![CDATA[0]]>
              </value>
            </param>
            <param index="5">
              <value>
                <![CDATA[0]]>
              </value>
            </param>
            <param index="6">
              <value>
                <![CDATA[0]]>
              </value>
            </param>
            <param index="7">
              <value>
                <![CDATA[]]>
              </value>
            </param>
            <param index="8">
              <value>
                <![CDATA[0]]>
              </value>
            </param>
            <param index="9">
              <value>
                <![CDATA[push]]>
              </value>
            </param>
            <param index="10">
              <value>
                <![CDATA[4444]]>
              </value>
            </param>
            <param index="11">
              <value>
                <![CDATA[]]>
              </value>
            </param>
            <param index="12">
              <value>
                <![CDATA[]]>
              </value>
            </param>
            <param index="13">
              <value>
                <![CDATA[feederout]]>
              </value>
            </param>
            <param index="14">
              <value>
                <![CDATA[]]>
              </value>
            </param>
            <param index="15">
              <value>
                <![CDATA[]]>
              </value>
            </param>
            <param index="16">
              <value>
                <![CDATA[]]>
              </value>
            </param>
            <param index="17">
              <value>
                <![CDATA[1]]>
              </value>
            </param>
            <param index="18">
              <value>
                <![CDATA[]]>
              </value>
            </param>
            <param index="19">
              <value>
                <![CDATA[1003]]>
              </value>
            </param>
          </params>
          <reporter-output>
            <line>
              <![CDATA[Test parameteres: ]]>
            </line>
            <line>
              <![CDATA[analyze ]]>
            </line>
            <line>
              <![CDATA[complete ]]>
            </line>
            <line>
              <![CDATA[force_p2p 0]]>
            </line>
            <line>
              <![CDATA[id feederout]]>
            </line>
            <line>
              <![CDATA[latency -1]]>
            </line>
            <line>
              <![CDATA[login_ip 10.7.0.63]]>
            </line>
            <line>
              <![CDATA[max_outputs ]]>
            </line>
            <line>
              <![CDATA[mcast_force ]]>
            </line>
            <line>
              <![CDATA[mcast_ip 0]]>
            </line>
            <line>
              <![CDATA[mcast_out ]]>
            </line>
            <line>
              <![CDATA[mcast_port 0]]>
            </line>
            <line>
              <![CDATA[mcast_ttl ]]>
            </line>
            <line>
              <![CDATA[on 1]]>
            </line>
            <line>
              <![CDATA[password ]]>
            </line>
            <line>
              <![CDATA[time_shift 0]]>
            </line>
            <line>
              <![CDATA[type push]]>
            </line>
            <line>
              <![CDATA[uiport 4444]]>
            </line>
            <line>
              <![CDATA[userName admin]]>
            </line>
            <line>
              <![CDATA[userPass1234]]>
            </line>
          </reporter-output>
        </test-method> <!-- broadcasterSingleStreamRemoving -->
        <test-method status="PASS" signature="afterTest(java.lang.reflect.Method, org.testng.ITestResult)[pri:0, instance:com.zixi.testing.BroadcasterPushInStreamCreationTest@5594a1b5]" name="afterTest" is-config="true" duration-ms="33" started-at="2016-05-17T17:46:20Z" finished-at="2016-05-17T17:46:20Z">
          <params>
            <param index="0">
              <value>
                <![CDATA[public void com.zixi.testing.BroadcasterPushInStreamCreationTest.broadcasterSingleStreamRemoving(java.lang.String,java.lang.String,java.lang.String,java.lang.String,java.lang.String,java.lang.String,java.lang.String,java.lang.String,java.lang.String,java.lang.String,java.lang.String,java.lang.String,java.lang.String,java.lang.String,java.lang.String,java.lang.String,java.lang.String,java.lang.String,java.lang.String,java.lang.String) throws java.lang.InterruptedException]]>
              </value>
            </param>
            <param index="1">
              <value>
                <![CDATA[[TestResult name=broadcasterSingleStreamRemoving status=SUCCESS method=BroadcasterPushInStreamCreationTest.broadcasterSingleStreamRemoving(java.lang.String, java.lang.String, java.lang.String, java.lang.String, java.lang.String, java.lang.String, java.lang.String, java.lang.String, java.lang.String, java.lang.String, java.lang.String, java.lang.String, java.lang.String, java.lang.String, java.lang.String, java.lang.String, java.lang.String, java.lang.String, java.lang.String, java.lang.String)[pri:0, instance:com.zixi.testing.BroadcasterPushInStreamCreationTest@5594a1b5] output=Test parameteres: ]]]>
              </value>
            </param>
          </params>
          <reporter-output>
          </reporter-output>
        </test-method> <!-- afterTest -->
      </class> <!-- com.zixi.testing.BroadcasterPushInStreamCreationTest -->
    </test> <!-- Broadcaster - Push input stream creation test - automatic RTMP output -->
    <test name="Broadcaster - automatic RTMP input statistic" duration-ms="145790" started-at="2016-05-17T14:46:20Z" finished-at="2016-05-17T14:48:45Z">
      <class name="com.zixi.testing.BroadcasterInputStatisticSingleStreamTest">
        <test-method status="PASS" signature="startTest(org.testng.ITestContext)[pri:0, instance:com.zixi.testing.BroadcasterInputStatisticSingleStreamTest@880ec60]" name="startTest" is-config="true" duration-ms="0" started-at="2016-05-17T17:46:20Z" finished-at="2016-05-17T17:46:20Z">
          <params>
            <param index="0">
              <value>
                <![CDATA[org.testng.TestRunner@60438a68]]>
              </value>
            </param>
          </params>
          <reporter-output>
          </reporter-output>
        </test-method> <!-- startTest -->
        <test-method status="PASS" signature="testInit()[pri:0, instance:com.zixi.testing.BroadcasterInputStatisticSingleStreamTest@880ec60]" name="testInit" is-config="true" duration-ms="0" started-at="2016-05-17T17:46:20Z" finished-at="2016-05-17T17:46:20Z">
          <reporter-output>
          </reporter-output>
        </test-method> <!-- testInit -->
        <test-method status="PASS" signature="beforeTes(java.lang.String)[pri:0, instance:com.zixi.testing.BroadcasterInputStatisticSingleStreamTest@880ec60]" name="beforeTes" is-config="true" duration-ms="34" started-at="2016-05-17T17:46:20Z" finished-at="2016-05-17T17:46:20Z">
          <params>
            <param index="0">
              <value>
                <![CDATA[1005]]>
              </value>
            </param>
          </params>
          <reporter-output>
          </reporter-output>
        </test-method> <!-- beforeTes -->
        <test-method status="PASS" signature="broadcasterSingleInputStreamstatisticAnilyzer(java.lang.String, java.lang.String, java.lang.String, java.lang.String, java.lang.String, java.lang.String, java.lang.String, java.lang.String)[pri:0, instance:com.zixi.testing.BroadcasterInputStatisticSingleStreamTest@880ec60]" name="broadcasterSingleInputStreamstatisticAnilyzer" duration-ms="145711" started-at="2016-05-17T17:46:20Z" finished-at="2016-05-17T17:48:45Z">
          <params>
            <param index="0">
              <value>
                <![CDATA[admin]]>
              </value>
            </param>
            <param index="1">
              <value>
                <![CDATA[1234]]>
              </value>
            </param>
            <param index="2">
              <value>
                <![CDATA[10.7.0.66]]>
              </value>
            </param>
            <param index="3">
              <value>
                <![CDATA[10.7.0.66]]>
              </value>
            </param>
            <param index="4">
              <value>
                <![CDATA[4444]]>
              </value>
            </param>
            <param index="5">
              <value>
                <![CDATA[autrtmp]]>
              </value>
            </param>
            <param index="6">
              <value>
                <![CDATA[120]]>
              </value>
            </param>
            <param index="7">
              <value>
                <![CDATA[1005]]>
              </value>
            </param>
          </params>
          <reporter-output>
            <line>
              <![CDATA[Test parameteres: ]]>
            </line>
            <line>
              <![CDATA[userName: admin]]>
            </line>
            <line>
              <![CDATA[userPass: 1234]]>
            </line>
            <line>
              <![CDATA[host: 10.7.0.66]]>
            </line>
            <line>
              <![CDATA[loin_ip: 10.7.0.66]]>
            </line>
            <line>
              <![CDATA[uiport: 4444]]>
            </line>
            <line>
              <![CDATA[id: autrtmp]]>
            </line>
            <line>
              <![CDATA[testduration: 120]]>
            </line>
            <line>
              <![CDATA[Max bitrate is 1024976]]>
            </line>
            <line>
              <![CDATA[Min bitrete is 828880]]>
            </line>
            <line>
              <![CDATA[Average bitrate is 947763]]>
            </line>
          </reporter-output>
        </test-method> <!-- broadcasterSingleInputStreamstatisticAnilyzer -->
        <test-method status="PASS" signature="afterTest(java.lang.reflect.Method, org.testng.ITestResult)[pri:0, instance:com.zixi.testing.BroadcasterInputStatisticSingleStreamTest@880ec60]" name="afterTest" is-config="true" duration-ms="42" started-at="2016-05-17T17:48:45Z" finished-at="2016-05-17T17:48:45Z">
          <params>
            <param index="0">
              <value>
                <![CDATA[public void com.zixi.testing.BroadcasterInputStatisticSingleStreamTest.broadcasterSingleInputStreamstatisticAnilyzer(java.lang.String,java.lang.String,java.lang.String,java.lang.String,java.lang.String,java.lang.String,java.lang.String,java.lang.String) throws java.lang.InterruptedException]]>
              </value>
            </param>
            <param index="1">
              <value>
                <![CDATA[[TestResult name=broadcasterSingleInputStreamstatisticAnilyzer status=SUCCESS method=BroadcasterInputStatisticSingleStreamTest.broadcasterSingleInputStreamstatisticAnilyzer(java.lang.String, java.lang.String, java.lang.String, java.lang.String, java.lang.String, java.lang.String, java.lang.String, java.lang.String)[pri:0, instance:com.zixi.testing.BroadcasterInputStatisticSingleStreamTest@880ec60] output=Test parameteres: ]]]>
              </value>
            </param>
          </params>
          <reporter-output>
          </reporter-output>
        </test-method> <!-- afterTest -->
      </class> <!-- com.zixi.testing.BroadcasterInputStatisticSingleStreamTest -->
    </test> <!-- Broadcaster - automatic RTMP input statistic -->
    <test name="Broadcaster - UDP output stream creation automatic RTMP output" duration-ms="81" started-at="2016-05-17T14:48:45Z" finished-at="2016-05-17T14:48:46Z">
      <class name="com.zixi.testing.BroadcasterUDPOutputStreamCreationTest">
        <test-method status="PASS" signature="testInit()[pri:0, instance:com.zixi.testing.BroadcasterUDPOutputStreamCreationTest@5b464ce8]" name="testInit" is-config="true" duration-ms="1" started-at="2016-05-17T17:48:45Z" finished-at="2016-05-17T17:48:45Z">
          <reporter-output>
          </reporter-output>
        </test-method> <!-- testInit -->
        <test-method status="PASS" signature="startTest(org.testng.ITestContext)[pri:0, instance:com.zixi.testing.BroadcasterUDPOutputStreamCreationTest@5b464ce8]" name="startTest" is-config="true" duration-ms="0" started-at="2016-05-17T17:48:45Z" finished-at="2016-05-17T17:48:45Z">
          <params>
            <param index="0">
              <value>
                <![CDATA[org.testng.TestRunner@5cdd8682]]>
              </value>
            </param>
          </params>
          <reporter-output>
          </reporter-output>
        </test-method> <!-- startTest -->
        <test-method status="PASS" signature="beforeTes(java.lang.String)[pri:0, instance:com.zixi.testing.BroadcasterUDPOutputStreamCreationTest@5b464ce8]" name="beforeTes" is-config="true" duration-ms="38" started-at="2016-05-17T17:48:45Z" finished-at="2016-05-17T17:48:45Z">
          <params>
            <param index="0">
              <value>
                <![CDATA[3891]]>
              </value>
            </param>
          </params>
          <reporter-output>
          </reporter-output>
        </test-method> <!-- beforeTes -->
        <test-method status="PASS" signature="broadcasterPullInCreation(java.lang.String, java.lang.String, java.lang.String, java.lang.String, java.lang.String, java.lang.String, java.lang.String, java.lang.String, java.lang.String, java.lang.String, java.lang.String, java.lang.String, java.lang.String, java.lang.String, java.lang.String, java.lang.String, java.lang.String, java.lang.String, java.lang.String, java.lang.String, java.lang.String, java.lang.String, java.lang.String, java.lang.String, java.lang.String, java.lang.String)[pri:0, instance:com.zixi.testing.BroadcasterUDPOutputStreamCreationTest@5b464ce8]" name="broadcasterPullInCreation" duration-ms="7" started-at="2016-05-17T17:48:45Z" finished-at="2016-05-17T17:48:45Z">
          <params>
            <param index="0">
              <value>
                <![CDATA[admin]]>
              </value>
            </param>
            <param index="1">
              <value>
                <![CDATA[1234]]>
              </value>
            </param>
            <param index="2">
              <value>
                <![CDATA[10.7.0.66]]>
              </value>
            </param>
            <param index="3">
              <value>
                <![CDATA[5555]]>
              </value>
            </param>
            <param index="4">
              <value>
                <![CDATA[autrtmp]]>
              </value>
            </param>
            <param index="5">
              <value>
                <![CDATA[autrtmp]]>
              </value>
            </param>
            <param index="6">
              <value>
                <![CDATA[10.7.0.150]]>
              </value>
            </param>
            <param index="7">
              <value>
                <![CDATA[autrtmp]]>
              </value>
            </param>
            <param index="8">
              <value>
                <![CDATA[0]]>
              </value>
            </param>
            <param index="9">
              <value>
                <![CDATA[0]]>
              </value>
            </param>
            <param index="10">
              <value>
                <![CDATA[0]]>
              </value>
            </param>
            <param index="11">
              <value>
                <![CDATA[5]]>
              </value>
            </param>
            <param index="12">
              <value>
                <![CDATA[0]]>
              </value>
            </param>
            <param index="13">
              <value>
                <![CDATA[0]]>
              </value>
            </param>
            <param index="14">
              <value>
                <![CDATA[]]>
              </value>
            </param>
            <param index="15">
              <value>
                <![CDATA[]]>
              </value>
            </param>
            <param index="16">
              <value>
                <![CDATA[TS]]>
              </value>
            </param>
            <param index="17">
              <value>
                <![CDATA[10]]>
              </value>
            </param>
            <param index="18">
              <value>
                <![CDATA[1000]]>
              </value>
            </param>
            <param index="19">
              <value>
                <![CDATA[0.0.0.0]]>
              </value>
            </param>
            <param index="20">
              <value>
                <![CDATA[0]]>
              </value>
            </param>
            <param index="21">
              <value>
                <![CDATA[4444]]>
              </value>
            </param>
            <param index="22">
              <value>
                <![CDATA[90]]>
              </value>
            </param>
            <param index="23">
              <value>
                <![CDATA[]]>
              </value>
            </param>
            <param index="24">
              <value>
                <![CDATA[10]]>
              </value>
            </param>
            <param index="25">
              <value>
                <![CDATA[3891]]>
              </value>
            </param>
          </params>
          <reporter-output>
            <line>
              <![CDATA[Test parameteres: ]]>
            </line>
            <line>
              <![CDATA[userName: admin]]>
            </line>
            <line>
              <![CDATA[userPass: 1234]]>
            </line>
            <line>
              <![CDATA[loin_ip: 10.7.0.66]]>
            </line>
            <line>
              <![CDATA[port: 5555]]>
            </line>
            <line>
              <![CDATA[stream: autrtmp]]>
            </line>
            <line>
              <![CDATA[streamname: autrtmp]]>
            </line>
            <line>
              <![CDATA[host: 10.7.0.150]]>
            </line>
            <line>
              <![CDATA[id: autrtmp]]>
            </line>
            <line>
              <![CDATA[rtp: 0]]>
            </line>
            <line>
              <![CDATA[fec: 0]]>
            </line>
            <line>
              <![CDATA[smoothing: 0]]>
            </line>
            <line>
              <![CDATA[ttl: 5]]>
            </line>
            <line>
              <![CDATA[remux_bitrate: 0]]>
            </line>
            <line>
              <![CDATA[df: 0]]>
            </line>
            <line>
              <![CDATA[local_port: -- not provided ]]>
            </line>
            <line>
              <![CDATA[dec_key: -- not provided ]]>
            </line>
            <line>
              <![CDATA[type: TS]]>
            </line>
            <line>
              <![CDATA[rows: 10]]>
            </line>
            <line>
              <![CDATA[remux_buff: 1000]]>
            </line>
            <line>
              <![CDATA[local_ip: 0.0.0.0]]>
            </line>
            <line>
              <![CDATA[remux_restampdts: 0]]>
            </line>
            <line>
              <![CDATA[uiport: 4444]]>
            </line>
            <line>
              <![CDATA[remux_pcr: 90]]>
            </line>
            <line>
              <![CDATA[dec_type: -- not provided ]]>
            </line>
            <line>
              <![CDATA[cols: 10]]>
            </line>
          </reporter-output>
        </test-method> <!-- broadcasterPullInCreation -->
        <test-method status="PASS" signature="afterTest(java.lang.reflect.Method, org.testng.ITestResult)[pri:0, instance:com.zixi.testing.BroadcasterUDPOutputStreamCreationTest@5b464ce8]" name="afterTest" is-config="true" duration-ms="34" started-at="2016-05-17T17:48:45Z" finished-at="2016-05-17T17:48:46Z">
          <params>
            <param index="0">
              <value>
                <![CDATA[public void com.zixi.testing.BroadcasterUDPOutputStreamCreationTest.broadcasterPullInCreation(java.lang.String,java.lang.String,java.lang.String,java.lang.String,java.lang.String,java.lang.String,java.lang.String,java.lang.String,java.lang.String,java.lang.String,java.lang.String,java.lang.String,java.lang.String,java.lang.String,java.lang.String,java.lang.String,java.lang.String,java.lang.String,java.lang.String,java.lang.String,java.lang.String,java.lang.String,java.lang.String,java.lang.String,java.lang.String,java.lang.String) throws java.lang.InterruptedException]]>
              </value>
            </param>
            <param index="1">
              <value>
                <![CDATA[[TestResult name=broadcasterPullInCreation status=SUCCESS method=BroadcasterUDPOutputStreamCreationTest.broadcasterPullInCreation(java.lang.String, java.lang.String, java.lang.String, java.lang.String, java.lang.String, java.lang.String, java.lang.String, java.lang.String, java.lang.String, java.lang.String, java.lang.String, java.lang.String, java.lang.String, java.lang.String, java.lang.String, java.lang.String, java.lang.String, java.lang.String, java.lang.String, java.lang.String, java.lang.String, java.lang.String, java.lang.String, java.lang.String, java.lang.String, java.lang.String)[pri:0, instance:com.zixi.testing.BroadcasterUDPOutputStreamCreationTest@5b464ce8] output=Test parameteres: ]]]>
              </value>
            </param>
          </params>
          <reporter-output>
          </reporter-output>
        </test-method> <!-- afterTest -->
      </class> <!-- com.zixi.testing.BroadcasterUDPOutputStreamCreationTest -->
    </test> <!-- Broadcaster - UDP output stream creation automatic RTMP output -->
    <test name="FFMPEG test automatic RTMP output" duration-ms="60906" started-at="2016-05-17T14:48:46Z" finished-at="2016-05-17T14:49:46Z">
      <class name="com.zixi.testing.FFMPEGImageStatisticTest">
        <test-method status="PASS" signature="testInit()[pri:0, instance:com.zixi.testing.FFMPEGImageStatisticTest@71be98f5]" name="testInit" is-config="true" duration-ms="1" started-at="2016-05-17T17:48:46Z" finished-at="2016-05-17T17:48:46Z">
          <reporter-output>
          </reporter-output>
        </test-method> <!-- testInit -->
        <test-method status="PASS" signature="startTest(org.testng.ITestContext)[pri:0, instance:com.zixi.testing.FFMPEGImageStatisticTest@71be98f5]" name="startTest" is-config="true" duration-ms="0" started-at="2016-05-17T17:48:46Z" finished-at="2016-05-17T17:48:46Z">
          <params>
            <param index="0">
              <value>
                <![CDATA[org.testng.TestRunner@282003e1]]>
              </value>
            </param>
          </params>
          <reporter-output>
          </reporter-output>
        </test-method> <!-- startTest -->
        <test-method status="PASS" signature="beforeTes(java.lang.String)[pri:0, instance:com.zixi.testing.FFMPEGImageStatisticTest@71be98f5]" name="beforeTes" is-config="true" duration-ms="45" started-at="2016-05-17T17:48:46Z" finished-at="2016-05-17T17:48:46Z">
          <params>
            <param index="0">
              <value>
                <![CDATA[1009]]>
              </value>
            </param>
          </params>
          <reporter-output>
          </reporter-output>
        </test-method> <!-- beforeTes -->
        <test-method status="PASS" signature="broadcasterSingleInputStreamStatisticAnilyzer(java.lang.String)[pri:0, instance:com.zixi.testing.FFMPEGImageStatisticTest@71be98f5]" name="broadcasterSingleInputStreamStatisticAnilyzer" duration-ms="60817" started-at="2016-05-17T17:48:46Z" finished-at="2016-05-17T17:49:46Z">
          <params>
            <param index="0">
              <value>
                <![CDATA[1009]]>
              </value>
            </param>
          </params>
          <reporter-output>
            <line>
              <![CDATA[FFMPEG success measurement relation: 10 / 10]]>
            </line>
          </reporter-output>
        </test-method> <!-- broadcasterSingleInputStreamStatisticAnilyzer -->
        <test-method status="PASS" signature="afterTest(java.lang.reflect.Method, org.testng.ITestResult)[pri:0, instance:com.zixi.testing.FFMPEGImageStatisticTest@71be98f5]" name="afterTest" is-config="true" duration-ms="40" started-at="2016-05-17T17:49:46Z" finished-at="2016-05-17T17:49:46Z">
          <params>
            <param index="0">
              <value>
                <![CDATA[public void com.zixi.testing.FFMPEGImageStatisticTest.broadcasterSingleInputStreamStatisticAnilyzer(java.lang.String) throws java.lang.InterruptedException]]>
              </value>
            </param>
            <param index="1">
              <value>
                <![CDATA[[TestResult name=broadcasterSingleInputStreamStatisticAnilyzer status=SUCCESS method=FFMPEGImageStatisticTest.broadcasterSingleInputStreamStatisticAnilyzer(java.lang.String)[pri:0, instance:com.zixi.testing.FFMPEGImageStatisticTest@71be98f5] output=FFMPEG success measurement relation: 10 / 10]]]>
              </value>
            </param>
          </params>
          <reporter-output>
          </reporter-output>
        </test-method> <!-- afterTest -->
      </class> <!-- com.zixi.testing.FFMPEGImageStatisticTest -->
    </test> <!-- FFMPEG test automatic RTMP output -->
    <test name="Broadcaster - Remove udp output - automatic RTMP output" duration-ms="90" started-at="2016-05-17T14:49:46Z" finished-at="2016-05-17T14:49:47Z">
      <class name="com.zixi.testing.BroadcaserSingleOutputStreamDeletionTest">
        <test-method status="PASS" signature="startTest(org.testng.ITestContext)[pri:0, instance:com.zixi.testing.BroadcaserSingleOutputStreamDeletionTest@3796751b]" name="startTest" is-config="true" duration-ms="1" started-at="2016-05-17T17:49:46Z" finished-at="2016-05-17T17:49:46Z">
          <params>
            <param index="0">
              <value>
                <![CDATA[org.testng.TestRunner@5606c0b]]>
              </value>
            </param>
          </params>
          <reporter-output>
          </reporter-output>
        </test-method> <!-- startTest -->
        <test-method status="PASS" signature="testInit()[pri:0, instance:com.zixi.testing.BroadcaserSingleOutputStreamDeletionTest@3796751b]" name="testInit" is-config="true" duration-ms="2" started-at="2016-05-17T17:49:46Z" finished-at="2016-05-17T17:49:46Z">
          <reporter-output>
          </reporter-output>
        </test-method> <!-- testInit -->
        <test-method status="PASS" signature="beforeTes(java.lang.String)[pri:0, instance:com.zixi.testing.BroadcaserSingleOutputStreamDeletionTest@3796751b]" name="beforeTes" is-config="true" duration-ms="37" started-at="2016-05-17T17:49:46Z" finished-at="2016-05-17T17:49:46Z">
          <params>
            <param index="0">
              <value>
                <![CDATA[3893]]>
              </value>
            </param>
          </params>
          <reporter-output>
          </reporter-output>
        </test-method> <!-- beforeTes -->
        <test-method status="PASS" signature="broadcasterSingleStreamRemoving(java.lang.String, java.lang.String, java.lang.String, java.lang.String, java.lang.String, java.lang.String)[pri:0, instance:com.zixi.testing.BroadcaserSingleOutputStreamDeletionTest@3796751b]" name="broadcasterSingleStreamRemoving" duration-ms="12" started-at="2016-05-17T17:49:46Z" finished-at="2016-05-17T17:49:46Z">
          <params>
            <param index="0">
              <value>
                <![CDATA[10.7.0.66]]>
              </value>
            </param>
            <param index="1">
              <value>
                <![CDATA[admin]]>
              </value>
            </param>
            <param index="2">
              <value>
                <![CDATA[1234]]>
              </value>
            </param>
            <param index="3">
              <value>
                <![CDATA[autrtmp]]>
              </value>
            </param>
            <param index="4">
              <value>
                <![CDATA[4444]]>
              </value>
            </param>
            <param index="5">
              <value>
                <![CDATA[3893]]>
              </value>
            </param>
          </params>
          <reporter-output>
            <line>
              <![CDATA[Test parameteres: ]]>
            </line>
            <line>
              <![CDATA[login_ip: 10.7.0.66]]>
            </line>
            <line>
              <![CDATA[userName: admin]]>
            </line>
            <line>
              <![CDATA[userPassword: 1234]]>
            </line>
            <line>
              <![CDATA[name: autrtmp]]>
            </line>
            <line>
              <![CDATA[uiport: 4444]]>
            </line>
          </reporter-output>
        </test-method> <!-- broadcasterSingleStreamRemoving -->
        <test-method status="PASS" signature="afterTest(java.lang.reflect.Method, org.testng.ITestResult)[pri:0, instance:com.zixi.testing.BroadcaserSingleOutputStreamDeletionTest@3796751b]" name="afterTest" is-config="true" duration-ms="38" started-at="2016-05-17T17:49:46Z" finished-at="2016-05-17T17:49:47Z">
          <params>
            <param index="0">
              <value>
                <![CDATA[public void com.zixi.testing.BroadcaserSingleOutputStreamDeletionTest.broadcasterSingleStreamRemoving(java.lang.String,java.lang.String,java.lang.String,java.lang.String,java.lang.String,java.lang.String) throws java.lang.InterruptedException]]>
              </value>
            </param>
            <param index="1">
              <value>
                <![CDATA[[TestResult name=broadcasterSingleStreamRemoving status=SUCCESS method=BroadcaserSingleOutputStreamDeletionTest.broadcasterSingleStreamRemoving(java.lang.String, java.lang.String, java.lang.String, java.lang.String, java.lang.String, java.lang.String)[pri:0, instance:com.zixi.testing.BroadcaserSingleOutputStreamDeletionTest@3796751b] output=Test parameteres: ]]]>
              </value>
            </param>
          </params>
          <reporter-output>
          </reporter-output>
        </test-method> <!-- afterTest -->
      </class> <!-- com.zixi.testing.BroadcaserSingleOutputStreamDeletionTest -->
    </test> <!-- Broadcaster - Remove udp output - automatic RTMP output -->
    <test name="Feeder - output stream deletion test - automatic RTMP output" duration-ms="84" started-at="2016-05-17T14:49:47Z" finished-at="2016-05-17T14:49:47Z">
      <class name="com.zixi.testing.FeederOutputDeletioinTest">
        <test-method status="PASS" signature="startTest(org.testng.ITestContext)[pri:0, instance:com.zixi.testing.FeederOutputDeletioinTest@2f7a2457]" name="startTest" is-config="true" duration-ms="1" started-at="2016-05-17T17:49:47Z" finished-at="2016-05-17T17:49:47Z">
          <params>
            <param index="0">
              <value>
                <![CDATA[org.testng.TestRunner@473b46c3]]>
              </value>
            </param>
          </params>
          <reporter-output>
          </reporter-output>
        </test-method> <!-- startTest -->
        <test-method status="PASS" signature="testInit()[pri:0, instance:com.zixi.testing.FeederOutputDeletioinTest@2f7a2457]" name="testInit" is-config="true" duration-ms="1" started-at="2016-05-17T17:49:47Z" finished-at="2016-05-17T17:49:47Z">
          <reporter-output>
          </reporter-output>
        </test-method> <!-- testInit -->
        <test-method status="PASS" signature="beforeTes(java.lang.String)[pri:0, instance:com.zixi.testing.FeederOutputDeletioinTest@2f7a2457]" name="beforeTes" is-config="true" duration-ms="39" started-at="2016-05-17T17:49:47Z" finished-at="2016-05-17T17:49:47Z">
          <params>
            <param index="0">
              <value>
                <![CDATA[1013]]>
              </value>
            </param>
          </params>
          <reporter-output>
          </reporter-output>
        </test-method> <!-- beforeTes -->
        <test-method status="PASS" signature="broadcasterSingleStreamRemoving(java.lang.String, java.lang.String, java.lang.String, java.lang.String, java.lang.String, java.lang.String, java.lang.String, java.lang.String, java.lang.String, java.lang.String, java.lang.String, java.lang.String, java.lang.String)[pri:0, instance:com.zixi.testing.FeederOutputDeletioinTest@2f7a2457]" name="broadcasterSingleStreamRemoving" duration-ms="7" started-at="2016-05-17T17:49:47Z" finished-at="2016-05-17T17:49:47Z">
          <params>
            <param index="0">
              <value>
                <![CDATA[admin]]>
              </value>
            </param>
            <param index="1">
              <value>
                <![CDATA[1234]]>
              </value>
            </param>
            <param index="2">
              <value>
                <![CDATA[10.7.0.65]]>
              </value>
            </param>
            <param index="3">
              <value>
                <![CDATA[4200]]>
              </value>
            </param>
            <param index="4">
              <value>
                <![CDATA[feederout]]>
              </value>
            </param>
            <param index="5">
              <value>
                <![CDATA[live_recording.ts]]>
              </value>
            </param>
            <param index="6">
              <value>
                <![CDATA[0]]>
              </value>
            </param>
            <param index="7">
              <value>
                <![CDATA[file]]>
              </value>
            </param>
            <param index="8">
              <value>
                <![CDATA[1]]>
              </value>
            </param>
            <param index="9">
              <value>
                <![CDATA[-1]]>
              </value>
            </param>
            <param index="10">
              <value>
                <![CDATA[2]]>
              </value>
            </param>
            <param index="11">
              <value>
                <![CDATA[10.7.0.63]]>
              </value>
            </param>
            <param index="12">
              <value>
                <![CDATA[1013]]>
              </value>
            </param>
          </params>
          <reporter-output>
            <line>
              <![CDATA[Test parameteres: ]]>
            </line>
            <line>
              <![CDATA[userName: admin]]>
            </line>
            <line>
              <![CDATA[userPass: 1234]]>
            </line>
            <line>
              <![CDATA[login_ip: 10.7.0.65]]>
            </line>
            <line>
              <![CDATA[uiport: 4200]]>
            </line>
            <line>
              <![CDATA[id: feederout]]>
            </line>
            <line>
              <![CDATA[mip: live_recording.ts]]>
            </line>
            <line>
              <![CDATA[port: 0]]>
            </line>
            <line>
              <![CDATA[ip: file]]>
            </line>
            <line>
              <![CDATA[prog: 1]]>
            </line>
            <line>
              <![CDATA[chan: -1]]>
            </line>
            <line>
              <![CDATA[type: 2]]>
            </line>
            <line>
              <![CDATA[host: 10.7.0.63]]>
            </line>
          </reporter-output>
        </test-method> <!-- broadcasterSingleStreamRemoving -->
        <test-method status="PASS" signature="afterTest(java.lang.reflect.Method, org.testng.ITestResult)[pri:0, instance:com.zixi.testing.FeederOutputDeletioinTest@2f7a2457]" name="afterTest" is-config="true" duration-ms="35" started-at="2016-05-17T17:49:47Z" finished-at="2016-05-17T17:49:47Z">
          <params>
            <param index="0">
              <value>
                <![CDATA[public void com.zixi.testing.FeederOutputDeletioinTest.broadcasterSingleStreamRemoving(java.lang.String,java.lang.String,java.lang.String,java.lang.String,java.lang.String,java.lang.String,java.lang.String,java.lang.String,java.lang.String,java.lang.String,java.lang.String,java.lang.String,java.lang.String) throws java.lang.InterruptedException]]>
              </value>
            </param>
            <param index="1">
              <value>
                <![CDATA[[TestResult name=broadcasterSingleStreamRemoving status=SUCCESS method=FeederOutputDeletioinTest.broadcasterSingleStreamRemoving(java.lang.String, java.lang.String, java.lang.String, java.lang.String, java.lang.String, java.lang.String, java.lang.String, java.lang.String, java.lang.String, java.lang.String, java.lang.String, java.lang.String, java.lang.String)[pri:0, instance:com.zixi.testing.FeederOutputDeletioinTest@2f7a2457] output=Test parameteres: ]]]>
              </value>
            </param>
          </params>
          <reporter-output>
          </reporter-output>
        </test-method> <!-- afterTest -->
      </class> <!-- com.zixi.testing.FeederOutputDeletioinTest -->
    </test> <!-- Feeder - output stream deletion test - automatic RTMP output -->
    <test name="Broadcaster - Remove Push input stream - automatic RTMP output" duration-ms="74" started-at="2016-05-17T14:49:47Z" finished-at="2016-05-17T14:49:47Z">
      <class name="com.zixi.testing.BroadcasterSingleInputStreamDeletionTest">
        <test-method status="PASS" signature="startTest(org.testng.ITestContext)[pri:0, instance:com.zixi.testing.BroadcasterSingleInputStreamDeletionTest@6aaa5eb0]" name="startTest" is-config="true" duration-ms="0" started-at="2016-05-17T17:49:47Z" finished-at="2016-05-17T17:49:47Z">
          <params>
            <param index="0">
              <value>
                <![CDATA[org.testng.TestRunner@525b461a]]>
              </value>
            </param>
          </params>
          <reporter-output>
          </reporter-output>
        </test-method> <!-- startTest -->
        <test-method status="PASS" signature="testInit()[pri:0, instance:com.zixi.testing.BroadcasterSingleInputStreamDeletionTest@6aaa5eb0]" name="testInit" is-config="true" duration-ms="1" started-at="2016-05-17T17:49:47Z" finished-at="2016-05-17T17:49:47Z">
          <reporter-output>
          </reporter-output>
        </test-method> <!-- testInit -->
        <test-method status="PASS" signature="beforeTes(java.lang.String)[pri:0, instance:com.zixi.testing.BroadcasterSingleInputStreamDeletionTest@6aaa5eb0]" name="beforeTes" is-config="true" duration-ms="33" started-at="2016-05-17T17:49:47Z" finished-at="2016-05-17T17:49:47Z">
          <params>
            <param index="0">
              <value>
                <![CDATA[1015]]>
              </value>
            </param>
          </params>
          <reporter-output>
          </reporter-output>
        </test-method> <!-- beforeTes -->
        <test-method status="PASS" signature="broadcasterInputStreamDeletion(java.lang.String, java.lang.String, java.lang.String, java.lang.String, java.lang.String, java.lang.String)[pri:0, instance:com.zixi.testing.BroadcasterSingleInputStreamDeletionTest@6aaa5eb0]" name="broadcasterInputStreamDeletion" duration-ms="8" started-at="2016-05-17T17:49:47Z" finished-at="2016-05-17T17:49:47Z">
          <params>
            <param index="0">
              <value>
                <![CDATA[10.7.0.63]]>
              </value>
            </param>
            <param index="1">
              <value>
                <![CDATA[admin]]>
              </value>
            </param>
            <param index="2">
              <value>
                <![CDATA[1234]]>
              </value>
            </param>
            <param index="3">
              <value>
                <![CDATA[feederout]]>
              </value>
            </param>
            <param index="4">
              <value>
                <![CDATA[4444]]>
              </value>
            </param>
            <param index="5">
              <value>
                <![CDATA[1015]]>
              </value>
            </param>
          </params>
          <reporter-output>
            <line>
              <![CDATA[Test parameteres: ]]>
            </line>
            <line>
              <![CDATA[login_ip: 10.7.0.63]]>
            </line>
            <line>
              <![CDATA[userName: admin]]>
            </line>
            <line>
              <![CDATA[userPassword: 1234]]>
            </line>
            <line>
              <![CDATA[streamId: feederout]]>
            </line>
            <line>
              <![CDATA[uiport: 4444]]>
            </line>
            <line>
              <![CDATA[Stream feederout removed.]]>
            </line>
          </reporter-output>
        </test-method> <!-- broadcasterInputStreamDeletion -->
        <test-method status="PASS" signature="afterTest(java.lang.reflect.Method, org.testng.ITestResult)[pri:0, instance:com.zixi.testing.BroadcasterSingleInputStreamDeletionTest@6aaa5eb0]" name="afterTest" is-config="true" duration-ms="32" started-at="2016-05-17T17:49:47Z" finished-at="2016-05-17T17:49:47Z">
          <params>
            <param index="0">
              <value>
                <![CDATA[public void com.zixi.testing.BroadcasterSingleInputStreamDeletionTest.broadcasterInputStreamDeletion(java.lang.String,java.lang.String,java.lang.String,java.lang.String,java.lang.String,java.lang.String) throws java.lang.InterruptedException]]>
              </value>
            </param>
            <param index="1">
              <value>
                <![CDATA[[TestResult name=broadcasterInputStreamDeletion status=SUCCESS method=BroadcasterSingleInputStreamDeletionTest.broadcasterInputStreamDeletion(java.lang.String, java.lang.String, java.lang.String, java.lang.String, java.lang.String, java.lang.String)[pri:0, instance:com.zixi.testing.BroadcasterSingleInputStreamDeletionTest@6aaa5eb0] output=Test parameteres: ]]]>
              </value>
            </param>
          </params>
          <reporter-output>
          </reporter-output>
        </test-method> <!-- afterTest -->
      </class> <!-- com.zixi.testing.BroadcasterSingleInputStreamDeletionTest -->
    </test> <!-- Broadcaster - Remove Push input stream - automatic RTMP output -->
    <test name="Set broadcaster1 RTMP settings off - automatic RTMP output" duration-ms="76" started-at="2016-05-17T14:49:47Z" finished-at="2016-05-17T14:49:47Z">
      <class name="com.zixi.testing.BroadcasterSetRtmpSettingsTest">
        <test-method status="PASS" signature="testInit()[pri:0, instance:com.zixi.testing.BroadcasterSetRtmpSettingsTest@668bc3d5]" name="testInit" is-config="true" duration-ms="0" started-at="2016-05-17T17:49:47Z" finished-at="2016-05-17T17:49:47Z">
          <reporter-output>
          </reporter-output>
        </test-method> <!-- testInit -->
        <test-method status="PASS" signature="startTest(org.testng.ITestContext)[pri:0, instance:com.zixi.testing.BroadcasterSetRtmpSettingsTest@668bc3d5]" name="startTest" is-config="true" duration-ms="0" started-at="2016-05-17T17:49:47Z" finished-at="2016-05-17T17:49:47Z">
          <params>
            <param index="0">
              <value>
                <![CDATA[org.testng.TestRunner@1b68b9a4]]>
              </value>
            </param>
          </params>
          <reporter-output>
          </reporter-output>
        </test-method> <!-- startTest -->
        <test-method status="PASS" signature="beforeTes(java.lang.String)[pri:0, instance:com.zixi.testing.BroadcasterSetRtmpSettingsTest@668bc3d5]" name="beforeTes" is-config="true" duration-ms="31" started-at="2016-05-17T17:49:47Z" finished-at="2016-05-17T17:49:47Z">
          <params>
            <param index="0">
              <value>
                <![CDATA[3895]]>
              </value>
            </param>
          </params>
          <reporter-output>
          </reporter-output>
        </test-method> <!-- beforeTes -->
        <test-method status="PASS" signature="broadcasterSingleStreamRemoving(java.lang.String, java.lang.String, java.lang.String, java.lang.String, java.lang.String, java.lang.String, java.lang.String, java.lang.String, java.lang.String, java.lang.String, java.lang.String)[pri:0, instance:com.zixi.testing.BroadcasterSetRtmpSettingsTest@668bc3d5]" name="broadcasterSingleStreamRemoving" duration-ms="9" started-at="2016-05-17T17:49:47Z" finished-at="2016-05-17T17:49:47Z">
          <params>
            <param index="0">
              <value>
                <![CDATA[admin]]>
              </value>
            </param>
            <param index="1">
              <value>
                <![CDATA[1234]]>
              </value>
            </param>
            <param index="2">
              <value>
                <![CDATA[10.7.0.63]]>
              </value>
            </param>
            <param index="3">
              <value>
                <![CDATA[4444]]>
              </value>
            </param>
            <param index="4">
              <value>
                <![CDATA[1]]>
              </value>
            </param>
            <param index="5">
              <value>
                <![CDATA[1935]]>
              </value>
            </param>
            <param index="6">
              <value>
                <![CDATA[1]]>
              </value>
            </param>
            <param index="7">
              <value>
                <![CDATA[1]]>
              </value>
            </param>
            <param index="8">
              <value>
                <![CDATA[90]]>
              </value>
            </param>
            <param index="9">
              <value>
                <![CDATA[0]]>
              </value>
            </param>
            <param index="10">
              <value>
                <![CDATA[3895]]>
              </value>
            </param>
          </params>
          <reporter-output>
          </reporter-output>
        </test-method> <!-- broadcasterSingleStreamRemoving -->
        <test-method status="PASS" signature="afterTest(java.lang.reflect.Method, org.testng.ITestResult)[pri:0, instance:com.zixi.testing.BroadcasterSetRtmpSettingsTest@668bc3d5]" name="afterTest" is-config="true" duration-ms="34" started-at="2016-05-17T17:49:47Z" finished-at="2016-05-17T17:49:47Z">
          <params>
            <param index="0">
              <value>
                <![CDATA[public void com.zixi.testing.BroadcasterSetRtmpSettingsTest.broadcasterSingleStreamRemoving(java.lang.String,java.lang.String,java.lang.String,java.lang.String,java.lang.String,java.lang.String,java.lang.String,java.lang.String,java.lang.String,java.lang.String,java.lang.String) throws java.lang.InterruptedException]]>
              </value>
            </param>
            <param index="1">
              <value>
                <![CDATA[[TestResult name=broadcasterSingleStreamRemoving status=SUCCESS method=BroadcasterSetRtmpSettingsTest.broadcasterSingleStreamRemoving(java.lang.String, java.lang.String, java.lang.String, java.lang.String, java.lang.String, java.lang.String, java.lang.String, java.lang.String, java.lang.String, java.lang.String, java.lang.String)[pri:0, instance:com.zixi.testing.BroadcasterSetRtmpSettingsTest@668bc3d5] output={null}]]]>
              </value>
            </param>
          </params>
          <reporter-output>
          </reporter-output>
        </test-method> <!-- afterTest -->
      </class> <!-- com.zixi.testing.BroadcasterSetRtmpSettingsTest -->
    </test> <!-- Set broadcaster1 RTMP settings off - automatic RTMP output -->
    <test name="Set broadcaster2 RTMP settings off automatic - RTMP output" duration-ms="69" started-at="2016-05-17T14:49:47Z" finished-at="2016-05-17T14:49:47Z">
      <class name="com.zixi.testing.BroadcasterSetRtmpSettingsTest">
        <test-method status="PASS" signature="testInit()[pri:0, instance:com.zixi.testing.BroadcasterSetRtmpSettingsTest@73f792cf]" name="testInit" is-config="true" duration-ms="0" started-at="2016-05-17T17:49:47Z" finished-at="2016-05-17T17:49:47Z">
          <reporter-output>
          </reporter-output>
        </test-method> <!-- testInit -->
        <test-method status="PASS" signature="beforeTes(java.lang.String)[pri:0, instance:com.zixi.testing.BroadcasterSetRtmpSettingsTest@73f792cf]" name="beforeTes" is-config="true" duration-ms="31" started-at="2016-05-17T17:49:47Z" finished-at="2016-05-17T17:49:47Z">
          <params>
            <param index="0">
              <value>
                <![CDATA[3897]]>
              </value>
            </param>
          </params>
          <reporter-output>
          </reporter-output>
        </test-method> <!-- beforeTes -->
        <test-method status="PASS" signature="startTest(org.testng.ITestContext)[pri:0, instance:com.zixi.testing.BroadcasterSetRtmpSettingsTest@73f792cf]" name="startTest" is-config="true" duration-ms="0" started-at="2016-05-17T17:49:47Z" finished-at="2016-05-17T17:49:47Z">
          <params>
            <param index="0">
              <value>
                <![CDATA[org.testng.TestRunner@44a664f2]]>
              </value>
            </param>
          </params>
          <reporter-output>
          </reporter-output>
        </test-method> <!-- startTest -->
        <test-method status="PASS" signature="broadcasterSingleStreamRemoving(java.lang.String, java.lang.String, java.lang.String, java.lang.String, java.lang.String, java.lang.String, java.lang.String, java.lang.String, java.lang.String, java.lang.String, java.lang.String)[pri:0, instance:com.zixi.testing.BroadcasterSetRtmpSettingsTest@73f792cf]" name="broadcasterSingleStreamRemoving" duration-ms="7" started-at="2016-05-17T17:49:47Z" finished-at="2016-05-17T17:49:47Z">
          <params>
            <param index="0">
              <value>
                <![CDATA[admin]]>
              </value>
            </param>
            <param index="1">
              <value>
                <![CDATA[1234]]>
              </value>
            </param>
            <param index="2">
              <value>
                <![CDATA[10.7.0.66]]>
              </value>
            </param>
            <param index="3">
              <value>
                <![CDATA[4444]]>
              </value>
            </param>
            <param index="4">
              <value>
                <![CDATA[1]]>
              </value>
            </param>
            <param index="5">
              <value>
                <![CDATA[1935]]>
              </value>
            </param>
            <param index="6">
              <value>
                <![CDATA[1]]>
              </value>
            </param>
            <param index="7">
              <value>
                <![CDATA[1]]>
              </value>
            </param>
            <param index="8">
              <value>
                <![CDATA[90]]>
              </value>
            </param>
            <param index="9">
              <value>
                <![CDATA[0]]>
              </value>
            </param>
            <param index="10">
              <value>
                <![CDATA[3897]]>
              </value>
            </param>
          </params>
          <reporter-output>
          </reporter-output>
        </test-method> <!-- broadcasterSingleStreamRemoving -->
        <test-method status="PASS" signature="afterTest(java.lang.reflect.Method, org.testng.ITestResult)[pri:0, instance:com.zixi.testing.BroadcasterSetRtmpSettingsTest@73f792cf]" name="afterTest" is-config="true" duration-ms="30" started-at="2016-05-17T17:49:47Z" finished-at="2016-05-17T17:49:47Z">
          <params>
            <param index="0">
              <value>
                <![CDATA[public void com.zixi.testing.BroadcasterSetRtmpSettingsTest.broadcasterSingleStreamRemoving(java.lang.String,java.lang.String,java.lang.String,java.lang.String,java.lang.String,java.lang.String,java.lang.String,java.lang.String,java.lang.String,java.lang.String,java.lang.String) throws java.lang.InterruptedException]]>
              </value>
            </param>
            <param index="1">
              <value>
                <![CDATA[[TestResult name=broadcasterSingleStreamRemoving status=SUCCESS method=BroadcasterSetRtmpSettingsTest.broadcasterSingleStreamRemoving(java.lang.String, java.lang.String, java.lang.String, java.lang.String, java.lang.String, java.lang.String, java.lang.String, java.lang.String, java.lang.String, java.lang.String, java.lang.String)[pri:0, instance:com.zixi.testing.BroadcasterSetRtmpSettingsTest@73f792cf] output={null}]]]>
              </value>
            </param>
          </params>
          <reporter-output>
          </reporter-output>
        </test-method> <!-- afterTest -->
      </class> <!-- com.zixi.testing.BroadcasterSetRtmpSettingsTest -->
    </test> <!-- Set broadcaster2 RTMP settings off automatic - RTMP output -->
  </suite> <!-- Automatic RTMP from broadcaster while Feeder input -->
</testng-results>
