<?xml version="1.0" encoding="UTF-8"?>
<!-- Generated by org.testng.reporters.JUnitXMLReporter -->
<testsuite hostname="yuri-PC" name="Broadcaster - Pull input stream creation test - default paremeters " tests="1" failures="0" timestamp="10 Nov 2015 12:13:03 GMT" time="0.165" errors="0">
  <testcase name="broadcasterPullInCreation" time="0.033" classname="com.zixi.testing.BroadcasterSinglePullInStreamCreationTest"/>
</testsuite> <!-- Broadcaster - Pull input stream creation test - default paremeters  -->
