<?xml version="1.0" encoding="UTF-8"?>
<!-- Generated by org.testng.reporters.JUnitXMLReporter -->
<testsuite hostname="yuri-PC" name="pull input statistic 2, this test is depends on a previous test." tests="1" failures="0" timestamp="12 Oct 2015 11:44:00 GMT" time="19.04" errors="0">
  <testcase name="broadcasterSingleInputStreamstatisticAnilyzer" time="19.036" classname="com.zixi.testing.BroadcasterInputStatisticSingleStreamTest"/>
</testsuite> <!-- pull input statistic 2, this test is depends on a previous test. -->
